condor_exec.exe: line 5: setenv: command not found
condor_exec.exe: line 5: setenv: command not found
condor_exec.exe: line 5: setenv: command not found
condor_exec.exe: line 5: setenv: command not found
condor_exec.exe: line 5: setenv: command not found
condor_exec.exe: line 5: setenv: command not found
condor_exec.exe: line 5: setenv: command not found
condor_exec.exe: line 5: setenv: command not found
condor_exec.exe: line 5: setenv: command not found
condor_exec.exe: line 5: setenv: command not found
condor_exec.exe: line 5: setenv: command not found
condor_exec.exe: line 5: setenv: command not found
condor_exec.exe: line 5: setenv: command not found
condor_exec.exe: line 5: setenv: command not found
condor_exec.exe: line 5: setenv: command not found
condor_exec.exe: line 5: setenv: command not found
condor_exec.exe: line 5: setenv: command not found
condor_exec.exe: line 5: setenv: command not found
condor_exec.exe: line 5: setenv: command not found
condor_exec.exe: line 5: setenv: command not found
condor_exec.exe: line 5: setenv: command not found
condor_exec.exe: line 5: setenv: command not found
condor_exec.exe: line 5: setenv: command not found
condor_exec.exe: line 5: setenv: command not found
condor_exec.exe: line 5: setenv: command not found
condor_exec.exe: line 5: setenv: command not found
condor_exec.exe: line 5: setenv: command not found
condor_exec.exe: line 5: setenv: command not found
condor_exec.exe: line 5: setenv: command not found
condor_exec.exe: line 5: setenv: command not found
condor_exec.exe: line 5: setenv: command not found
condor_exec.exe: line 5: setenv: command not found
condor_exec.exe: line 5: setenv: command not found
condor_exec.exe: line 5: setenv: command not found
condor_exec.exe: line 5: setenv: command not found
condor_exec.exe: line 5: setenv: command not found
condor_exec.exe: line 5: setenv: command not found
condor_exec.exe: line 5: setenv: command not found
condor_exec.exe: line 5: setenv: command not found
condor_exec.exe: line 5: setenv: command not found
condor_exec.exe: line 5: setenv: command not found
condor_exec.exe: line 5: setenv: command not found
condor_exec.exe: line 5: setenv: command not found
condor_exec.exe: line 5: setenv: command not found
condor_exec.exe: line 5: setenv: command not found
condor_exec.exe: line 5: setenv: command not found
condor_exec.exe: line 5: setenv: command not found
condor_exec.exe: line 5: setenv: command not found
condor_exec.exe: line 5: setenv: command not found
condor_exec.exe: line 5: setenv: command not found
condor_exec.exe: line 5: setenv: command not found
condor_exec.exe: line 5: setenv: command not found
condor_exec.exe: line 5: setenv: command not found
condor_exec.exe: line 5: setenv: command not found
condor_exec.exe: line 5: setenv: command not found
condor_exec.exe: line 5: setenv: command not found
condor_exec.exe: line 5: setenv: command not found
condor_exec.exe: line 5: setenv: command not found
condor_exec.exe: line 5: setenv: command not found
condor_exec.exe: line 5: setenv: command not found
condor_exec.exe: line 5: setenv: command not found
condor_exec.exe: line 5: setenv: command not found
condor_exec.exe: line 5: setenv: command not found
condor_exec.exe: line 5: setenv: command not found
condor_exec.exe: line 5: setenv: command not found
condor_exec.exe: line 5: setenv: command not found
condor_exec.exe: line 5: setenv: command not found
condor_exec.exe: line 5: setenv: command not found
condor_exec.exe: line 5: setenv: command not found
condor_exec.exe: line 5: setenv: command not found
condor_exec.exe: line 5: setenv: command not found
condor_exec.exe: line 5: setenv: command not found
condor_exec.exe: line 5: setenv: command not found
condor_exec.exe: line 5: setenv: command not found
condor_exec.exe: line 5: setenv: command not found
condor_exec.exe: line 5: setenv: command not found
condor_exec.exe: line 5: setenv: command not found
condor_exec.exe: line 5: setenv: command not found
condor_exec.exe: line 5: setenv: command not found
condor_exec.exe: line 5: setenv: command not found
condor_exec.exe: line 5: setenv: command not found
condor_exec.exe: line 5: setenv: command not found
condor_exec.exe: line 5: setenv: command not found
condor_exec.exe: line 5: setenv: command not found
condor_exec.exe: line 5: setenv: command not found
condor_exec.exe: line 5: setenv: command not found
condor_exec.exe: line 5: setenv: command not found
condor_exec.exe: line 5: setenv: command not found
condor_exec.exe: line 5: setenv: command not found
condor_exec.exe: line 5: setenv: command not found
condor_exec.exe: line 5: setenv: command not found
condor_exec.exe: line 5: setenv: command not found
condor_exec.exe: line 5: setenv: command not found
condor_exec.exe: line 5: setenv: command not found
condor_exec.exe: line 5: setenv: command not found
condor_exec.exe: line 5: setenv: command not found
condor_exec.exe: line 5: setenv: command not found
condor_exec.exe: line 5: setenv: command not found
condor_exec.exe: line 5: setenv: command not found
condor_exec.exe: line 5: setenv: command not found
condor_exec.exe: line 5: setenv: command not found
condor_exec.exe: line 5: setenv: command not found
condor_exec.exe: line 5: setenv: command not found
condor_exec.exe: line 5: setenv: command not found
condor_exec.exe: line 5: setenv: command not found
condor_exec.exe: line 5: setenv: command not found
condor_exec.exe: line 5: setenv: command not found
condor_exec.exe: line 5: setenv: command not found
condor_exec.exe: line 5: setenv: command not found
condor_exec.exe: line 5: setenv: command not found
condor_exec.exe: line 5: setenv: command not found
condor_exec.exe: line 5: setenv: command not found
condor_exec.exe: line 5: setenv: command not found
condor_exec.exe: line 5: setenv: command not found
condor_exec.exe: line 5: setenv: command not found
condor_exec.exe: line 5: setenv: command not found
condor_exec.exe: line 5: setenv: command not found
condor_exec.exe: line 5: setenv: command not found
condor_exec.exe: line 5: setenv: command not found
condor_exec.exe: line 5: setenv: command not found
condor_exec.exe: line 5: setenv: command not found
condor_exec.exe: line 5: setenv: command not found
condor_exec.exe: line 5: setenv: command not found
condor_exec.exe: line 5: setenv: command not found
condor_exec.exe: line 5: setenv: command not found
condor_exec.exe: line 5: setenv: command not found
condor_exec.exe: line 5: setenv: command not found
condor_exec.exe: line 5: setenv: command not found
condor_exec.exe: line 5: setenv: command not found
condor_exec.exe: line 5: setenv: command not found
condor_exec.exe: line 5: setenv: command not found
condor_exec.exe: line 5: setenv: command not found
condor_exec.exe: line 5: setenv: command not found
condor_exec.exe: line 5: setenv: command not found
condor_exec.exe: line 5: setenv: command not found
condor_exec.exe: line 5: setenv: command not found
condor_exec.exe: line 5: setenv: command not found
condor_exec.exe: line 5: setenv: command not found
condor_exec.exe: line 5: setenv: command not found
condor_exec.exe: line 5: setenv: command not found
condor_exec.exe: line 5: setenv: command not found
condor_exec.exe: line 5: setenv: command not found
condor_exec.exe: line 5: setenv: command not found
condor_exec.exe: line 5: setenv: command not found
condor_exec.exe: line 5: setenv: command not found
condor_exec.exe: line 5: setenv: command not found
condor_exec.exe: line 5: setenv: command not found
condor_exec.exe: line 5: setenv: command not found
In file included from <command-line>:0:
./TagAndProbe_Ele2018A.C:60:13: warning: missing terminating " character
In file included from <command-line>:0:
./TagAndProbe_Ele2018A.C:60: error: missing terminating " character
condor_exec.exe: line 8: ./tnp_Ele2018A: No such file or directory
