Error in <TFile::GetSize>: cannot stat the file /eos/cms/store/group/phys_higgs/cmshww/arun/TriggerEff_RunIILegacy/TrigEff_HWW_EGamma_2018_forpublic/EGamma/Run2018D/190503_221645/0000/TnP_ntuple_322.root
Error in <TDirectoryFile::ReadKeys>: reading illegal key, exiting after 0 keys
Error in <TChain::LoadTree>: Cannot find tree with name ntupler/EventTree in file /eos/cms/store/group/phys_higgs/cmshww/arun/TriggerEff_RunIILegacy/TrigEff_HWW_EGamma_2018_forpublic/EGamma/Run2018D/190503_221645/0000/TnP_ntuple_322.root
Error in <TFile::TFile>: file /eos/cms/store/group/phys_higgs/cmshww/arun/TriggerEff_RunIILegacy/TrigEff_HWW_EGamma_2018_forpublic/EGamma/Run2018D/190503_221645/0000/TnP_ntuple_155.root does not exist
Error in <TFile::TFile>: file /eos/cms/store/group/phys_higgs/cmshww/arun/TriggerEff_RunIILegacy/TrigEff_HWW_EGamma_2018_forpublic/EGamma/Run2018D/190503_221645/0000/TnP_ntuple_478.root does not exist
Error in <TFile::TFile>: file /eos/cms/store/group/phys_higgs/cmshww/arun/TriggerEff_RunIILegacy/TrigEff_HWW_EGamma_2018_forpublic/EGamma/Run2018D/190503_221645/0000/TnP_ntuple_18.root does not exist
Error in <TFile::TFile>: file /eos/cms/store/group/phys_higgs/cmshww/arun/TriggerEff_RunIILegacy/TrigEff_HWW_EGamma_2018_forpublic/EGamma/Run2018D/190503_221645/0000/TnP_ntuple_84.root does not exist
Error in <TFile::TFile>: file /eos/cms/store/group/phys_higgs/cmshww/arun/TriggerEff_RunIILegacy/TrigEff_HWW_EGamma_2018_forpublic/EGamma/Run2018D/190503_221645/0000/TnP_ntuple_502.root does not exist
Error in <TFile::TFile>: file /eos/cms/store/group/phys_higgs/cmshww/arun/TriggerEff_RunIILegacy/TrigEff_HWW_EGamma_2018_forpublic/EGamma/Run2018D/190503_221645/0000/TnP_ntuple_690.root does not exist
Error in <TFile::TFile>: file /eos/cms/store/group/phys_higgs/cmshww/arun/TriggerEff_RunIILegacy/TrigEff_HWW_EGamma_2018_forpublic/EGamma/Run2018D/190503_221645/0000/TnP_ntuple_505.root does not exist
Error in <TFile::TFile>: file /eos/cms/store/group/phys_higgs/cmshww/arun/TriggerEff_RunIILegacy/TrigEff_HWW_EGamma_2018_forpublic/EGamma/Run2018D/190503_221645/0000/TnP_ntuple_853.root does not exist
Error in <TFile::TFile>: file /eos/cms/store/group/phys_higgs/cmshww/arun/TriggerEff_RunIILegacy/TrigEff_HWW_EGamma_2018_forpublic/EGamma/Run2018D/190503_221645/0000/TnP_ntuple_252.root does not exist
Error in <TFile::TFile>: file /eos/cms/store/group/phys_higgs/cmshww/arun/TriggerEff_RunIILegacy/TrigEff_HWW_EGamma_2018_forpublic/EGamma/Run2018D/190503_221645/0000/TnP_ntuple_733.root does not exist
Error in <TFile::TFile>: file /eos/cms/store/group/phys_higgs/cmshww/arun/TriggerEff_RunIILegacy/TrigEff_HWW_EGamma_2018_forpublic/EGamma/Run2018D/190503_221645/0000/TnP_ntuple_814.root does not exist
Error in <TFile::TFile>: file /eos/cms/store/group/phys_higgs/cmshww/arun/TriggerEff_RunIILegacy/TrigEff_HWW_EGamma_2018_forpublic/EGamma/Run2018D/190503_221645/0000/TnP_ntuple_523.root does not exist
Error in <TFile::TFile>: file /eos/cms/store/group/phys_higgs/cmshww/arun/TriggerEff_RunIILegacy/TrigEff_HWW_EGamma_2018_forpublic/EGamma/Run2018D/190503_221645/0000/TnP_ntuple_618.root does not exist
SysError in <TFile::TFile>: file /eos/cms/store/group/phys_higgs/cmshww/arun/TriggerEff_RunIILegacy/TrigEff_HWW_EGamma_2018_forpublic/EGamma/Run2018D/190503_221645/0000/TnP_ntuple_946.root can not be opened for reading (Network is unreachable)
SysError in <TFile::TFile>: file /eos/cms/store/group/phys_higgs/cmshww/arun/TriggerEff_RunIILegacy/TrigEff_HWW_EGamma_2018_forpublic/EGamma/Run2018D/190503_221645/0000/TnP_ntuple_915.root can not be opened for reading (Network is unreachable)
SysError in <TFile::TFile>: file /eos/cms/store/group/phys_higgs/cmshww/arun/TriggerEff_RunIILegacy/TrigEff_HWW_EGamma_2018_forpublic/EGamma/Run2018D/190503_221645/0000/TnP_ntuple_559.root can not be opened for reading (Network is unreachable)
SysError in <TFile::TFile>: file /eos/cms/store/group/phys_higgs/cmshww/arun/TriggerEff_RunIILegacy/TrigEff_HWW_EGamma_2018_forpublic/EGamma/Run2018D/190503_221645/0000/TnP_ntuple_454.root can not be opened for reading (Network is unreachable)
SysError in <TFile::TFile>: file /eos/cms/store/group/phys_higgs/cmshww/arun/TriggerEff_RunIILegacy/TrigEff_HWW_EGamma_2018_forpublic/EGamma/Run2018D/190503_221645/0000/TnP_ntuple_694.root can not be opened for reading (Network is unreachable)
SysError in <TFile::TFile>: file /eos/cms/store/group/phys_higgs/cmshww/arun/TriggerEff_RunIILegacy/TrigEff_HWW_EGamma_2018_forpublic/EGamma/Run2018D/190503_221645/0000/TnP_ntuple_901.root can not be opened for reading (Network is unreachable)
SysError in <TFile::TFile>: file /eos/cms/store/group/phys_higgs/cmshww/arun/TriggerEff_RunIILegacy/TrigEff_HWW_EGamma_2018_forpublic/EGamma/Run2018D/190503_221645/0000/TnP_ntuple_917.root can not be opened for reading (Network is unreachable)
SysError in <TFile::TFile>: file /eos/cms/store/group/phys_higgs/cmshww/arun/TriggerEff_RunIILegacy/TrigEff_HWW_EGamma_2018_forpublic/EGamma/Run2018D/190503_221645/0000/TnP_ntuple_359.root can not be opened for reading (Network is unreachable)
SysError in <TFile::TFile>: file /eos/cms/store/group/phys_higgs/cmshww/arun/TriggerEff_RunIILegacy/TrigEff_HWW_EGamma_2018_forpublic/EGamma/Run2018D/190503_221645/0000/TnP_ntuple_678.root can not be opened for reading (Network is unreachable)
SysError in <TFile::TFile>: file /eos/cms/store/group/phys_higgs/cmshww/arun/TriggerEff_RunIILegacy/TrigEff_HWW_EGamma_2018_forpublic/EGamma/Run2018D/190503_221645/0000/TnP_ntuple_433.root can not be opened for reading (Network is unreachable)
SysError in <TFile::TFile>: file /eos/cms/store/group/phys_higgs/cmshww/arun/TriggerEff_RunIILegacy/TrigEff_HWW_EGamma_2018_forpublic/EGamma/Run2018D/190503_221645/0000/TnP_ntuple_299.root can not be opened for reading (Network is unreachable)
SysError in <TFile::TFile>: file /eos/cms/store/group/phys_higgs/cmshww/arun/TriggerEff_RunIILegacy/TrigEff_HWW_EGamma_2018_forpublic/EGamma/Run2018D/190503_221645/0000/TnP_ntuple_745.root can not be opened for reading (Network is unreachable)
SysError in <TFile::TFile>: file /eos/cms/store/group/phys_higgs/cmshww/arun/TriggerEff_RunIILegacy/TrigEff_HWW_EGamma_2018_forpublic/EGamma/Run2018D/190503_221645/0000/TnP_ntuple_839.root can not be opened for reading (Network is unreachable)
SysError in <TFile::TFile>: file /eos/cms/store/group/phys_higgs/cmshww/arun/TriggerEff_RunIILegacy/TrigEff_HWW_EGamma_2018_forpublic/EGamma/Run2018D/190503_221645/0000/TnP_ntuple_561.root can not be opened for reading (Network is unreachable)
SysError in <TFile::TFile>: file /eos/cms/store/group/phys_higgs/cmshww/arun/TriggerEff_RunIILegacy/TrigEff_HWW_EGamma_2018_forpublic/EGamma/Run2018D/190503_221645/0000/TnP_ntuple_935.root can not be opened for reading (Network is unreachable)
SysError in <TFile::TFile>: file /eos/cms/store/group/phys_higgs/cmshww/arun/TriggerEff_RunIILegacy/TrigEff_HWW_EGamma_2018_forpublic/EGamma/Run2018D/190503_221645/0000/TnP_ntuple_393.root can not be opened for reading (Network is unreachable)
SysError in <TFile::TFile>: file /eos/cms/store/group/phys_higgs/cmshww/arun/TriggerEff_RunIILegacy/TrigEff_HWW_EGamma_2018_forpublic/EGamma/Run2018D/190503_221645/0000/TnP_ntuple_412.root can not be opened for reading (Network is unreachable)
SysError in <TFile::TFile>: file /eos/cms/store/group/phys_higgs/cmshww/arun/TriggerEff_RunIILegacy/TrigEff_HWW_EGamma_2018_forpublic/EGamma/Run2018D/190503_221645/0000/TnP_ntuple_855.root can not be opened for reading (Network is unreachable)
SysError in <TFile::TFile>: file /eos/cms/store/group/phys_higgs/cmshww/arun/TriggerEff_RunIILegacy/TrigEff_HWW_EGamma_2018_forpublic/EGamma/Run2018D/190503_221645/0000/TnP_ntuple_764.root can not be opened for reading (Network is unreachable)
SysError in <TFile::TFile>: file /eos/cms/store/group/phys_higgs/cmshww/arun/TriggerEff_RunIILegacy/TrigEff_HWW_EGamma_2018_forpublic/EGamma/Run2018D/190503_221645/0000/TnP_ntuple_193.root can not be opened for reading (Network is unreachable)
SysError in <TFile::TFile>: file /eos/cms/store/group/phys_higgs/cmshww/arun/TriggerEff_RunIILegacy/TrigEff_HWW_EGamma_2018_forpublic/EGamma/Run2018D/190503_221645/0000/TnP_ntuple_569.root can not be opened for reading (Network is unreachable)
SysError in <TFile::TFile>: file /eos/cms/store/group/phys_higgs/cmshww/arun/TriggerEff_RunIILegacy/TrigEff_HWW_EGamma_2018_forpublic/EGamma/Run2018D/190503_221645/0000/TnP_ntuple_631.root can not be opened for reading (Network is unreachable)
SysError in <TFile::TFile>: file /eos/cms/store/group/phys_higgs/cmshww/arun/TriggerEff_RunIILegacy/TrigEff_HWW_EGamma_2018_forpublic/EGamma/Run2018D/190503_221645/0000/TnP_ntuple_246.root can not be opened for reading (Network is unreachable)
SysError in <TFile::TFile>: file /eos/cms/store/group/phys_higgs/cmshww/arun/TriggerEff_RunIILegacy/TrigEff_HWW_EGamma_2018_forpublic/EGamma/Run2018D/190503_221645/0000/TnP_ntuple_474.root can not be opened for reading (Network is unreachable)
SysError in <TFile::TFile>: file /eos/cms/store/group/phys_higgs/cmshww/arun/TriggerEff_RunIILegacy/TrigEff_HWW_EGamma_2018_forpublic/EGamma/Run2018D/190503_221645/0000/TnP_ntuple_573.root can not be opened for reading (Network is unreachable)
SysError in <TFile::TFile>: file /eos/cms/store/group/phys_higgs/cmshww/arun/TriggerEff_RunIILegacy/TrigEff_HWW_EGamma_2018_forpublic/EGamma/Run2018D/190503_221645/0000/TnP_ntuple_566.root can not be opened for reading (Network is unreachable)
SysError in <TFile::TFile>: file /eos/cms/store/group/phys_higgs/cmshww/arun/TriggerEff_RunIILegacy/TrigEff_HWW_EGamma_2018_forpublic/EGamma/Run2018D/190503_221645/0000/TnP_ntuple_455.root can not be opened for reading (Network is unreachable)
SysError in <TFile::TFile>: file /eos/cms/store/group/phys_higgs/cmshww/arun/TriggerEff_RunIILegacy/TrigEff_HWW_EGamma_2018_forpublic/EGamma/Run2018D/190503_221645/0000/TnP_ntuple_570.root can not be opened for reading (Network is unreachable)
SysError in <TFile::TFile>: file /eos/cms/store/group/phys_higgs/cmshww/arun/TriggerEff_RunIILegacy/TrigEff_HWW_EGamma_2018_forpublic/EGamma/Run2018D/190503_221645/0000/TnP_ntuple_811.root can not be opened for reading (Network is unreachable)
SysError in <TFile::TFile>: file /eos/cms/store/group/phys_higgs/cmshww/arun/TriggerEff_RunIILegacy/TrigEff_HWW_EGamma_2018_forpublic/EGamma/Run2018D/190503_221645/0000/TnP_ntuple_630.root can not be opened for reading (Network is unreachable)
SysError in <TFile::TFile>: file /eos/cms/store/group/phys_higgs/cmshww/arun/TriggerEff_RunIILegacy/TrigEff_HWW_EGamma_2018_forpublic/EGamma/Run2018D/190503_221645/0000/TnP_ntuple_395.root can not be opened for reading (Network is unreachable)
SysError in <TFile::TFile>: file /eos/cms/store/group/phys_higgs/cmshww/arun/TriggerEff_RunIILegacy/TrigEff_HWW_EGamma_2018_forpublic/EGamma/Run2018D/190503_221645/0000/TnP_ntuple_759.root can not be opened for reading (Network is unreachable)
SysError in <TFile::TFile>: file /eos/cms/store/group/phys_higgs/cmshww/arun/TriggerEff_RunIILegacy/TrigEff_HWW_EGamma_2018_forpublic/EGamma/Run2018D/190503_221645/0000/TnP_ntuple_838.root can not be opened for reading (Network is unreachable)
SysError in <TFile::TFile>: file /eos/cms/store/group/phys_higgs/cmshww/arun/TriggerEff_RunIILegacy/TrigEff_HWW_EGamma_2018_forpublic/EGamma/Run2018D/190503_221645/0000/TnP_ntuple_827.root can not be opened for reading (Network is unreachable)
SysError in <TFile::TFile>: file /eos/cms/store/group/phys_higgs/cmshww/arun/TriggerEff_RunIILegacy/TrigEff_HWW_EGamma_2018_forpublic/EGamma/Run2018D/190503_221645/0000/TnP_ntuple_842.root can not be opened for reading (Network is unreachable)
SysError in <TFile::TFile>: file /eos/cms/store/group/phys_higgs/cmshww/arun/TriggerEff_RunIILegacy/TrigEff_HWW_EGamma_2018_forpublic/EGamma/Run2018D/190503_221645/0000/TnP_ntuple_965.root can not be opened for reading (Network is unreachable)
SysError in <TFile::TFile>: file /eos/cms/store/group/phys_higgs/cmshww/arun/TriggerEff_RunIILegacy/TrigEff_HWW_EGamma_2018_forpublic/EGamma/Run2018D/190503_221645/0000/TnP_ntuple_623.root can not be opened for reading (Network is unreachable)
SysError in <TFile::TFile>: file /eos/cms/store/group/phys_higgs/cmshww/arun/TriggerEff_RunIILegacy/TrigEff_HWW_EGamma_2018_forpublic/EGamma/Run2018D/190503_221645/0000/TnP_ntuple_554.root can not be opened for reading (Network is unreachable)
SysError in <TFile::TFile>: file /eos/cms/store/group/phys_higgs/cmshww/arun/TriggerEff_RunIILegacy/TrigEff_HWW_EGamma_2018_forpublic/EGamma/Run2018D/190503_221645/0000/TnP_ntuple_641.root can not be opened for reading (Network is unreachable)
SysError in <TFile::TFile>: file /eos/cms/store/group/phys_higgs/cmshww/arun/TriggerEff_RunIILegacy/TrigEff_HWW_EGamma_2018_forpublic/EGamma/Run2018D/190503_221645/0000/TnP_ntuple_674.root can not be opened for reading (Network is unreachable)
SysError in <TFile::TFile>: file /eos/cms/store/group/phys_higgs/cmshww/arun/TriggerEff_RunIILegacy/TrigEff_HWW_EGamma_2018_forpublic/EGamma/Run2018D/190503_221645/0000/TnP_ntuple_597.root can not be opened for reading (Network is unreachable)
SysError in <TFile::TFile>: file /eos/cms/store/group/phys_higgs/cmshww/arun/TriggerEff_RunIILegacy/TrigEff_HWW_EGamma_2018_forpublic/EGamma/Run2018D/190503_221645/0000/TnP_ntuple_642.root can not be opened for reading (Network is unreachable)
SysError in <TFile::TFile>: file /eos/cms/store/group/phys_higgs/cmshww/arun/TriggerEff_RunIILegacy/TrigEff_HWW_EGamma_2018_forpublic/EGamma/Run2018D/190503_221645/0000/TnP_ntuple_472.root can not be opened for reading (Network is unreachable)
SysError in <TFile::TFile>: file /eos/cms/store/group/phys_higgs/cmshww/arun/TriggerEff_RunIILegacy/TrigEff_HWW_EGamma_2018_forpublic/EGamma/Run2018D/190503_221645/0000/TnP_ntuple_21.root can not be opened for reading (Network is unreachable)
SysError in <TFile::TFile>: file /eos/cms/store/group/phys_higgs/cmshww/arun/TriggerEff_RunIILegacy/TrigEff_HWW_EGamma_2018_forpublic/EGamma/Run2018D/190503_221645/0000/TnP_ntuple_797.root can not be opened for reading (Network is unreachable)
SysError in <TFile::TFile>: file /eos/cms/store/group/phys_higgs/cmshww/arun/TriggerEff_RunIILegacy/TrigEff_HWW_EGamma_2018_forpublic/EGamma/Run2018D/190503_221645/0000/TnP_ntuple_799.root can not be opened for reading (Network is unreachable)
SysError in <TFile::TFile>: file /eos/cms/store/group/phys_higgs/cmshww/arun/TriggerEff_RunIILegacy/TrigEff_HWW_EGamma_2018_forpublic/EGamma/Run2018D/190503_221645/0000/TnP_ntuple_648.root can not be opened for reading (Network is unreachable)
SysError in <TFile::TFile>: file /eos/cms/store/group/phys_higgs/cmshww/arun/TriggerEff_RunIILegacy/TrigEff_HWW_EGamma_2018_forpublic/EGamma/Run2018D/190503_221645/0000/TnP_ntuple_611.root can not be opened for reading (Network is unreachable)
SysError in <TFile::TFile>: file /eos/cms/store/group/phys_higgs/cmshww/arun/TriggerEff_RunIILegacy/TrigEff_HWW_EGamma_2018_forpublic/EGamma/Run2018D/190503_221645/0000/TnP_ntuple_302.root can not be opened for reading (Network is unreachable)
SysError in <TFile::TFile>: file /eos/cms/store/group/phys_higgs/cmshww/arun/TriggerEff_RunIILegacy/TrigEff_HWW_EGamma_2018_forpublic/EGamma/Run2018D/190503_221645/0000/TnP_ntuple_708.root can not be opened for reading (Network is unreachable)
SysError in <TFile::TFile>: file /eos/cms/store/group/phys_higgs/cmshww/arun/TriggerEff_RunIILegacy/TrigEff_HWW_EGamma_2018_forpublic/EGamma/Run2018D/190503_221645/0000/TnP_ntuple_958.root can not be opened for reading (Network is unreachable)
SysError in <TFile::TFile>: file /eos/cms/store/group/phys_higgs/cmshww/arun/TriggerEff_RunIILegacy/TrigEff_HWW_EGamma_2018_forpublic/EGamma/Run2018D/190503_221645/0000/TnP_ntuple_179.root can not be opened for reading (Network is unreachable)
SysError in <TFile::TFile>: file /eos/cms/store/group/phys_higgs/cmshww/arun/TriggerEff_RunIILegacy/TrigEff_HWW_EGamma_2018_forpublic/EGamma/Run2018D/190503_221645/0000/TnP_ntuple_535.root can not be opened for reading (Network is unreachable)
SysError in <TFile::TFile>: file /eos/cms/store/group/phys_higgs/cmshww/arun/TriggerEff_RunIILegacy/TrigEff_HWW_EGamma_2018_forpublic/EGamma/Run2018D/190503_221645/0000/TnP_ntuple_929.root can not be opened for reading (Network is unreachable)
SysError in <TFile::TFile>: file /eos/cms/store/group/phys_higgs/cmshww/arun/TriggerEff_RunIILegacy/TrigEff_HWW_EGamma_2018_forpublic/EGamma/Run2018D/190503_221645/0000/TnP_ntuple_457.root can not be opened for reading (Network is unreachable)
SysError in <TFile::TFile>: file /eos/cms/store/group/phys_higgs/cmshww/arun/TriggerEff_RunIILegacy/TrigEff_HWW_EGamma_2018_forpublic/EGamma/Run2018D/190503_221645/0000/TnP_ntuple_484.root can not be opened for reading (Network is unreachable)
SysError in <TFile::TFile>: file /eos/cms/store/group/phys_higgs/cmshww/arun/TriggerEff_RunIILegacy/TrigEff_HWW_EGamma_2018_forpublic/EGamma/Run2018D/190503_221645/0000/TnP_ntuple_885.root can not be opened for reading (Network is unreachable)
SysError in <TFile::TFile>: file /eos/cms/store/group/phys_higgs/cmshww/arun/TriggerEff_RunIILegacy/TrigEff_HWW_EGamma_2018_forpublic/EGamma/Run2018D/190503_221645/0000/TnP_ntuple_985.root can not be opened for reading (Network is unreachable)
SysError in <TFile::TFile>: file /eos/cms/store/group/phys_higgs/cmshww/arun/TriggerEff_RunIILegacy/TrigEff_HWW_EGamma_2018_forpublic/EGamma/Run2018D/190503_221645/0000/TnP_ntuple_972.root can not be opened for reading (Network is unreachable)
SysError in <TFile::TFile>: file /eos/cms/store/group/phys_higgs/cmshww/arun/TriggerEff_RunIILegacy/TrigEff_HWW_EGamma_2018_forpublic/EGamma/Run2018D/190503_221645/0000/TnP_ntuple_616.root can not be opened for reading (Network is unreachable)
SysError in <TFile::TFile>: file /eos/cms/store/group/phys_higgs/cmshww/arun/TriggerEff_RunIILegacy/TrigEff_HWW_EGamma_2018_forpublic/EGamma/Run2018D/190503_221645/0000/TnP_ntuple_887.root can not be opened for reading (Network is unreachable)
SysError in <TFile::TFile>: file /eos/cms/store/group/phys_higgs/cmshww/arun/TriggerEff_RunIILegacy/TrigEff_HWW_EGamma_2018_forpublic/EGamma/Run2018D/190503_221645/0000/TnP_ntuple_503.root can not be opened for reading (Network is unreachable)
SysError in <TFile::TFile>: file /eos/cms/store/group/phys_higgs/cmshww/arun/TriggerEff_RunIILegacy/TrigEff_HWW_EGamma_2018_forpublic/EGamma/Run2018D/190503_221645/0000/TnP_ntuple_906.root can not be opened for reading (Network is unreachable)
SysError in <TFile::TFile>: file /eos/cms/store/group/phys_higgs/cmshww/arun/TriggerEff_RunIILegacy/TrigEff_HWW_EGamma_2018_forpublic/EGamma/Run2018D/190503_221645/0000/TnP_ntuple_593.root can not be opened for reading (Network is unreachable)
SysError in <TFile::TFile>: file /eos/cms/store/group/phys_higgs/cmshww/arun/TriggerEff_RunIILegacy/TrigEff_HWW_EGamma_2018_forpublic/EGamma/Run2018D/190503_221645/0000/TnP_ntuple_660.root can not be opened for reading (Network is unreachable)
SysError in <TFile::TFile>: file /eos/cms/store/group/phys_higgs/cmshww/arun/TriggerEff_RunIILegacy/TrigEff_HWW_EGamma_2018_forpublic/EGamma/Run2018D/190503_221645/0000/TnP_ntuple_983.root can not be opened for reading (Network is unreachable)
SysError in <TFile::TFile>: file /eos/cms/store/group/phys_higgs/cmshww/arun/TriggerEff_RunIILegacy/TrigEff_HWW_EGamma_2018_forpublic/EGamma/Run2018D/190503_221645/0000/TnP_ntuple_596.root can not be opened for reading (Network is unreachable)
SysError in <TFile::TFile>: file /eos/cms/store/group/phys_higgs/cmshww/arun/TriggerEff_RunIILegacy/TrigEff_HWW_EGamma_2018_forpublic/EGamma/Run2018D/190503_221645/0000/TnP_ntuple_640.root can not be opened for reading (Network is unreachable)
SysError in <TFile::TFile>: file /eos/cms/store/group/phys_higgs/cmshww/arun/TriggerEff_RunIILegacy/TrigEff_HWW_EGamma_2018_forpublic/EGamma/Run2018D/190503_221645/0000/TnP_ntuple_141.root can not be opened for reading (Network is unreachable)
SysError in <TFile::TFile>: file /eos/cms/store/group/phys_higgs/cmshww/arun/TriggerEff_RunIILegacy/TrigEff_HWW_EGamma_2018_forpublic/EGamma/Run2018D/190503_221645/0000/TnP_ntuple_23.root can not be opened for reading (Network is unreachable)
SysError in <TFile::TFile>: file /eos/cms/store/group/phys_higgs/cmshww/arun/TriggerEff_RunIILegacy/TrigEff_HWW_EGamma_2018_forpublic/EGamma/Run2018D/190503_221645/0000/TnP_ntuple_758.root can not be opened for reading (Network is unreachable)
SysError in <TFile::TFile>: file /eos/cms/store/group/phys_higgs/cmshww/arun/TriggerEff_RunIILegacy/TrigEff_HWW_EGamma_2018_forpublic/EGamma/Run2018D/190503_221645/0000/TnP_ntuple_854.root can not be opened for reading (Network is unreachable)
SysError in <TFile::TFile>: file /eos/cms/store/group/phys_higgs/cmshww/arun/TriggerEff_RunIILegacy/TrigEff_HWW_EGamma_2018_forpublic/EGamma/Run2018D/190503_221645/0000/TnP_ntuple_751.root can not be opened for reading (Network is unreachable)
SysError in <TFile::TFile>: file /eos/cms/store/group/phys_higgs/cmshww/arun/TriggerEff_RunIILegacy/TrigEff_HWW_EGamma_2018_forpublic/EGamma/Run2018D/190503_221645/0000/TnP_ntuple_808.root can not be opened for reading (Network is unreachable)
SysError in <TFile::TFile>: file /eos/cms/store/group/phys_higgs/cmshww/arun/TriggerEff_RunIILegacy/TrigEff_HWW_EGamma_2018_forpublic/EGamma/Run2018D/190503_221645/0000/TnP_ntuple_978.root can not be opened for reading (Network is unreachable)
SysError in <TFile::TFile>: file /eos/cms/store/group/phys_higgs/cmshww/arun/TriggerEff_RunIILegacy/TrigEff_HWW_EGamma_2018_forpublic/EGamma/Run2018D/190503_221645/0000/TnP_ntuple_765.root can not be opened for reading (Network is unreachable)
SysError in <TFile::TFile>: file /eos/cms/store/group/phys_higgs/cmshww/arun/TriggerEff_RunIILegacy/TrigEff_HWW_EGamma_2018_forpublic/EGamma/Run2018D/190503_221645/0000/TnP_ntuple_572.root can not be opened for reading (Network is unreachable)
SysError in <TFile::TFile>: file /eos/cms/store/group/phys_higgs/cmshww/arun/TriggerEff_RunIILegacy/TrigEff_HWW_EGamma_2018_forpublic/EGamma/Run2018D/190503_221645/0000/TnP_ntuple_522.root can not be opened for reading (Network is unreachable)
SysError in <TFile::TFile>: file /eos/cms/store/group/phys_higgs/cmshww/arun/TriggerEff_RunIILegacy/TrigEff_HWW_EGamma_2018_forpublic/EGamma/Run2018D/190503_221645/0000/TnP_ntuple_413.root can not be opened for reading (Network is unreachable)
SysError in <TFile::TFile>: file /eos/cms/store/group/phys_higgs/cmshww/arun/TriggerEff_RunIILegacy/TrigEff_HWW_EGamma_2018_forpublic/EGamma/Run2018D/190503_221645/0000/TnP_ntuple_521.root can not be opened for reading (Network is unreachable)
SysError in <TFile::TFile>: file /eos/cms/store/group/phys_higgs/cmshww/arun/TriggerEff_RunIILegacy/TrigEff_HWW_EGamma_2018_forpublic/EGamma/Run2018D/190503_221645/0000/TnP_ntuple_473.root can not be opened for reading (Network is unreachable)
SysError in <TFile::TFile>: file /eos/cms/store/group/phys_higgs/cmshww/arun/TriggerEff_RunIILegacy/TrigEff_HWW_EGamma_2018_forpublic/EGamma/Run2018D/190503_221645/0000/TnP_ntuple_613.root can not be opened for reading (Network is unreachable)
SysError in <TFile::TFile>: file /eos/cms/store/group/phys_higgs/cmshww/arun/TriggerEff_RunIILegacy/TrigEff_HWW_EGamma_2018_forpublic/EGamma/Run2018D/190503_221645/0000/TnP_ntuple_754.root can not be opened for reading (Network is unreachable)
SysError in <TFile::TFile>: file /eos/cms/store/group/phys_higgs/cmshww/arun/TriggerEff_RunIILegacy/TrigEff_HWW_EGamma_2018_forpublic/EGamma/Run2018D/190503_221645/0000/TnP_ntuple_809.root can not be opened for reading (Network is unreachable)
SysError in <TFile::TFile>: file /eos/cms/store/group/phys_higgs/cmshww/arun/TriggerEff_RunIILegacy/TrigEff_HWW_EGamma_2018_forpublic/EGamma/Run2018D/190503_221645/0000/TnP_ntuple_709.root can not be opened for reading (Network is unreachable)
SysError in <TFile::TFile>: file /eos/cms/store/group/phys_higgs/cmshww/arun/TriggerEff_RunIILegacy/TrigEff_HWW_EGamma_2018_forpublic/EGamma/Run2018D/190503_221645/0000/TnP_ntuple_691.root can not be opened for reading (Network is unreachable)
SysError in <TFile::TFile>: file /eos/cms/store/group/phys_higgs/cmshww/arun/TriggerEff_RunIILegacy/TrigEff_HWW_EGamma_2018_forpublic/EGamma/Run2018D/190503_221645/0000/TnP_ntuple_762.root can not be opened for reading (Network is unreachable)
SysError in <TFile::TFile>: file /eos/cms/store/group/phys_higgs/cmshww/arun/TriggerEff_RunIILegacy/TrigEff_HWW_EGamma_2018_forpublic/EGamma/Run2018D/190503_221645/0000/TnP_ntuple_610.root can not be opened for reading (Network is unreachable)
SysError in <TFile::TFile>: file /eos/cms/store/group/phys_higgs/cmshww/arun/TriggerEff_RunIILegacy/TrigEff_HWW_EGamma_2018_forpublic/EGamma/Run2018D/190503_221645/0000/TnP_ntuple_524.root can not be opened for reading (Network is unreachable)
SysError in <TFile::TFile>: file /eos/cms/store/group/phys_higgs/cmshww/arun/TriggerEff_RunIILegacy/TrigEff_HWW_EGamma_2018_forpublic/EGamma/Run2018D/190503_221645/0000/TnP_ntuple_747.root can not be opened for reading (Network is unreachable)
SysError in <TFile::TFile>: file /eos/cms/store/group/phys_higgs/cmshww/arun/TriggerEff_RunIILegacy/TrigEff_HWW_EGamma_2018_forpublic/EGamma/Run2018D/190503_221645/0000/TnP_ntuple_659.root can not be opened for reading (Network is unreachable)
SysError in <TFile::TFile>: file /eos/cms/store/group/phys_higgs/cmshww/arun/TriggerEff_RunIILegacy/TrigEff_HWW_EGamma_2018_forpublic/EGamma/Run2018D/190503_221645/0000/TnP_ntuple_873.root can not be opened for reading (Network is unreachable)
SysError in <TFile::TFile>: file /eos/cms/store/group/phys_higgs/cmshww/arun/TriggerEff_RunIILegacy/TrigEff_HWW_EGamma_2018_forpublic/EGamma/Run2018D/190503_221645/0000/TnP_ntuple_132.root can not be opened for reading (Network is unreachable)
SysError in <TFile::TFile>: file /eos/cms/store/group/phys_higgs/cmshww/arun/TriggerEff_RunIILegacy/TrigEff_HWW_EGamma_2018_forpublic/EGamma/Run2018D/190503_221645/0000/TnP_ntuple_849.root can not be opened for reading (Network is unreachable)
SysError in <TFile::TFile>: file /eos/cms/store/group/phys_higgs/cmshww/arun/TriggerEff_RunIILegacy/TrigEff_HWW_EGamma_2018_forpublic/EGamma/Run2018D/190503_221645/0000/TnP_ntuple_727.root can not be opened for reading (Network is unreachable)
SysError in <TFile::TFile>: file /eos/cms/store/group/phys_higgs/cmshww/arun/TriggerEff_RunIILegacy/TrigEff_HWW_EGamma_2018_forpublic/EGamma/Run2018D/190503_221645/0000/TnP_ntuple_908.root can not be opened for reading (Network is unreachable)
SysError in <TFile::TFile>: file /eos/cms/store/group/phys_higgs/cmshww/arun/TriggerEff_RunIILegacy/TrigEff_HWW_EGamma_2018_forpublic/EGamma/Run2018D/190503_221645/0000/TnP_ntuple_592.root can not be opened for reading (Network is unreachable)
SysError in <TFile::TFile>: file /eos/cms/store/group/phys_higgs/cmshww/arun/TriggerEff_RunIILegacy/TrigEff_HWW_EGamma_2018_forpublic/EGamma/Run2018D/190503_221645/0000/TnP_ntuple_872.root can not be opened for reading (Network is unreachable)
SysError in <TFile::TFile>: file /eos/cms/store/group/phys_higgs/cmshww/arun/TriggerEff_RunIILegacy/TrigEff_HWW_EGamma_2018_forpublic/EGamma/Run2018D/190503_221645/0000/TnP_ntuple_744.root can not be opened for reading (Network is unreachable)
SysError in <TFile::TFile>: file /eos/cms/store/group/phys_higgs/cmshww/arun/TriggerEff_RunIILegacy/TrigEff_HWW_EGamma_2018_forpublic/EGamma/Run2018D/190503_221645/0000/TnP_ntuple_706.root can not be opened for reading (Network is unreachable)
SysError in <TFile::TFile>: file /eos/cms/store/group/phys_higgs/cmshww/arun/TriggerEff_RunIILegacy/TrigEff_HWW_EGamma_2018_forpublic/EGamma/Run2018D/190503_221645/0000/TnP_ntuple_506.root can not be opened for reading (Network is unreachable)
SysError in <TFile::TFile>: file /eos/cms/store/group/phys_higgs/cmshww/arun/TriggerEff_RunIILegacy/TrigEff_HWW_EGamma_2018_forpublic/EGamma/Run2018D/190503_221645/0000/TnP_ntuple_936.root can not be opened for reading (Network is unreachable)
SysError in <TFile::TFile>: file /eos/cms/store/group/phys_higgs/cmshww/arun/TriggerEff_RunIILegacy/TrigEff_HWW_EGamma_2018_forpublic/EGamma/Run2018D/190503_221645/0000/TnP_ntuple_676.root can not be opened for reading (Network is unreachable)
SysError in <TFile::TFile>: file /eos/cms/store/group/phys_higgs/cmshww/arun/TriggerEff_RunIILegacy/TrigEff_HWW_EGamma_2018_forpublic/EGamma/Run2018D/190503_221645/0000/TnP_ntuple_837.root can not be opened for reading (Network is unreachable)
SysError in <TFile::TFile>: file /eos/cms/store/group/phys_higgs/cmshww/arun/TriggerEff_RunIILegacy/TrigEff_HWW_EGamma_2018_forpublic/EGamma/Run2018D/190503_221645/0000/TnP_ntuple_671.root can not be opened for reading (Network is unreachable)
SysError in <TFile::TFile>: file /eos/cms/store/group/phys_higgs/cmshww/arun/TriggerEff_RunIILegacy/TrigEff_HWW_EGamma_2018_forpublic/EGamma/Run2018D/190503_221645/0000/TnP_ntuple_574.root can not be opened for reading (Network is unreachable)
SysError in <TFile::TFile>: file /eos/cms/store/group/phys_higgs/cmshww/arun/TriggerEff_RunIILegacy/TrigEff_HWW_EGamma_2018_forpublic/EGamma/Run2018D/190503_221645/0000/TnP_ntuple_520.root can not be opened for reading (Network is unreachable)
SysError in <TFile::TFile>: file /eos/cms/store/group/phys_higgs/cmshww/arun/TriggerEff_RunIILegacy/TrigEff_HWW_EGamma_2018_forpublic/EGamma/Run2018D/190503_221645/0000/TnP_ntuple_639.root can not be opened for reading (Network is unreachable)
SysError in <TFile::TFile>: file /eos/cms/store/group/phys_higgs/cmshww/arun/TriggerEff_RunIILegacy/TrigEff_HWW_EGamma_2018_forpublic/EGamma/Run2018D/190503_221645/0000/TnP_ntuple_612.root can not be opened for reading (Network is unreachable)
SysError in <TFile::TFile>: file /eos/cms/store/group/phys_higgs/cmshww/arun/TriggerEff_RunIILegacy/TrigEff_HWW_EGamma_2018_forpublic/EGamma/Run2018D/190503_221645/0000/TnP_ntuple_955.root can not be opened for reading (Network is unreachable)
SysError in <TFile::TFile>: file /eos/cms/store/group/phys_higgs/cmshww/arun/TriggerEff_RunIILegacy/TrigEff_HWW_EGamma_2018_forpublic/EGamma/Run2018D/190503_221645/0000/TnP_ntuple_301.root can not be opened for reading (Network is unreachable)
SysError in <TFile::TFile>: file /eos/cms/store/group/phys_higgs/cmshww/arun/TriggerEff_RunIILegacy/TrigEff_HWW_EGamma_2018_forpublic/EGamma/Run2018D/190503_221645/0000/TnP_ntuple_848.root can not be opened for reading (Network is unreachable)
SysError in <TFile::TFile>: file /eos/cms/store/group/phys_higgs/cmshww/arun/TriggerEff_RunIILegacy/TrigEff_HWW_EGamma_2018_forpublic/EGamma/Run2018D/190503_221645/0000/TnP_ntuple_355.root can not be opened for reading (Network is unreachable)
SysError in <TFile::TFile>: file /eos/cms/store/group/phys_higgs/cmshww/arun/TriggerEff_RunIILegacy/TrigEff_HWW_EGamma_2018_forpublic/EGamma/Run2018D/190503_221645/0000/TnP_ntuple_280.root can not be opened for reading (Network is unreachable)
SysError in <TFile::TFile>: file /eos/cms/store/group/phys_higgs/cmshww/arun/TriggerEff_RunIILegacy/TrigEff_HWW_EGamma_2018_forpublic/EGamma/Run2018D/190503_221645/0000/TnP_ntuple_580.root can not be opened for reading (Network is unreachable)
SysError in <TFile::TFile>: file /eos/cms/store/group/phys_higgs/cmshww/arun/TriggerEff_RunIILegacy/TrigEff_HWW_EGamma_2018_forpublic/EGamma/Run2018D/190503_221645/0000/TnP_ntuple_928.root can not be opened for reading (Network is unreachable)
SysError in <TFile::TFile>: file /eos/cms/store/group/phys_higgs/cmshww/arun/TriggerEff_RunIILegacy/TrigEff_HWW_EGamma_2018_forpublic/EGamma/Run2018D/190503_221645/0000/TnP_ntuple_938.root can not be opened for reading (Network is unreachable)
SysError in <TFile::TFile>: file /eos/cms/store/group/phys_higgs/cmshww/arun/TriggerEff_RunIILegacy/TrigEff_HWW_EGamma_2018_forpublic/EGamma/Run2018D/190503_221645/0000/TnP_ntuple_898.root can not be opened for reading (Network is unreachable)
SysError in <TFile::TFile>: file /eos/cms/store/group/phys_higgs/cmshww/arun/TriggerEff_RunIILegacy/TrigEff_HWW_EGamma_2018_forpublic/EGamma/Run2018D/190503_221645/0000/TnP_ntuple_753.root can not be opened for reading (Network is unreachable)
SysError in <TFile::TFile>: file /eos/cms/store/group/phys_higgs/cmshww/arun/TriggerEff_RunIILegacy/TrigEff_HWW_EGamma_2018_forpublic/EGamma/Run2018D/190503_221645/0000/TnP_ntuple_477.root can not be opened for reading (Network is unreachable)
SysError in <TFile::TFile>: file /eos/cms/store/group/phys_higgs/cmshww/arun/TriggerEff_RunIILegacy/TrigEff_HWW_EGamma_2018_forpublic/EGamma/Run2018D/190503_221645/0000/TnP_ntuple_436.root can not be opened for reading (Network is unreachable)
SysError in <TFile::TFile>: file /eos/cms/store/group/phys_higgs/cmshww/arun/TriggerEff_RunIILegacy/TrigEff_HWW_EGamma_2018_forpublic/EGamma/Run2018D/190503_221645/0000/TnP_ntuple_244.root can not be opened for reading (Network is unreachable)
SysError in <TFile::TFile>: file /eos/cms/store/group/phys_higgs/cmshww/arun/TriggerEff_RunIILegacy/TrigEff_HWW_EGamma_2018_forpublic/EGamma/Run2018D/190503_221645/0000/TnP_ntuple_528.root can not be opened for reading (Network is unreachable)
SysError in <TFile::TFile>: file /eos/cms/store/group/phys_higgs/cmshww/arun/TriggerEff_RunIILegacy/TrigEff_HWW_EGamma_2018_forpublic/EGamma/Run2018D/190503_221645/0000/TnP_ntuple_432.root can not be opened for reading (Network is unreachable)
SysError in <TFile::TFile>: file /eos/cms/store/group/phys_higgs/cmshww/arun/TriggerEff_RunIILegacy/TrigEff_HWW_EGamma_2018_forpublic/EGamma/Run2018D/190503_221645/0000/TnP_ntuple_778.root can not be opened for reading (Network is unreachable)
SysError in <TFile::TFile>: file /eos/cms/store/group/phys_higgs/cmshww/arun/TriggerEff_RunIILegacy/TrigEff_HWW_EGamma_2018_forpublic/EGamma/Run2018A/190503_221828/0000/TnP_ntuple_50.root can not be opened for reading (Network is unreachable)
SysError in <TFile::TFile>: file /eos/cms/store/group/phys_higgs/cmshww/arun/TriggerEff_RunIILegacy/TrigEff_HWW_EGamma_2018_forpublic/EGamma/Run2018A/190503_221828/0000/TnP_ntuple_6.root can not be opened for reading (Network is unreachable)
SysError in <TFile::TFile>: file /eos/cms/store/group/phys_higgs/cmshww/arun/TriggerEff_RunIILegacy/TrigEff_HWW_EGamma_2018_forpublic/EGamma/Run2018A/190503_221828/0000/TnP_ntuple_58.root can not be opened for reading (Network is unreachable)
SysError in <TFile::TFile>: file /eos/cms/store/group/phys_higgs/cmshww/arun/TriggerEff_RunIILegacy/TrigEff_HWW_EGamma_2018_forpublic/EGamma/Run2018A/190503_221828/0000/TnP_ntuple_57.root can not be opened for reading (Network is unreachable)
SysError in <TFile::TFile>: file /eos/cms/store/group/phys_higgs/cmshww/arun/TriggerEff_RunIILegacy/TrigEff_HWW_EGamma_2018_forpublic/EGamma/Run2018A/190503_221828/0000/TnP_ntuple_11.root can not be opened for reading (Network is unreachable)
SysError in <TFile::TFile>: file /eos/cms/store/group/phys_higgs/cmshww/arun/TriggerEff_RunIILegacy/TrigEff_HWW_EGamma_2018_forpublic/EGamma/Run2018A/190503_221828/0000/TnP_ntuple_54.root can not be opened for reading (Network is unreachable)
SysError in <TFile::TFile>: file /eos/cms/store/group/phys_higgs/cmshww/arun/TriggerEff_RunIILegacy/TrigEff_HWW_EGamma_2018_forpublic/EGamma/Run2018A/190503_221828/0000/TnP_ntuple_18.root can not be opened for reading (Network is unreachable)
SysError in <TFile::TFile>: file /eos/cms/store/group/phys_higgs/cmshww/arun/TriggerEff_RunIILegacy/TrigEff_HWW_EGamma_2018_forpublic/EGamma/Run2018A/190503_221828/0000/TnP_ntuple_16.root can not be opened for reading (Network is unreachable)
SysError in <TFile::TFile>: file /eos/cms/store/group/phys_higgs/cmshww/arun/TriggerEff_RunIILegacy/TrigEff_HWW_EGamma_2018_forpublic/EGamma/Run2018A/190503_221828/0000/TnP_ntuple_8.root can not be opened for reading (Network is unreachable)
SysError in <TFile::TFile>: file /eos/cms/store/group/phys_higgs/cmshww/arun/TriggerEff_RunIILegacy/TrigEff_HWW_EGamma_2018_forpublic/EGamma/Run2018A/190503_221828/0000/TnP_ntuple_9.root can not be opened for reading (Network is unreachable)
SysError in <TFile::TFile>: file /eos/cms/store/group/phys_higgs/cmshww/arun/TriggerEff_RunIILegacy/TrigEff_HWW_EGamma_2018_forpublic/EGamma/Run2018A/190503_221828/0000/TnP_ntuple_51.root can not be opened for reading (Network is unreachable)
SysError in <TFile::TFile>: file /eos/cms/store/group/phys_higgs/cmshww/arun/TriggerEff_RunIILegacy/TrigEff_HWW_EGamma_2018_forpublic/EGamma/Run2018A/190503_221828/0000/TnP_ntuple_10.root can not be opened for reading (Network is unreachable)
SysError in <TFile::TFile>: file /eos/cms/store/group/phys_higgs/cmshww/arun/TriggerEff_RunIILegacy/TrigEff_HWW_EGamma_2018_forpublic/EGamma/Run2018A/190503_221828/0000/TnP_ntuple_55.root can not be opened for reading (Network is unreachable)
SysError in <TFile::TFile>: file /eos/cms/store/group/phys_higgs/cmshww/arun/TriggerEff_RunIILegacy/TrigEff_HWW_EGamma_2018_forpublic/EGamma/Run2018A/190503_221828/0000/TnP_ntuple_56.root can not be opened for reading (Network is unreachable)
SysError in <TFile::TFile>: file /eos/cms/store/group/phys_higgs/cmshww/arun/TriggerEff_RunIILegacy/TrigEff_HWW_EGamma_2018_forpublic/EGamma/Run2018A/190503_221828/0000/TnP_ntuple_12.root can not be opened for reading (Network is unreachable)
SysError in <TFile::TFile>: file /eos/cms/store/group/phys_higgs/cmshww/arun/TriggerEff_RunIILegacy/TrigEff_HWW_EGamma_2018_forpublic/EGamma/Run2018A/190503_221828/0000/TnP_ntuple_52.root can not be opened for reading (Network is unreachable)
