000 (2131860.000.000) 05/01 10:27:32 Job submitted from host: <137.138.120.116:9618?addrs=137.138.120.116-9618+[2001-1458-d00-16--17b]-9618&noUDP&sock=2690491_9e79_37>
...
001 (2131860.000.000) 05/01 10:30:40 Job executing on host: <128.142.139.101:9618?addrs=128.142.139.101-9618+[2001-1458-301-f2--100-40]-9618&noUDP&sock=4161_adaa_3>
...
006 (2131860.000.000) 05/01 10:30:49 Image size of job updated: 35528
	35  -  MemoryUsage of job (MB)
	35224  -  ResidentSetSize of job (KB)
...
006 (2131860.000.000) 05/01 10:35:50 Image size of job updated: 328020
	267  -  MemoryUsage of job (MB)
	273376  -  ResidentSetSize of job (KB)
...
005 (2131860.000.000) 05/01 13:43:16 Job terminated.
	(1) Normal termination (return value 0)
		Usr 0 02:22:44, Sys 0 00:01:47  -  Run Remote Usage
		Usr 0 00:00:00, Sys 0 00:00:00  -  Run Local Usage
		Usr 0 02:22:44, Sys 0 00:01:47  -  Total Remote Usage
		Usr 0 00:00:00, Sys 0 00:00:00  -  Total Local Usage
	93840  -  Run Bytes Sent By Job
	486  -  Run Bytes Received By Job
	93840  -  Total Bytes Sent By Job
	486  -  Total Bytes Received By Job
	Partitionable Resources :    Usage  Request Allocated 
	   Cpus                 :                 1         1 
	   Disk (KB)            :      108        1   2007929 
	   Memory (MB)          :      267     2000      2000 
...
