000 (1503387.000.000) 02/26 18:57:45 Job submitted from host: <137.138.120.116:9618?addrs=137.138.120.116-9618+[2001-1458-d00-16--17b]-9618&noUDP&sock=2690491_9e79_37>
...
001 (1503387.000.000) 02/26 19:01:33 Job executing on host: <188.185.202.135:9618?addrs=188.185.202.135-9618+[--1]-9618&noUDP&sock=8593_f9cf_127>
...
006 (1503387.000.000) 02/26 19:01:41 Image size of job updated: 56480
	52  -  MemoryUsage of job (MB)
	53188  -  ResidentSetSize of job (KB)
...
006 (1503387.000.000) 02/26 19:01:41 Image size of job updated: 57740
	54  -  MemoryUsage of job (MB)
	54448  -  ResidentSetSize of job (KB)
...
005 (1503387.000.000) 02/26 19:01:51 Job terminated.
	(1) Normal termination (return value 127)
		Usr 0 00:00:01, Sys 0 00:00:00  -  Run Remote Usage
		Usr 0 00:00:00, Sys 0 00:00:00  -  Run Local Usage
		Usr 0 00:00:01, Sys 0 00:00:00  -  Total Remote Usage
		Usr 0 00:00:00, Sys 0 00:00:00  -  Total Local Usage
	288  -  Run Bytes Sent By Job
	472  -  Run Bytes Received By Job
	288  -  Total Bytes Sent By Job
	472  -  Total Bytes Received By Job
	Partitionable Resources :    Usage  Request Allocated 
	   Cpus                 :                 1         1 
	   Disk (KB)            :       16        1   1446219 
	   Memory (MB)          :       54     2000      2000 
...
