000 (1502087.000.000) 02/26 18:43:35 Job submitted from host: <137.138.120.116:9618?addrs=137.138.120.116-9618+[2001-1458-d00-16--17b]-9618&noUDP&sock=2690491_9e79_37>
...
001 (1502087.000.000) 02/26 18:44:48 Job executing on host: <188.185.255.234:9618?addrs=188.185.255.234-9618+[--1]-9618&noUDP&sock=502_3909_149>
...
006 (1502087.000.000) 02/26 18:44:50 Image size of job updated: 14968
	0  -  MemoryUsage of job (MB)
	0  -  ResidentSetSize of job (KB)
...
005 (1502087.000.000) 02/26 18:44:51 Job terminated.
	(1) Normal termination (return value 127)
		Usr 0 00:00:01, Sys 0 00:00:01  -  Run Remote Usage
		Usr 0 00:00:00, Sys 0 00:00:00  -  Run Local Usage
		Usr 0 00:00:01, Sys 0 00:00:01  -  Total Remote Usage
		Usr 0 00:00:00, Sys 0 00:00:00  -  Total Local Usage
	7836  -  Run Bytes Sent By Job
	471  -  Run Bytes Received By Job
	7836  -  Total Bytes Sent By Job
	471  -  Total Bytes Received By Job
	Partitionable Resources :    Usage  Request Allocated 
	   Cpus                 :                 1         1 
	   Disk (KB)            :       24        1   1244296 
	   Memory (MB)          :        0     2000      2000 
...
