000 (1504501.000.000) 02/26 22:40:53 Job submitted from host: <137.138.120.116:9618?addrs=137.138.120.116-9618+[2001-1458-d00-16--17b]-9618&noUDP&sock=2690491_9e79_37>
...
001 (1504501.000.000) 02/26 22:42:31 Job executing on host: <188.185.60.79:9618?addrs=188.185.60.79-9618+[--1]-9618&noUDP&sock=8745_3c34_3>
...
006 (1504501.000.000) 02/26 22:42:40 Image size of job updated: 25800
	25  -  MemoryUsage of job (MB)
	25568  -  ResidentSetSize of job (KB)
...
006 (1504501.000.000) 02/26 22:47:40 Image size of job updated: 77376
	62  -  MemoryUsage of job (MB)
	63296  -  ResidentSetSize of job (KB)
...
006 (1504501.000.000) 02/26 22:52:40 Image size of job updated: 179056
	162  -  MemoryUsage of job (MB)
	164976  -  ResidentSetSize of job (KB)
...
006 (1504501.000.000) 02/26 22:57:41 Image size of job updated: 184592
	167  -  MemoryUsage of job (MB)
	170512  -  ResidentSetSize of job (KB)
...
006 (1504501.000.000) 02/27 08:08:31 Image size of job updated: 184592
	172  -  MemoryUsage of job (MB)
	175768  -  ResidentSetSize of job (KB)
...
006 (1504501.000.000) 02/27 12:45:16 Image size of job updated: 7618716
	4005  -  MemoryUsage of job (MB)
	4100588  -  ResidentSetSize of job (KB)
...
006 (1504501.000.000) 02/27 12:55:16 Image size of job updated: 7618792
	4005  -  MemoryUsage of job (MB)
	4100588  -  ResidentSetSize of job (KB)
...
006 (1504501.000.000) 02/27 13:00:17 Image size of job updated: 7628056
	4005  -  MemoryUsage of job (MB)
	4100588  -  ResidentSetSize of job (KB)
...
006 (1504501.000.000) 02/27 15:00:33 Image size of job updated: 7632176
	4005  -  MemoryUsage of job (MB)
	4100588  -  ResidentSetSize of job (KB)
...
006 (1504501.000.000) 02/27 19:00:58 Image size of job updated: 7637128
	4005  -  MemoryUsage of job (MB)
	4100588  -  ResidentSetSize of job (KB)
...
006 (1504501.000.000) 02/27 22:43:07 Image size of job updated: 230130000
	4005  -  MemoryUsage of job (MB)
	4100588  -  ResidentSetSize of job (KB)
...
009 (1504501.000.000) 02/27 22:43:15 Job was aborted by the user.
	Job removed by SYSTEM_PERIODIC_REMOVE due to wall time exceeded allowed max.
...
