000 (2129199.000.000) 05/01 00:30:07 Job submitted from host: <137.138.120.116:9618?addrs=137.138.120.116-9618+[2001-1458-d00-16--17b]-9618&noUDP&sock=2690491_9e79_37>
...
001 (2129199.000.000) 05/01 00:36:10 Job executing on host: <188.184.197.132:9618?addrs=188.184.197.132-9618+[2001-1458-301-103--100-97]-9618&noUDP&sock=20363_e71a_3>
...
006 (2129199.000.000) 05/01 00:36:19 Image size of job updated: 53612
	52  -  MemoryUsage of job (MB)
	52960  -  ResidentSetSize of job (KB)
...
006 (2129199.000.000) 05/01 00:37:01 Image size of job updated: 53764
	52  -  MemoryUsage of job (MB)
	52960  -  ResidentSetSize of job (KB)
...
005 (2129199.000.000) 05/01 00:37:01 Job terminated.
	(1) Normal termination (return value 134)
		Usr 0 00:00:03, Sys 0 00:00:00  -  Run Remote Usage
		Usr 0 00:00:00, Sys 0 00:00:00  -  Run Local Usage
		Usr 0 00:00:03, Sys 0 00:00:00  -  Total Remote Usage
		Usr 0 00:00:00, Sys 0 00:00:00  -  Total Local Usage
	328  -  Run Bytes Sent By Job
	486  -  Run Bytes Received By Job
	328  -  Total Bytes Sent By Job
	486  -  Total Bytes Received By Job
	Partitionable Resources :    Usage  Request Allocated 
	   Cpus                 :                 1         1 
	   Disk (KB)            :       17        1   3025039 
	   Memory (MB)          :       52     2000      2000 
...
