000 (1597993.000.000) 03/05 13:57:10 Job submitted from host: <137.138.120.116:9618?addrs=137.138.120.116-9618+[2001-1458-d00-16--17b]-9618&noUDP&sock=2690491_9e79_37>
...
001 (1597993.000.000) 03/05 14:00:07 Job executing on host: <188.184.202.215:9618?addrs=188.184.202.215-9618+[--1]-9618&noUDP&sock=9732_3c2e_3>
...
006 (1597993.000.000) 03/05 14:00:16 Image size of job updated: 74652
	60  -  MemoryUsage of job (MB)
	60592  -  ResidentSetSize of job (KB)
...
006 (1597993.000.000) 03/05 14:05:16 Image size of job updated: 160388
	132  -  MemoryUsage of job (MB)
	134332  -  ResidentSetSize of job (KB)
...
006 (1597993.000.000) 03/05 14:10:16 Image size of job updated: 166164
	141  -  MemoryUsage of job (MB)
	144008  -  ResidentSetSize of job (KB)
...
006 (1597993.000.000) 03/05 14:15:17 Image size of job updated: 166164
	144  -  MemoryUsage of job (MB)
	146804  -  ResidentSetSize of job (KB)
...
006 (1597993.000.000) 03/05 14:20:17 Image size of job updated: 170544
	150  -  MemoryUsage of job (MB)
	152808  -  ResidentSetSize of job (KB)
...
007 (1597993.000.000) 03/05 15:51:14 Shadow exception!
	Assertion ERROR on (result)
	0  -  Run Bytes Sent By Job
	477  -  Run Bytes Received By Job
...
001 (1597993.000.000) 03/05 15:57:30 Job executing on host: <188.185.198.31:9618?addrs=188.185.198.31-9618+[--1]-9618&noUDP&sock=8443_169a_196>
...
005 (1597993.000.000) 03/06 02:40:40 Job terminated.
	(1) Normal termination (return value 0)
		Usr 0 01:11:37, Sys 0 00:01:43  -  Run Remote Usage
		Usr 0 00:00:00, Sys 0 00:00:00  -  Run Local Usage
		Usr 0 01:11:37, Sys 0 00:01:43  -  Total Remote Usage
		Usr 0 00:00:00, Sys 0 00:00:00  -  Total Local Usage
	83787  -  Run Bytes Sent By Job
	477  -  Run Bytes Received By Job
	83787  -  Total Bytes Sent By Job
	954  -  Total Bytes Received By Job
	Partitionable Resources :    Usage  Request Allocated 
	   Cpus                 :                 1         1 
	   Disk (KB)            :       98       75   2079582 
	   Memory (MB)          :      171     2000      2000 
...
