000 (2139381.000.000) 05/02 23:03:09 Job submitted from host: <137.138.120.116:9618?addrs=137.138.120.116-9618+[2001-1458-d00-16--17b]-9618&noUDP&sock=2690491_9e79_37>
...
001 (2139381.000.000) 05/02 23:04:53 Job executing on host: <188.184.142.87:9618?addrs=188.184.142.87-9618+[2001-1458-301-46--100-67]-9618&noUDP&sock=19638_9cf1_3>
...
006 (2139381.000.000) 05/02 23:05:01 Image size of job updated: 103516
	52  -  MemoryUsage of job (MB)
	52952  -  ResidentSetSize of job (KB)
...
006 (2139381.000.000) 05/02 23:10:01 Image size of job updated: 230352
	175  -  MemoryUsage of job (MB)
	178728  -  ResidentSetSize of job (KB)
...
006 (2139381.000.000) 05/02 23:15:02 Image size of job updated: 284332
	240  -  MemoryUsage of job (MB)
	244740  -  ResidentSetSize of job (KB)
...
006 (2139381.000.000) 05/02 23:20:03 Image size of job updated: 309376
	256  -  MemoryUsage of job (MB)
	261396  -  ResidentSetSize of job (KB)
...
006 (2139381.000.000) 05/03 00:00:07 Image size of job updated: 313588
	256  -  MemoryUsage of job (MB)
	261396  -  ResidentSetSize of job (KB)
...
006 (2139381.000.000) 05/03 01:07:55 Image size of job updated: 743160
	256  -  MemoryUsage of job (MB)
	261396  -  ResidentSetSize of job (KB)
...
005 (2139381.000.000) 05/03 01:07:55 Job terminated.
	(1) Normal termination (return value 0)
		Usr 0 01:27:21, Sys 0 00:00:56  -  Run Remote Usage
		Usr 0 00:00:00, Sys 0 00:00:00  -  Run Local Usage
		Usr 0 01:27:21, Sys 0 00:00:56  -  Total Remote Usage
		Usr 0 00:00:00, Sys 0 00:00:00  -  Total Local Usage
	93812  -  Run Bytes Sent By Job
	486  -  Run Bytes Received By Job
	93812  -  Total Bytes Sent By Job
	486  -  Total Bytes Received By Job
	Partitionable Resources :    Usage  Request Allocated 
	   Cpus                 :                 1         1 
	   Disk (KB)            :      108        1   1583818 
	   Memory (MB)          :      256     2000      2000 
...
