000 (1694530.000.000) 03/13 10:19:10 Job submitted from host: <137.138.120.116:9618?addrs=137.138.120.116-9618+[2001-1458-d00-16--17b]-9618&noUDP&sock=2690491_9e79_37>
...
001 (1694530.000.000) 03/13 10:20:25 Job executing on host: <188.184.132.34:9618?addrs=188.184.132.34-9618+[--1]-9618&noUDP&sock=3851_5bb6_3>
...
006 (1694530.000.000) 03/13 10:20:33 Image size of job updated: 36280
	35  -  MemoryUsage of job (MB)
	35800  -  ResidentSetSize of job (KB)
...
006 (1694530.000.000) 03/13 10:25:33 Image size of job updated: 124588
	122  -  MemoryUsage of job (MB)
	124108  -  ResidentSetSize of job (KB)
...
006 (1694530.000.000) 03/13 10:30:34 Image size of job updated: 142716
	140  -  MemoryUsage of job (MB)
	142444  -  ResidentSetSize of job (KB)
...
006 (1694530.000.000) 03/13 10:45:36 Image size of job updated: 148144
	140  -  MemoryUsage of job (MB)
	142444  -  ResidentSetSize of job (KB)
...
006 (1694530.000.000) 03/13 10:50:37 Image size of job updated: 156284
	140  -  MemoryUsage of job (MB)
	142444  -  ResidentSetSize of job (KB)
...
006 (1694530.000.000) 03/13 11:00:38 Image size of job updated: 161452
	147  -  MemoryUsage of job (MB)
	150468  -  ResidentSetSize of job (KB)
...
006 (1694530.000.000) 03/13 12:53:45 Image size of job updated: 460172
	147  -  MemoryUsage of job (MB)
	150468  -  ResidentSetSize of job (KB)
...
005 (1694530.000.000) 03/13 12:54:27 Job terminated.
	(1) Normal termination (return value 0)
		Usr 0 01:26:12, Sys 0 00:01:28  -  Run Remote Usage
		Usr 0 00:00:00, Sys 0 00:00:00  -  Run Local Usage
		Usr 0 01:26:12, Sys 0 00:01:28  -  Total Remote Usage
		Usr 0 00:00:00, Sys 0 00:00:00  -  Total Local Usage
	82160  -  Run Bytes Sent By Job
	487  -  Run Bytes Received By Job
	82160  -  Total Bytes Sent By Job
	487  -  Total Bytes Received By Job
	Partitionable Resources :    Usage  Request Allocated 
	   Cpus                 :                 1         1 
	   Disk (KB)            :       96        1   1207347 
	   Memory (MB)          :      147     2000      2000 
...
