000 (5200222.000.000) 10/23 14:10:21 Job submitted from host: <137.138.120.116:9618?addrs=137.138.120.116-9618+[2001-1458-d00-16--17b]-9618&alias=bigbird12.cern.ch&noUDP&sock=schedd_1819_42dc_3>
...
040 (5200222.000.000) 10/23 14:11:43 Started transferring input files
	Transferring to host: <128.142.118.169:9618?addrs=128.142.118.169-9618&noUDP&sock=2615_4103_18836>
...
040 (5200222.000.000) 10/23 14:11:43 Finished transferring input files
...
001 (5200222.000.000) 10/23 14:11:44 Job executing on host: <128.142.118.169:9618?addrs=128.142.118.169-9618&noUDP&sock=1963_087f_3>
...
006 (5200222.000.000) 10/23 14:11:53 Image size of job updated: 70944
	27  -  MemoryUsage of job (MB)
	27400  -  ResidentSetSize of job (KB)
...
006 (5200222.000.000) 10/23 14:16:54 Image size of job updated: 233760
	197  -  MemoryUsage of job (MB)
	200860  -  ResidentSetSize of job (KB)
...
006 (5200222.000.000) 10/23 14:31:55 Image size of job updated: 242700
	197  -  MemoryUsage of job (MB)
	200860  -  ResidentSetSize of job (KB)
...
040 (5200222.000.000) 10/23 14:43:04 Started transferring output files
...
040 (5200222.000.000) 10/23 14:43:05 Finished transferring output files
...
005 (5200222.000.000) 10/23 14:43:05 Job terminated.
	(1) Normal termination (return value 0)
		Usr 0 00:28:33, Sys 0 00:00:20  -  Run Remote Usage
		Usr 0 00:00:00, Sys 0 00:00:00  -  Run Local Usage
		Usr 0 00:28:33, Sys 0 00:00:20  -  Total Remote Usage
		Usr 0 00:00:00, Sys 0 00:00:00  -  Total Local Usage
	55099  -  Run Bytes Sent By Job
	470  -  Run Bytes Received By Job
	55099  -  Total Bytes Sent By Job
	470  -  Total Bytes Received By Job
	Partitionable Resources :    Usage  Request Allocated 
	   Cpus                 :     0.90        1         1 
	   Disk (KB)            :    75           1    210158 
	   Memory (MB)          :   197        2000      2000 
...
