000 (1504479.000.000) 02/26 22:39:45 Job submitted from host: <137.138.120.116:9618?addrs=137.138.120.116-9618+[2001-1458-d00-16--17b]-9618&noUDP&sock=2690491_9e79_37>
...
001 (1504479.000.000) 02/26 22:42:53 Job executing on host: <188.185.214.35:9618?addrs=188.185.214.35-9618+[--1]-9618&noUDP&sock=2942_dc1f_115>
...
006 (1504479.000.000) 02/26 22:43:02 Image size of job updated: 424
	1  -  MemoryUsage of job (MB)
	424  -  ResidentSetSize of job (KB)
...
006 (1504479.000.000) 02/26 22:48:02 Image size of job updated: 82996
	68  -  MemoryUsage of job (MB)
	68908  -  ResidentSetSize of job (KB)
...
006 (1504479.000.000) 02/26 22:53:02 Image size of job updated: 175600
	158  -  MemoryUsage of job (MB)
	161512  -  ResidentSetSize of job (KB)
...
006 (1504479.000.000) 02/26 23:38:08 Image size of job updated: 175600
	162  -  MemoryUsage of job (MB)
	165540  -  ResidentSetSize of job (KB)
...
006 (1504479.000.000) 02/26 23:43:08 Image size of job updated: 175600
	162  -  MemoryUsage of job (MB)
	165816  -  ResidentSetSize of job (KB)
...
006 (1504479.000.000) 02/27 00:28:12 Image size of job updated: 175600
	167  -  MemoryUsage of job (MB)
	170396  -  ResidentSetSize of job (KB)
...
005 (1504479.000.000) 02/27 00:58:42 Job terminated.
	(1) Normal termination (return value 134)
		Usr 0 00:14:19, Sys 0 00:00:19  -  Run Remote Usage
		Usr 0 00:00:00, Sys 0 00:00:00  -  Run Local Usage
		Usr 0 00:14:19, Sys 0 00:00:19  -  Total Remote Usage
		Usr 0 00:00:00, Sys 0 00:00:00  -  Total Local Usage
	19820  -  Run Bytes Sent By Job
	474  -  Run Bytes Received By Job
	19820  -  Total Bytes Sent By Job
	474  -  Total Bytes Received By Job
	Partitionable Resources :    Usage  Request Allocated 
	   Cpus                 :                 1         1 
	   Disk (KB)            :       35        1   1334186 
	   Memory (MB)          :      167     2000      2000 
...
