000 (5166493.000.000) 10/08 10:21:07 Job submitted from host: <137.138.120.116:9618?addrs=137.138.120.116-9618+[2001-1458-d00-16--17b]-9618&alias=bigbird12.cern.ch&noUDP&sock=schedd_1819_42dc_3>
...
040 (5166493.000.000) 10/08 10:27:30 Started transferring input files
	Transferring to host: <128.142.104.140:9618?addrs=128.142.104.140-9618+[2001-1458-301-8b--100-7a]-9618&noUDP&sock=28531_6ba1_79442>
...
040 (5166493.000.000) 10/08 10:27:30 Finished transferring input files
...
001 (5166493.000.000) 10/08 10:27:31 Job executing on host: <128.142.104.140:9618?addrs=128.142.104.140-9618+[2001-1458-301-8b--100-7a]-9618&noUDP&sock=1309_718f_3>
...
006 (5166493.000.000) 10/08 10:27:40 Image size of job updated: 27132
	27  -  MemoryUsage of job (MB)
	27036  -  ResidentSetSize of job (KB)
...
006 (5166493.000.000) 10/08 10:32:40 Image size of job updated: 87608
	86  -  MemoryUsage of job (MB)
	87508  -  ResidentSetSize of job (KB)
...
006 (5166493.000.000) 10/08 10:57:43 Image size of job updated: 128568
	101  -  MemoryUsage of job (MB)
	103176  -  ResidentSetSize of job (KB)
...
006 (5166493.000.000) 10/08 11:02:44 Image size of job updated: 128568
	104  -  MemoryUsage of job (MB)
	105652  -  ResidentSetSize of job (KB)
...
040 (5166493.000.000) 10/08 11:03:30 Started transferring output files
...
040 (5166493.000.000) 10/08 11:03:30 Finished transferring output files
...
005 (5166493.000.000) 10/08 11:03:30 Job terminated.
	(1) Normal termination (return value 0)
		Usr 0 00:21:15, Sys 0 00:00:36  -  Run Remote Usage
		Usr 0 00:00:00, Sys 0 00:00:00  -  Run Local Usage
		Usr 0 00:21:15, Sys 0 00:00:36  -  Total Remote Usage
		Usr 0 00:00:00, Sys 0 00:00:00  -  Total Local Usage
	3205830  -  Run Bytes Sent By Job
	463  -  Run Bytes Received By Job
	3205830  -  Total Bytes Sent By Job
	463  -  Total Bytes Received By Job
	Partitionable Resources :    Usage  Request Allocated 
	   Cpus                 :     0.70        1         1 
	   Disk (KB)            :  3152           1    214685 
	   Memory (MB)          :   104        2000      2000 
...
