000 (2139699.000.000) 05/03 00:07:56 Job submitted from host: <137.138.120.116:9618?addrs=137.138.120.116-9618+[2001-1458-d00-16--17b]-9618&noUDP&sock=2690491_9e79_37>
...
001 (2139699.000.000) 05/03 00:10:51 Job executing on host: <188.184.205.61:9618?addrs=188.184.205.61-9618+[2001-1458-301-7d--100-15f]-9618&noUDP&sock=19515_3ecb_3>
...
006 (2139699.000.000) 05/03 00:11:00 Image size of job updated: 106220
	52  -  MemoryUsage of job (MB)
	53020  -  ResidentSetSize of job (KB)
...
006 (2139699.000.000) 05/03 00:16:01 Image size of job updated: 286608
	227  -  MemoryUsage of job (MB)
	232124  -  ResidentSetSize of job (KB)
...
006 (2139699.000.000) 05/03 01:06:07 Image size of job updated: 302152
	227  -  MemoryUsage of job (MB)
	232124  -  ResidentSetSize of job (KB)
...
006 (2139699.000.000) 05/03 01:21:08 Image size of job updated: 303228
	227  -  MemoryUsage of job (MB)
	232124  -  ResidentSetSize of job (KB)
...
006 (2139699.000.000) 05/03 01:36:10 Image size of job updated: 304204
	227  -  MemoryUsage of job (MB)
	232124  -  ResidentSetSize of job (KB)
...
006 (2139699.000.000) 05/03 02:21:15 Image size of job updated: 308456
	228  -  MemoryUsage of job (MB)
	232736  -  ResidentSetSize of job (KB)
...
006 (2139699.000.000) 05/03 02:31:16 Image size of job updated: 314224
	233  -  MemoryUsage of job (MB)
	238504  -  ResidentSetSize of job (KB)
...
005 (2139699.000.000) 05/03 21:14:58 Job terminated.
	(1) Normal termination (return value 0)
		Usr 0 09:57:10, Sys 0 00:06:32  -  Run Remote Usage
		Usr 0 00:00:00, Sys 0 00:00:00  -  Run Local Usage
		Usr 0 09:57:10, Sys 0 00:06:32  -  Total Remote Usage
		Usr 0 00:00:00, Sys 0 00:00:00  -  Total Local Usage
	1121411  -  Run Bytes Sent By Job
	477  -  Run Bytes Received By Job
	1121411  -  Total Bytes Sent By Job
	477  -  Total Bytes Received By Job
	Partitionable Resources :    Usage  Request Allocated 
	   Cpus                 :                 1         1 
	   Disk (KB)            :     1108        1   2142399 
	   Memory (MB)          :      233     2000      2000 
...
