000 (5200225.000.000) 10/23 14:16:26 Job submitted from host: <137.138.120.116:9618?addrs=137.138.120.116-9618+[2001-1458-d00-16--17b]-9618&alias=bigbird12.cern.ch&noUDP&sock=schedd_1819_42dc_3>
...
040 (5200225.000.000) 10/23 14:21:36 Started transferring input files
	Transferring to host: <188.184.139.107:9618?addrs=188.184.139.107-9618+[2001-1458-301-45--100-157]-9618&noUDP&sock=22633_bef1_95198>
...
040 (5200225.000.000) 10/23 14:21:36 Finished transferring input files
...
001 (5200225.000.000) 10/23 14:21:37 Job executing on host: <188.184.139.107:9618?addrs=188.184.139.107-9618+[2001-1458-301-45--100-157]-9618&noUDP&sock=5594_98e1_3>
...
006 (5200225.000.000) 10/23 14:21:45 Image size of job updated: 27384
	27  -  MemoryUsage of job (MB)
	27272  -  ResidentSetSize of job (KB)
...
006 (5200225.000.000) 10/23 14:26:45 Image size of job updated: 194420
	183  -  MemoryUsage of job (MB)
	186664  -  ResidentSetSize of job (KB)
...
006 (5200225.000.000) 10/23 14:31:46 Image size of job updated: 209424
	185  -  MemoryUsage of job (MB)
	189304  -  ResidentSetSize of job (KB)
...
006 (5200225.000.000) 10/23 14:32:40 Image size of job updated: 697964
	185  -  MemoryUsage of job (MB)
	189304  -  ResidentSetSize of job (KB)
...
040 (5200225.000.000) 10/23 14:32:40 Started transferring output files
...
040 (5200225.000.000) 10/23 14:32:40 Finished transferring output files
...
005 (5200225.000.000) 10/23 14:32:41 Job terminated.
	(1) Normal termination (return value 0)
		Usr 0 00:09:05, Sys 0 00:00:10  -  Run Remote Usage
		Usr 0 00:00:00, Sys 0 00:00:00  -  Run Local Usage
		Usr 0 00:09:05, Sys 0 00:00:10  -  Total Remote Usage
		Usr 0 00:00:00, Sys 0 00:00:00  -  Total Local Usage
	24873  -  Run Bytes Sent By Job
	470  -  Run Bytes Received By Job
	24873  -  Total Bytes Sent By Job
	470  -  Total Bytes Received By Job
	Partitionable Resources :    Usage  Request Allocated 
	   Cpus                 :     0.37        1         1 
	   Disk (KB)            :    46           1    307866 
	   Memory (MB)          :   185        2000      2000 
...
