000 (1503409.000.000) 02/26 18:58:04 Job submitted from host: <137.138.120.116:9618?addrs=137.138.120.116-9618+[2001-1458-d00-16--17b]-9618&noUDP&sock=2690491_9e79_37>
...
001 (1503409.000.000) 02/26 19:01:29 Job executing on host: <188.185.61.181:9618?addrs=188.185.61.181-9618+[--1]-9618&noUDP&sock=8749_4afd_3>
...
006 (1503409.000.000) 02/26 19:01:33 Image size of job updated: 1
	0  -  MemoryUsage of job (MB)
	0  -  ResidentSetSize of job (KB)
...
005 (1503409.000.000) 02/26 19:01:33 Job terminated.
	(1) Normal termination (return value 127)
		Usr 0 00:00:00, Sys 0 00:00:00  -  Run Remote Usage
		Usr 0 00:00:00, Sys 0 00:00:00  -  Run Local Usage
		Usr 0 00:00:00, Sys 0 00:00:00  -  Total Remote Usage
		Usr 0 00:00:00, Sys 0 00:00:00  -  Total Local Usage
	288  -  Run Bytes Sent By Job
	472  -  Run Bytes Received By Job
	288  -  Total Bytes Sent By Job
	472  -  Total Bytes Received By Job
	Partitionable Resources :    Usage  Request Allocated 
	   Cpus                 :                 1         1 
	   Disk (KB)            :       16        1   1382540 
	   Memory (MB)          :        0     2000      2000 
...
