000 (1694546.000.000) 03/13 10:25:49 Job submitted from host: <137.138.120.116:9618?addrs=137.138.120.116-9618+[2001-1458-d00-16--17b]-9618&noUDP&sock=2690491_9e79_37>
...
001 (1694546.000.000) 03/13 10:33:34 Job executing on host: <188.184.133.228:9618?addrs=188.184.133.228-9618+[--1]-9618&noUDP&sock=8880_d57d_3>
...
006 (1694546.000.000) 03/13 10:33:43 Image size of job updated: 53236
	39  -  MemoryUsage of job (MB)
	39124  -  ResidentSetSize of job (KB)
...
006 (1694546.000.000) 03/13 10:38:44 Image size of job updated: 154968
	147  -  MemoryUsage of job (MB)
	149952  -  ResidentSetSize of job (KB)
...
006 (1694546.000.000) 03/13 10:43:44 Image size of job updated: 154968
	147  -  MemoryUsage of job (MB)
	150168  -  ResidentSetSize of job (KB)
...
006 (1694546.000.000) 03/13 10:48:45 Image size of job updated: 157676
	150  -  MemoryUsage of job (MB)
	153320  -  ResidentSetSize of job (KB)
...
006 (1694546.000.000) 03/13 10:53:46 Image size of job updated: 164228
	157  -  MemoryUsage of job (MB)
	159872  -  ResidentSetSize of job (KB)
...
006 (1694546.000.000) 03/13 14:24:07 Image size of job updated: 164776
	157  -  MemoryUsage of job (MB)
	159872  -  ResidentSetSize of job (KB)
...
006 (1694546.000.000) 03/13 14:49:10 Image size of job updated: 167976
	157  -  MemoryUsage of job (MB)
	159872  -  ResidentSetSize of job (KB)
...
005 (1694546.000.000) 03/13 18:21:32 Job terminated.
	(1) Normal termination (return value 0)
		Usr 0 04:33:30, Sys 0 00:06:05  -  Run Remote Usage
		Usr 0 00:00:00, Sys 0 00:00:00  -  Run Local Usage
		Usr 0 04:33:30, Sys 0 00:06:05  -  Total Remote Usage
		Usr 0 00:00:00, Sys 0 00:00:00  -  Total Local Usage
	311480  -  Run Bytes Sent By Job
	487  -  Run Bytes Received By Job
	311480  -  Total Bytes Sent By Job
	487  -  Total Bytes Received By Job
	Partitionable Resources :    Usage  Request Allocated 
	   Cpus                 :                 1         1 
	   Disk (KB)            :      320        1    451748 
	   Memory (MB)          :      157     2000      2000 
...
