000 (2851736.000.000) 07/19 09:28:45 Job submitted from host: <137.138.120.116:9618?addrs=137.138.120.116-9618+[2001-1458-d00-16--17b]-9618&noUDP&sock=3677_b1d3_6>
...
001 (2851736.000.000) 07/19 09:35:30 Job executing on host: <188.184.204.128:9618?addrs=188.184.204.128-9618+[2001-1458-301-7d--100-87]-9618&noUDP&sock=19543_7372_3>
...
006 (2851736.000.000) 07/19 09:35:39 Image size of job updated: 106908
	53  -  MemoryUsage of job (MB)
	53656  -  ResidentSetSize of job (KB)
...
006 (2851736.000.000) 07/19 09:40:40 Image size of job updated: 145872
	90  -  MemoryUsage of job (MB)
	91188  -  ResidentSetSize of job (KB)
...
006 (2851736.000.000) 07/19 09:45:40 Image size of job updated: 161496
	105  -  MemoryUsage of job (MB)
	106812  -  ResidentSetSize of job (KB)
...
006 (2851736.000.000) 07/19 09:50:41 Image size of job updated: 164328
	105  -  MemoryUsage of job (MB)
	106812  -  ResidentSetSize of job (KB)
...
006 (2851736.000.000) 07/19 10:05:42 Image size of job updated: 255696
	205  -  MemoryUsage of job (MB)
	209164  -  ResidentSetSize of job (KB)
...
006 (2851736.000.000) 07/19 10:10:43 Image size of job updated: 259464
	205  -  MemoryUsage of job (MB)
	209164  -  ResidentSetSize of job (KB)
...
006 (2851736.000.000) 07/19 11:20:50 Image size of job updated: 259612
	205  -  MemoryUsage of job (MB)
	209164  -  ResidentSetSize of job (KB)
...
006 (2851736.000.000) 07/19 13:11:01 Image size of job updated: 262448
	205  -  MemoryUsage of job (MB)
	209164  -  ResidentSetSize of job (KB)
...
006 (2851736.000.000) 07/19 13:16:01 Image size of job updated: 263736
	205  -  MemoryUsage of job (MB)
	209164  -  ResidentSetSize of job (KB)
...
006 (2851736.000.000) 07/19 15:51:18 Image size of job updated: 264364
	205  -  MemoryUsage of job (MB)
	209164  -  ResidentSetSize of job (KB)
...
005 (2851736.000.000) 07/20 05:28:16 Job terminated.
	(1) Normal termination (return value 0)
		Usr 0 12:19:12, Sys 0 00:19:55  -  Run Remote Usage
		Usr 0 00:00:00, Sys 0 00:00:00  -  Run Local Usage
		Usr 0 12:19:12, Sys 0 00:19:55  -  Total Remote Usage
		Usr 0 00:00:00, Sys 0 00:00:00  -  Total Local Usage
	782313  -  Run Bytes Sent By Job
	579  -  Run Bytes Received By Job
	782313  -  Total Bytes Sent By Job
	579  -  Total Bytes Received By Job
	Partitionable Resources :    Usage  Request Allocated 
	   Cpus                 :                 1           
	   Disk (KB)            :      780        1   2116397 
	   Memory (MB)          :      205     2000      2000 
...
