000 (1589906.000.000) 03/04 15:34:06 Job submitted from host: <137.138.120.116:9618?addrs=137.138.120.116-9618+[2001-1458-d00-16--17b]-9618&noUDP&sock=2690491_9e79_37>
...
001 (1589906.000.000) 03/04 15:37:01 Job executing on host: <188.184.133.53:9618?addrs=188.184.133.53-9618+[--1]-9618&noUDP&sock=445_2023_203>
...
006 (1589906.000.000) 03/04 15:37:10 Image size of job updated: 148024
	130  -  MemoryUsage of job (MB)
	132796  -  ResidentSetSize of job (KB)
...
006 (1589906.000.000) 03/04 15:42:11 Image size of job updated: 174388
	130  -  MemoryUsage of job (MB)
	132796  -  ResidentSetSize of job (KB)
...
006 (1589906.000.000) 03/04 15:52:12 Image size of job updated: 174388
	134  -  MemoryUsage of job (MB)
	136408  -  ResidentSetSize of job (KB)
...
006 (1589906.000.000) 03/04 15:57:12 Image size of job updated: 174388
	135  -  MemoryUsage of job (MB)
	137316  -  ResidentSetSize of job (KB)
...
006 (1589906.000.000) 03/04 16:07:13 Image size of job updated: 174388
	135  -  MemoryUsage of job (MB)
	137368  -  ResidentSetSize of job (KB)
...
006 (1589906.000.000) 03/04 16:12:13 Image size of job updated: 174388
	138  -  MemoryUsage of job (MB)
	141264  -  ResidentSetSize of job (KB)
...
006 (1589906.000.000) 03/04 16:22:14 Image size of job updated: 174388
	147  -  MemoryUsage of job (MB)
	150160  -  ResidentSetSize of job (KB)
...
006 (1589906.000.000) 03/04 17:27:22 Image size of job updated: 178716
	157  -  MemoryUsage of job (MB)
	160440  -  ResidentSetSize of job (KB)
...
005 (1589906.000.000) 03/04 23:20:29 Job terminated.
	(1) Normal termination (return value 0)
		Usr 0 04:39:04, Sys 0 00:05:33  -  Run Remote Usage
		Usr 0 00:00:00, Sys 0 00:00:00  -  Run Local Usage
		Usr 0 04:39:04, Sys 0 00:05:33  -  Total Remote Usage
		Usr 0 00:00:00, Sys 0 00:00:00  -  Total Local Usage
	311831  -  Run Bytes Sent By Job
	476  -  Run Bytes Received By Job
	311831  -  Total Bytes Sent By Job
	476  -  Total Bytes Received By Job
	Partitionable Resources :    Usage  Request Allocated 
	   Cpus                 :                 1         1 
	   Disk (KB)            :      320        1   1766527 
	   Memory (MB)          :      157     2000      2000 
...
