000 (1601079.000.000) 03/05 17:02:46 Job submitted from host: <137.138.120.116:9618?addrs=137.138.120.116-9618+[2001-1458-d00-16--17b]-9618&noUDP&sock=2690491_9e79_37>
...
001 (1601079.000.000) 03/05 17:36:59 Job executing on host: <137.138.119.78:9618?addrs=137.138.119.78-9618+[--1]-9618&noUDP&sock=9593_e484_3>
...
006 (1601079.000.000) 03/05 17:37:07 Image size of job updated: 135016
	132  -  MemoryUsage of job (MB)
	134708  -  ResidentSetSize of job (KB)
...
006 (1601079.000.000) 03/05 17:42:07 Image size of job updated: 160636
	157  -  MemoryUsage of job (MB)
	160584  -  ResidentSetSize of job (KB)
...
006 (1601079.000.000) 03/05 17:56:49 Image size of job updated: 161824
	158  -  MemoryUsage of job (MB)
	161772  -  ResidentSetSize of job (KB)
...
006 (1601079.000.000) 03/05 21:59:09 Image size of job updated: 167680
	158  -  MemoryUsage of job (MB)
	161772  -  ResidentSetSize of job (KB)
...
006 (1601079.000.000) 03/05 22:39:13 Image size of job updated: 174384
	158  -  MemoryUsage of job (MB)
	161772  -  ResidentSetSize of job (KB)
...
006 (1601079.000.000) 03/06 03:49:47 Image size of job updated: 175092
	159  -  MemoryUsage of job (MB)
	162380  -  ResidentSetSize of job (KB)
...
005 (1601079.000.000) 03/06 05:15:24 Job terminated.
	(1) Normal termination (return value 0)
		Usr 0 06:16:47, Sys 0 00:06:49  -  Run Remote Usage
		Usr 0 00:00:00, Sys 0 00:00:00  -  Run Local Usage
		Usr 0 06:16:47, Sys 0 00:06:49  -  Total Remote Usage
		Usr 0 00:00:00, Sys 0 00:00:00  -  Total Local Usage
	380618  -  Run Bytes Sent By Job
	483  -  Run Bytes Received By Job
	380618  -  Total Bytes Sent By Job
	483  -  Total Bytes Received By Job
	Partitionable Resources :    Usage  Request Allocated 
	   Cpus                 :                 1         1 
	   Disk (KB)            :      387        1   2027746 
	   Memory (MB)          :      159     2000      2000 
...
