000 (1694492.000.000) 03/13 10:13:29 Job submitted from host: <137.138.120.116:9618?addrs=137.138.120.116-9618+[2001-1458-d00-16--17b]-9618&noUDP&sock=2690491_9e79_37>
...
001 (1694492.000.000) 03/13 10:20:31 Job executing on host: <128.142.64.77:9618?addrs=128.142.64.77-9618+[--1]-9618&noUDP&sock=8443_169a_3>
...
006 (1694492.000.000) 03/13 10:20:39 Image size of job updated: 3276
	3  -  MemoryUsage of job (MB)
	2140  -  ResidentSetSize of job (KB)
...
006 (1694492.000.000) 03/13 10:25:39 Image size of job updated: 163288
	154  -  MemoryUsage of job (MB)
	157368  -  ResidentSetSize of job (KB)
...
006 (1694492.000.000) 03/13 10:50:41 Image size of job updated: 166740
	158  -  MemoryUsage of job (MB)
	160828  -  ResidentSetSize of job (KB)
...
006 (1694492.000.000) 03/13 12:05:49 Image size of job updated: 167988
	159  -  MemoryUsage of job (MB)
	162072  -  ResidentSetSize of job (KB)
...
006 (1694492.000.000) 03/13 12:40:52 Image size of job updated: 168080
	159  -  MemoryUsage of job (MB)
	162164  -  ResidentSetSize of job (KB)
...
006 (1694492.000.000) 03/13 13:05:54 Image size of job updated: 169320
	160  -  MemoryUsage of job (MB)
	163408  -  ResidentSetSize of job (KB)
...
006 (1694492.000.000) 03/13 15:56:10 Image size of job updated: 174872
	160  -  MemoryUsage of job (MB)
	163408  -  ResidentSetSize of job (KB)
...
005 (1694492.000.000) 03/13 18:19:48 Job terminated.
	(1) Normal termination (return value 0)
		Usr 0 05:01:47, Sys 0 00:07:59  -  Run Remote Usage
		Usr 0 00:00:00, Sys 0 00:00:00  -  Run Local Usage
		Usr 0 05:01:47, Sys 0 00:07:59  -  Total Remote Usage
		Usr 0 00:00:00, Sys 0 00:00:00  -  Total Local Usage
	28756  -  Run Bytes Sent By Job
	487  -  Run Bytes Received By Job
	28756  -  Total Bytes Sent By Job
	487  -  Total Bytes Received By Job
	Partitionable Resources :    Usage  Request Allocated 
	   Cpus                 :                 1         1 
	   Disk (KB)            :       44        1    378889 
	   Memory (MB)          :      160     2000      2000 
...
