000 (5166583.000.000) 10/08 13:05:22 Job submitted from host: <137.138.120.116:9618?addrs=137.138.120.116-9618+[2001-1458-d00-16--17b]-9618&alias=bigbird12.cern.ch&noUDP&sock=schedd_1819_42dc_3>
...
040 (5166583.000.000) 10/08 13:09:48 Started transferring input files
	Transferring to host: <128.142.64.34:9618?addrs=128.142.64.34-9618&noUDP&sock=3228_2afc_5943>
...
040 (5166583.000.000) 10/08 13:09:48 Finished transferring input files
...
001 (5166583.000.000) 10/08 13:09:49 Job executing on host: <128.142.64.34:9618?addrs=128.142.64.34-9618&noUDP&sock=2145_debc_3>
...
006 (5166583.000.000) 10/08 13:09:58 Image size of job updated: 73912
	27  -  MemoryUsage of job (MB)
	26916  -  ResidentSetSize of job (KB)
...
006 (5166583.000.000) 10/08 13:14:59 Image size of job updated: 131596
	90  -  MemoryUsage of job (MB)
	91540  -  ResidentSetSize of job (KB)
...
006 (5166583.000.000) 10/08 13:20:50 Image size of job updated: 173276
	90  -  MemoryUsage of job (MB)
	91540  -  ResidentSetSize of job (KB)
...
040 (5166583.000.000) 10/08 13:20:50 Started transferring output files
...
040 (5166583.000.000) 10/08 13:20:50 Finished transferring output files
...
005 (5166583.000.000) 10/08 13:20:50 Job terminated.
	(1) Normal termination (return value 0)
		Usr 0 00:07:33, Sys 0 00:00:17  -  Run Remote Usage
		Usr 0 00:00:00, Sys 0 00:00:00  -  Run Local Usage
		Usr 0 00:07:33, Sys 0 00:00:17  -  Total Remote Usage
		Usr 0 00:00:00, Sys 0 00:00:00  -  Total Local Usage
	1523012  -  Run Bytes Sent By Job
	463  -  Run Bytes Received By Job
	1523012  -  Total Bytes Sent By Job
	463  -  Total Bytes Received By Job
	Partitionable Resources :    Usage  Request Allocated 
	   Cpus                 :     0.80        1         1 
	   Disk (KB)            :  1509           1    241830 
	   Memory (MB)          :    90        2000      2000 
...
