000 (2151260.000.000) 05/07 12:31:56 Job submitted from host: <137.138.120.116:9618?addrs=137.138.120.116-9618+[2001-1458-d00-16--17b]-9618&noUDP&sock=2690491_9e79_37>
...
001 (2151260.000.000) 05/07 12:51:48 Job executing on host: <188.184.197.17:9618?addrs=188.184.197.17-9618+[2001-1458-301-103--100-20]-9618&noUDP&sock=5735_4fbb_3>
...
006 (2151260.000.000) 05/07 12:51:56 Image size of job updated: 54800
	53  -  MemoryUsage of job (MB)
	53664  -  ResidentSetSize of job (KB)
...
006 (2151260.000.000) 05/07 12:56:56 Image size of job updated: 55912
	54  -  MemoryUsage of job (MB)
	54776  -  ResidentSetSize of job (KB)
...
006 (2151260.000.000) 05/07 13:01:57 Image size of job updated: 106108
	103  -  MemoryUsage of job (MB)
	104964  -  ResidentSetSize of job (KB)
...
006 (2151260.000.000) 05/07 13:11:57 Image size of job updated: 231164
	222  -  MemoryUsage of job (MB)
	227240  -  ResidentSetSize of job (KB)
...
006 (2151260.000.000) 05/07 13:21:58 Image size of job updated: 232252
	222  -  MemoryUsage of job (MB)
	227240  -  ResidentSetSize of job (KB)
...
006 (2151260.000.000) 05/07 13:52:02 Image size of job updated: 237056
	222  -  MemoryUsage of job (MB)
	227240  -  ResidentSetSize of job (KB)
...
006 (2151260.000.000) 05/07 14:12:04 Image size of job updated: 240900
	222  -  MemoryUsage of job (MB)
	227240  -  ResidentSetSize of job (KB)
...
006 (2151260.000.000) 05/07 15:32:11 Image size of job updated: 253060
	222  -  MemoryUsage of job (MB)
	227240  -  ResidentSetSize of job (KB)
...
006 (2151260.000.000) 05/07 15:47:12 Image size of job updated: 254324
	222  -  MemoryUsage of job (MB)
	227240  -  ResidentSetSize of job (KB)
...
005 (2151260.000.000) 05/07 16:16:20 Job terminated.
	(1) Normal termination (return value 0)
		Usr 0 02:15:37, Sys 0 00:03:01  -  Run Remote Usage
		Usr 0 00:00:00, Sys 0 00:00:00  -  Run Local Usage
		Usr 0 02:15:37, Sys 0 00:03:01  -  Total Remote Usage
		Usr 0 00:00:00, Sys 0 00:00:00  -  Total Local Usage
	164086  -  Run Bytes Sent By Job
	486  -  Run Bytes Received By Job
	164086  -  Total Bytes Sent By Job
	486  -  Total Bytes Received By Job
	Partitionable Resources :    Usage  Request Allocated 
	   Cpus                 :                 1         1 
	   Disk (KB)            :      177        1   2435569 
	   Memory (MB)          :      222     2000      2000 
...
