000 (1618208.000.000) 03/06 22:22:09 Job submitted from host: <137.138.120.116:9618?addrs=137.138.120.116-9618+[2001-1458-d00-16--17b]-9618&noUDP&sock=2690491_9e79_37>
...
001 (1618208.000.000) 03/06 22:40:06 Job executing on host: <188.185.158.117:9618?addrs=188.185.158.117-9618+[--1]-9618&noUDP&sock=8622_5284_184>
...
006 (1618208.000.000) 03/06 22:40:15 Image size of job updated: 225392
	3  -  MemoryUsage of job (MB)
	2636  -  ResidentSetSize of job (KB)
...
006 (1618208.000.000) 03/06 22:45:15 Image size of job updated: 303836
	66  -  MemoryUsage of job (MB)
	66884  -  ResidentSetSize of job (KB)
...
006 (1618208.000.000) 03/06 22:50:16 Image size of job updated: 313700
	75  -  MemoryUsage of job (MB)
	76748  -  ResidentSetSize of job (KB)
...
006 (1618208.000.000) 03/06 22:55:16 Image size of job updated: 391092
	151  -  MemoryUsage of job (MB)
	154140  -  ResidentSetSize of job (KB)
...
006 (1618208.000.000) 03/06 23:10:17 Image size of job updated: 395480
	155  -  MemoryUsage of job (MB)
	158528  -  ResidentSetSize of job (KB)
...
006 (1618208.000.000) 03/06 23:40:20 Image size of job updated: 395480
	156  -  MemoryUsage of job (MB)
	159216  -  ResidentSetSize of job (KB)
...
006 (1618208.000.000) 03/07 00:31:50 Image size of job updated: 395480
	160  -  MemoryUsage of job (MB)
	163544  -  ResidentSetSize of job (KB)
...
006 (1618208.000.000) 03/07 01:06:52 Image size of job updated: 395480
	165  -  MemoryUsage of job (MB)
	168484  -  ResidentSetSize of job (KB)
...
001 (1618208.000.000) 03/07 12:00:15 Job executing on host: <188.185.176.13:9618?addrs=188.185.176.13-9618+[--1]-9618&noUDP&sock=9050_7097_3>
...
005 (1618208.000.000) 03/07 22:46:07 Job terminated.
	(1) Normal termination (return value 0)
		Usr 0 01:25:33, Sys 0 00:01:31  -  Run Remote Usage
		Usr 0 00:00:00, Sys 0 00:00:00  -  Run Local Usage
		Usr 0 01:25:33, Sys 0 00:01:31  -  Total Remote Usage
		Usr 0 00:00:00, Sys 0 00:00:00  -  Total Local Usage
	85288  -  Run Bytes Sent By Job
	483  -  Run Bytes Received By Job
	85288  -  Total Bytes Sent By Job
	966  -  Total Bytes Received By Job
	Partitionable Resources :    Usage  Request Allocated 
	   Cpus                 :                 1         1 
	   Disk (KB)            :       97       75   4197740 
	   Memory (MB)          :      171     2000      2000 
...
