000 (5200233.000.000) 10/23 14:29:18 Job submitted from host: <137.138.120.116:9618?addrs=137.138.120.116-9618+[2001-1458-d00-16--17b]-9618&alias=bigbird12.cern.ch&noUDP&sock=schedd_1819_42dc_3>
...
040 (5200233.000.000) 10/23 14:43:06 Started transferring input files
	Transferring to host: <128.142.118.169:9618?addrs=128.142.118.169-9618&noUDP&sock=2615_4103_18850>
...
040 (5200233.000.000) 10/23 14:43:06 Finished transferring input files
...
001 (5200233.000.000) 10/23 14:43:07 Job executing on host: <128.142.118.169:9618?addrs=128.142.118.169-9618&noUDP&sock=1963_087f_3>
...
006 (5200233.000.000) 10/23 14:43:16 Image size of job updated: 31680
	27  -  MemoryUsage of job (MB)
	27384  -  ResidentSetSize of job (KB)
...
006 (5200233.000.000) 10/23 14:48:16 Image size of job updated: 206864
	189  -  MemoryUsage of job (MB)
	192588  -  ResidentSetSize of job (KB)
...
006 (5200233.000.000) 10/23 14:53:16 Image size of job updated: 212136
	189  -  MemoryUsage of job (MB)
	192588  -  ResidentSetSize of job (KB)
...
040 (5200233.000.000) 10/23 14:56:43 Started transferring output files
...
040 (5200233.000.000) 10/23 14:56:47 Finished transferring output files
...
005 (5200233.000.000) 10/23 14:56:47 Job terminated.
	(1) Normal termination (return value 0)
		Usr 0 00:11:59, Sys 0 00:00:13  -  Run Remote Usage
		Usr 0 00:00:00, Sys 0 00:00:00  -  Run Local Usage
		Usr 0 00:11:59, Sys 0 00:00:13  -  Total Remote Usage
		Usr 0 00:00:00, Sys 0 00:00:00  -  Total Local Usage
	31591  -  Run Bytes Sent By Job
	470  -  Run Bytes Received By Job
	31591  -  Total Bytes Sent By Job
	470  -  Total Bytes Received By Job
	Partitionable Resources :    Usage  Request Allocated 
	   Cpus                 :     0.91        1         1 
	   Disk (KB)            :    53           1    210841 
	   Memory (MB)          :   189        2000      2000 
...
