000 (5166584.000.000) 10/08 13:05:55 Job submitted from host: <137.138.120.116:9618?addrs=137.138.120.116-9618+[2001-1458-d00-16--17b]-9618&alias=bigbird12.cern.ch&noUDP&sock=schedd_1819_42dc_3>
...
040 (5166584.000.000) 10/08 13:09:33 Started transferring input files
	Transferring to host: <188.184.132.201:9618?addrs=188.184.132.201-9618&noUDP&sock=3087_d217_7298>
...
040 (5166584.000.000) 10/08 13:09:33 Finished transferring input files
...
001 (5166584.000.000) 10/08 13:09:34 Job executing on host: <188.184.132.201:9618?addrs=188.184.132.201-9618&noUDP&sock=1975_43a2_3>
...
006 (5166584.000.000) 10/08 13:09:43 Image size of job updated: 73816
	27  -  MemoryUsage of job (MB)
	26904  -  ResidentSetSize of job (KB)
...
006 (5166584.000.000) 10/08 13:14:43 Image size of job updated: 171336
	121  -  MemoryUsage of job (MB)
	123492  -  ResidentSetSize of job (KB)
...
006 (5166584.000.000) 10/08 13:19:43 Image size of job updated: 189788
	136  -  MemoryUsage of job (MB)
	138460  -  ResidentSetSize of job (KB)
...
006 (5166584.000.000) 10/08 13:23:19 Image size of job updated: 685772
	136  -  MemoryUsage of job (MB)
	138460  -  ResidentSetSize of job (KB)
...
040 (5166584.000.000) 10/08 13:23:19 Started transferring output files
...
040 (5166584.000.000) 10/08 13:23:19 Finished transferring output files
...
005 (5166584.000.000) 10/08 13:23:20 Job terminated.
	(1) Normal termination (return value 0)
		Usr 0 00:09:17, Sys 0 00:00:22  -  Run Remote Usage
		Usr 0 00:00:00, Sys 0 00:00:00  -  Run Local Usage
		Usr 0 00:09:17, Sys 0 00:00:22  -  Total Remote Usage
		Usr 0 00:00:00, Sys 0 00:00:00  -  Total Local Usage
	1524570  -  Run Bytes Sent By Job
	463  -  Run Bytes Received By Job
	1524570  -  Total Bytes Sent By Job
	463  -  Total Bytes Received By Job
	Partitionable Resources :    Usage  Request Allocated 
	   Cpus                 :     0.78        1         1 
	   Disk (KB)            :  1510           1    195532 
	   Memory (MB)          :   136        2000      2000 
...
