000 (1694512.000.000) 03/13 10:16:20 Job submitted from host: <137.138.120.116:9618?addrs=137.138.120.116-9618+[2001-1458-d00-16--17b]-9618&noUDP&sock=2690491_9e79_37>
...
001 (1694512.000.000) 03/13 10:20:25 Job executing on host: <137.138.119.104:9618?addrs=137.138.119.104-9618+[--1]-9618&noUDP&sock=9602_2453_3>
...
006 (1694512.000.000) 03/13 10:20:33 Image size of job updated: 88944
	74  -  MemoryUsage of job (MB)
	74828  -  ResidentSetSize of job (KB)
...
006 (1694512.000.000) 03/13 10:25:33 Image size of job updated: 159948
	143  -  MemoryUsage of job (MB)
	145820  -  ResidentSetSize of job (KB)
...
006 (1694512.000.000) 03/13 10:35:35 Image size of job updated: 164124
	147  -  MemoryUsage of job (MB)
	150308  -  ResidentSetSize of job (KB)
...
006 (1694512.000.000) 03/13 10:40:35 Image size of job updated: 164124
	149  -  MemoryUsage of job (MB)
	152524  -  ResidentSetSize of job (KB)
...
006 (1694512.000.000) 03/13 10:45:36 Image size of job updated: 164124
	151  -  MemoryUsage of job (MB)
	154308  -  ResidentSetSize of job (KB)
...
006 (1694512.000.000) 03/13 10:50:37 Image size of job updated: 164124
	156  -  MemoryUsage of job (MB)
	159392  -  ResidentSetSize of job (KB)
...
005 (1694512.000.000) 03/13 12:51:39 Job terminated.
	(1) Normal termination (return value 0)
		Usr 0 01:20:27, Sys 0 00:01:30  -  Run Remote Usage
		Usr 0 00:00:00, Sys 0 00:00:00  -  Run Local Usage
		Usr 0 01:20:27, Sys 0 00:01:30  -  Total Remote Usage
		Usr 0 00:00:00, Sys 0 00:00:00  -  Total Local Usage
	83135  -  Run Bytes Sent By Job
	487  -  Run Bytes Received By Job
	83135  -  Total Bytes Sent By Job
	487  -  Total Bytes Received By Job
	Partitionable Resources :    Usage  Request Allocated 
	   Cpus                 :                 1         1 
	   Disk (KB)            :       97        1   1672154 
	   Memory (MB)          :      156     2000      2000 
...
