000 (1617899.000.000) 03/06 21:46:34 Job submitted from host: <137.138.120.116:9618?addrs=137.138.120.116-9618+[2001-1458-d00-16--17b]-9618&noUDP&sock=2690491_9e79_37>
...
001 (1617899.000.000) 03/06 21:54:25 Job executing on host: <137.138.43.116:9618?addrs=137.138.43.116-9618+[--1]-9618&noUDP&sock=9137_0e8c_3>
...
006 (1617899.000.000) 03/06 21:54:31 Image size of job updated: 13480
	0  -  MemoryUsage of job (MB)
	0  -  ResidentSetSize of job (KB)
...
005 (1617899.000.000) 03/06 21:54:31 Job terminated.
	(1) Normal termination (return value 127)
		Usr 0 00:00:00, Sys 0 00:00:00  -  Run Remote Usage
		Usr 0 00:00:00, Sys 0 00:00:00  -  Run Local Usage
		Usr 0 00:00:00, Sys 0 00:00:00  -  Total Remote Usage
		Usr 0 00:00:00, Sys 0 00:00:00  -  Total Local Usage
	280  -  Run Bytes Sent By Job
	483  -  Run Bytes Received By Job
	280  -  Total Bytes Sent By Job
	483  -  Total Bytes Received By Job
	Partitionable Resources :    Usage  Request Allocated 
	   Cpus                 :                 1         1 
	   Disk (KB)            :       16        1   1881616 
	   Memory (MB)          :        0     2000      2000 
...
