000 (5166526.000.000) 10/08 11:15:37 Job submitted from host: <137.138.120.116:9618?addrs=137.138.120.116-9618+[2001-1458-d00-16--17b]-9618&alias=bigbird12.cern.ch&noUDP&sock=schedd_1819_42dc_3>
...
040 (5166526.000.000) 10/08 11:22:30 Started transferring input files
	Transferring to host: <188.184.212.141:9618?addrs=188.184.212.141-9618+[2001-1458-301-10c--100-69]-9618&noUDP&sock=12105_d145_60344>
...
040 (5166526.000.000) 10/08 11:22:30 Finished transferring input files
...
001 (5166526.000.000) 10/08 11:22:31 Job executing on host: <188.184.212.141:9618?addrs=188.184.212.141-9618+[2001-1458-301-10c--100-69]-9618&noUDP&sock=5693_80c1_3>
...
006 (5166526.000.000) 10/08 11:22:35 Image size of job updated: 59376
	0  -  MemoryUsage of job (MB)
	0  -  ResidentSetSize of job (KB)
...
040 (5166526.000.000) 10/08 11:22:35 Started transferring output files
...
040 (5166526.000.000) 10/08 11:22:35 Finished transferring output files
...
005 (5166526.000.000) 10/08 11:22:35 Job terminated.
	(1) Normal termination (return value 0)
		Usr 0 00:00:02, Sys 0 00:00:00  -  Run Remote Usage
		Usr 0 00:00:00, Sys 0 00:00:00  -  Run Local Usage
		Usr 0 00:00:02, Sys 0 00:00:00  -  Total Remote Usage
		Usr 0 00:00:00, Sys 0 00:00:00  -  Total Local Usage
	57264  -  Run Bytes Sent By Job
	463  -  Run Bytes Received By Job
	57264  -  Total Bytes Sent By Job
	463  -  Total Bytes Received By Job
	Partitionable Resources :    Usage  Request Allocated 
	   Cpus                 :        0        1         1 
	   Disk (KB)            :       77        1    284454 
	   Memory (MB)          :        0     2000      2000 
...
