000 (1503614.000.000) 02/26 19:11:16 Job submitted from host: <137.138.120.116:9618?addrs=137.138.120.116-9618+[2001-1458-d00-16--17b]-9618&noUDP&sock=2690491_9e79_37>
...
001 (1503614.000.000) 02/26 19:15:36 Job executing on host: <128.142.64.117:9618?addrs=128.142.64.117-9618+[--1]-9618&noUDP&sock=8660_71e6_3>
...
006 (1503614.000.000) 02/26 19:15:44 Image size of job updated: 1356
	2  -  MemoryUsage of job (MB)
	1056  -  ResidentSetSize of job (KB)
...
006 (1503614.000.000) 02/26 19:20:44 Image size of job updated: 154136
	145  -  MemoryUsage of job (MB)
	147740  -  ResidentSetSize of job (KB)
...
006 (1503614.000.000) 02/26 19:25:45 Image size of job updated: 155756
	147  -  MemoryUsage of job (MB)
	149984  -  ResidentSetSize of job (KB)
...
006 (1503614.000.000) 02/26 19:35:50 Image size of job updated: 163480
	155  -  MemoryUsage of job (MB)
	158048  -  ResidentSetSize of job (KB)
...
006 (1503614.000.000) 02/26 20:20:50 Image size of job updated: 173832
	164  -  MemoryUsage of job (MB)
	167744  -  ResidentSetSize of job (KB)
...
005 (1503614.000.000) 02/26 23:51:39 Job terminated.
	(1) Normal termination (return value 0)
		Usr 0 02:54:56, Sys 0 00:02:55  -  Run Remote Usage
		Usr 0 00:00:00, Sys 0 00:00:00  -  Run Local Usage
		Usr 0 02:54:56, Sys 0 00:02:55  -  Total Remote Usage
		Usr 0 00:00:00, Sys 0 00:00:00  -  Total Local Usage
	106430  -  Run Bytes Sent By Job
	472  -  Run Bytes Received By Job
	106430  -  Total Bytes Sent By Job
	472  -  Total Bytes Received By Job
	Partitionable Resources :    Usage  Request Allocated 
	   Cpus                 :                 1         1 
	   Disk (KB)            :      120        1   1251765 
	   Memory (MB)          :      164     2000      2000 
...
