000 (3161882.000.000) 09/12 11:20:16 Job submitted from host: <137.138.120.116:9618?addrs=137.138.120.116-9618+[2001-1458-d00-16--17b]-9618&alias=bigbird12.cern.ch&noUDP&sock=schedd_3291_ee45_3>
...
040 (3161882.000.000) 09/12 12:38:52 Started transferring input files
	Transferring to host: <188.185.197.68:9618?addrs=188.185.197.68-9618+[2001-1459-301-49--100-38]-9618&noUDP&sock=17275_8cd8_65243>
...
040 (3161882.000.000) 09/12 12:38:52 Finished transferring input files
...
001 (3161882.000.000) 09/12 12:38:54 Job executing on host: <188.185.197.68:9618?addrs=188.185.197.68-9618+[2001-1459-301-49--100-38]-9618&noUDP&sock=17194_3b7a_3>
...
006 (3161882.000.000) 09/12 12:39:02 Image size of job updated: 756
	1  -  MemoryUsage of job (MB)
	756  -  ResidentSetSize of job (KB)
...
006 (3161882.000.000) 09/12 12:44:02 Image size of job updated: 73404
	27  -  MemoryUsage of job (MB)
	27004  -  ResidentSetSize of job (KB)
...
006 (3161882.000.000) 09/12 12:49:02 Image size of job updated: 73668
	27  -  MemoryUsage of job (MB)
	27268  -  ResidentSetSize of job (KB)
...
006 (3161882.000.000) 09/12 12:54:03 Image size of job updated: 73952
	27  -  MemoryUsage of job (MB)
	27552  -  ResidentSetSize of job (KB)
...
006 (3161882.000.000) 09/12 12:59:04 Image size of job updated: 74204
	28  -  MemoryUsage of job (MB)
	27804  -  ResidentSetSize of job (KB)
...
006 (3161882.000.000) 09/12 13:04:04 Image size of job updated: 139216
	90  -  MemoryUsage of job (MB)
	91368  -  ResidentSetSize of job (KB)
...
006 (3161882.000.000) 09/12 13:14:05 Image size of job updated: 139216
	108  -  MemoryUsage of job (MB)
	109728  -  ResidentSetSize of job (KB)
...
006 (3161882.000.000) 09/12 13:24:06 Image size of job updated: 179564
	150  -  MemoryUsage of job (MB)
	152968  -  ResidentSetSize of job (KB)
...
006 (3161882.000.000) 09/12 13:39:08 Image size of job updated: 188440
	159  -  MemoryUsage of job (MB)
	161844  -  ResidentSetSize of job (KB)
...
006 (3161882.000.000) 09/12 13:44:09 Image size of job updated: 229976
	199  -  MemoryUsage of job (MB)
	203380  -  ResidentSetSize of job (KB)
...
006 (3161882.000.000) 09/12 19:30:39 Image size of job updated: 232496
	199  -  MemoryUsage of job (MB)
	203380  -  ResidentSetSize of job (KB)
...
006 (3161882.000.000) 09/12 19:35:40 Image size of job updated: 232700
	199  -  MemoryUsage of job (MB)
	203380  -  ResidentSetSize of job (KB)
...
006 (3161882.000.000) 09/12 22:15:56 Image size of job updated: 234256
	199  -  MemoryUsage of job (MB)
	203380  -  ResidentSetSize of job (KB)
...
006 (3161882.000.000) 09/12 22:35:58 Image size of job updated: 236888
	199  -  MemoryUsage of job (MB)
	203380  -  ResidentSetSize of job (KB)
...
006 (3161882.000.000) 09/13 01:26:14 Image size of job updated: 237736
	199  -  MemoryUsage of job (MB)
	203380  -  ResidentSetSize of job (KB)
...
006 (3161882.000.000) 09/13 08:52:00 Image size of job updated: 239804
	199  -  MemoryUsage of job (MB)
	203380  -  ResidentSetSize of job (KB)
...
006 (3161882.000.000) 09/13 18:11:58 Image size of job updated: 242144
	199  -  MemoryUsage of job (MB)
	203380  -  ResidentSetSize of job (KB)
...
040 (3161882.000.000) 09/14 01:43:34 Started transferring output files
...
040 (3161882.000.000) 09/14 01:43:37 Finished transferring output files
...
005 (3161882.000.000) 09/14 01:43:37 Job terminated.
	(1) Normal termination (return value 134)
		Usr 0 13:25:52, Sys 0 00:12:04  -  Run Remote Usage
		Usr 0 00:00:00, Sys 0 00:00:00  -  Run Local Usage
		Usr 0 13:25:52, Sys 0 00:12:04  -  Total Remote Usage
		Usr 0 00:00:00, Sys 0 00:00:00  -  Total Local Usage
	14078955  -  Run Bytes Sent By Job
	700  -  Run Bytes Received By Job
	14078955  -  Total Bytes Sent By Job
	700  -  Total Bytes Received By Job
	Partitionable Resources :    Usage  Request Allocated 
	   Cpus                 :                 1           
	   Disk (KB)            :    13762        1   3794819 
	   Memory (MB)          :      199     2000      2000 
...
