000 (1618246.000.000) 03/06 22:23:05 Job submitted from host: <137.138.120.116:9618?addrs=137.138.120.116-9618+[2001-1458-d00-16--17b]-9618&noUDP&sock=2690491_9e79_37>
...
001 (1618246.000.000) 03/06 22:40:51 Job executing on host: <188.185.243.199:9618?addrs=188.185.243.199-9618+[--1]-9618&noUDP&sock=9147_f947_3>
...
006 (1618246.000.000) 03/06 22:41:00 Image size of job updated: 102312
	95  -  MemoryUsage of job (MB)
	97236  -  ResidentSetSize of job (KB)
...
006 (1618246.000.000) 03/06 22:46:01 Image size of job updated: 102312
	96  -  MemoryUsage of job (MB)
	97756  -  ResidentSetSize of job (KB)
...
006 (1618246.000.000) 03/06 23:01:03 Image size of job updated: 159940
	150  -  MemoryUsage of job (MB)
	153368  -  ResidentSetSize of job (KB)
...
006 (1618246.000.000) 03/06 23:06:04 Image size of job updated: 161036
	152  -  MemoryUsage of job (MB)
	155592  -  ResidentSetSize of job (KB)
...
006 (1618246.000.000) 03/06 23:36:08 Image size of job updated: 165212
	157  -  MemoryUsage of job (MB)
	159768  -  ResidentSetSize of job (KB)
...
006 (1618246.000.000) 03/07 00:52:23 Image size of job updated: 167088
	158  -  MemoryUsage of job (MB)
	161644  -  ResidentSetSize of job (KB)
...
006 (1618246.000.000) 03/07 08:58:14 Image size of job updated: 181156
	172  -  MemoryUsage of job (MB)
	175712  -  ResidentSetSize of job (KB)
...
006 (1618246.000.000) 03/07 19:06:13 Image size of job updated: 192084
	186  -  MemoryUsage of job (MB)
	190100  -  ResidentSetSize of job (KB)
...
005 (1618246.000.000) 03/08 22:06:18 Job terminated.
	(1) Normal termination (return value 0)
		Usr 0 06:48:29, Sys 0 00:07:01  -  Run Remote Usage
		Usr 0 00:00:00, Sys 0 00:00:00  -  Run Local Usage
		Usr 0 06:48:29, Sys 0 00:07:01  -  Total Remote Usage
		Usr 0 00:00:00, Sys 0 00:00:00  -  Total Local Usage
	382390  -  Run Bytes Sent By Job
	483  -  Run Bytes Received By Job
	382390  -  Total Bytes Sent By Job
	483  -  Total Bytes Received By Job
	Partitionable Resources :    Usage  Request Allocated 
	   Cpus                 :                 1         1 
	   Disk (KB)            :      386        1   1949322 
	   Memory (MB)          :      186     2000      2000 
...
