000 (1600901.000.000) 03/05 16:53:46 Job submitted from host: <137.138.120.116:9618?addrs=137.138.120.116-9618+[2001-1458-d00-16--17b]-9618&noUDP&sock=2690491_9e79_37>
...
001 (1600901.000.000) 03/05 17:31:07 Job executing on host: <137.138.119.78:9618?addrs=137.138.119.78-9618+[--1]-9618&noUDP&sock=9593_e484_3>
...
006 (1600901.000.000) 03/05 17:31:26 Image size of job updated: 159872
	144  -  MemoryUsage of job (MB)
	146664  -  ResidentSetSize of job (KB)
...
006 (1600901.000.000) 03/05 17:41:15 Image size of job updated: 161908
	144  -  MemoryUsage of job (MB)
	146664  -  ResidentSetSize of job (KB)
...
006 (1600901.000.000) 03/05 18:06:18 Image size of job updated: 170884
	144  -  MemoryUsage of job (MB)
	146664  -  ResidentSetSize of job (KB)
...
006 (1600901.000.000) 03/05 19:11:25 Image size of job updated: 174792
	148  -  MemoryUsage of job (MB)
	150540  -  ResidentSetSize of job (KB)
...
005 (1600901.000.000) 03/05 19:45:17 Job terminated.
	(1) Normal termination (return value 0)
		Usr 0 01:22:41, Sys 0 00:01:39  -  Run Remote Usage
		Usr 0 00:00:00, Sys 0 00:00:00  -  Run Local Usage
		Usr 0 01:22:41, Sys 0 00:01:39  -  Total Remote Usage
		Usr 0 00:00:00, Sys 0 00:00:00  -  Total Local Usage
	82188  -  Run Bytes Sent By Job
	483  -  Run Bytes Received By Job
	82188  -  Total Bytes Sent By Job
	483  -  Total Bytes Received By Job
	Partitionable Resources :    Usage  Request Allocated 
	   Cpus                 :                 1         1 
	   Disk (KB)            :       96        1   2019243 
	   Memory (MB)          :      148     2000      2000 
...
