000 (1813508.000.000) 03/27 09:40:25 Job submitted from host: <137.138.120.116:9618?addrs=137.138.120.116-9618+[2001-1458-d00-16--17b]-9618&noUDP&sock=2690491_9e79_37>
...
001 (1813508.000.000) 03/27 10:45:25 Job executing on host: <188.185.206.20:9618?addrs=188.185.206.20-9618+[--1]-9618&noUDP&sock=9352_5b0e_7>
...
006 (1813508.000.000) 03/27 10:45:35 Image size of job updated: 5388
	4  -  MemoryUsage of job (MB)
	3352  -  ResidentSetSize of job (KB)
...
006 (1813508.000.000) 03/27 10:50:36 Image size of job updated: 198652
	188  -  MemoryUsage of job (MB)
	191948  -  ResidentSetSize of job (KB)
...
006 (1813508.000.000) 03/27 11:15:40 Image size of job updated: 216720
	207  -  MemoryUsage of job (MB)
	210992  -  ResidentSetSize of job (KB)
...
005 (1813508.000.000) 03/29 08:57:41 Job terminated.
	(1) Normal termination (return value 0)
		Usr 0 04:14:13, Sys 0 00:06:50  -  Run Remote Usage
		Usr 0 00:00:00, Sys 0 00:00:00  -  Run Local Usage
		Usr 0 04:14:13, Sys 0 00:06:50  -  Total Remote Usage
		Usr 0 00:00:00, Sys 0 00:00:00  -  Total Local Usage
	327313  -  Run Bytes Sent By Job
	476  -  Run Bytes Received By Job
	327313  -  Total Bytes Sent By Job
	476  -  Total Bytes Received By Job
	Partitionable Resources :    Usage  Request Allocated 
	   Cpus                 :                 1         1 
	   Disk (KB)            :      332        1   1649289 
	   Memory (MB)          :      207     2000      2000 
...
