000 (1764397.000.000) 03/20 19:43:08 Job submitted from host: <137.138.120.116:9618?addrs=137.138.120.116-9618+[2001-1458-d00-16--17b]-9618&noUDP&sock=2690491_9e79_37>
...
001 (1764397.000.000) 03/20 19:52:21 Job executing on host: <188.185.147.94:9618?addrs=188.185.147.94-9618+[--1]-9618&noUDP&sock=8562_b660_657>
...
006 (1764397.000.000) 03/20 19:52:30 Image size of job updated: 97152
	1  -  MemoryUsage of job (MB)
	376  -  ResidentSetSize of job (KB)
...
006 (1764397.000.000) 03/20 19:57:31 Image size of job updated: 122392
	12  -  MemoryUsage of job (MB)
	11596  -  ResidentSetSize of job (KB)
...
006 (1764397.000.000) 03/20 20:02:32 Image size of job updated: 122536
	12  -  MemoryUsage of job (MB)
	11736  -  ResidentSetSize of job (KB)
...
006 (1764397.000.000) 03/20 20:07:32 Image size of job updated: 164016
	52  -  MemoryUsage of job (MB)
	53076  -  ResidentSetSize of job (KB)
...
006 (1764397.000.000) 03/20 20:12:32 Image size of job updated: 273204
	159  -  MemoryUsage of job (MB)
	162264  -  ResidentSetSize of job (KB)
...
006 (1764397.000.000) 03/20 20:17:33 Image size of job updated: 283836
	170  -  MemoryUsage of job (MB)
	173316  -  ResidentSetSize of job (KB)
...
006 (1764397.000.000) 03/20 20:22:33 Image size of job updated: 299432
	185  -  MemoryUsage of job (MB)
	188912  -  ResidentSetSize of job (KB)
...
006 (1764397.000.000) 03/20 20:27:35 Image size of job updated: 299432
	188  -  MemoryUsage of job (MB)
	191848  -  ResidentSetSize of job (KB)
...
009 (1764397.000.000) 03/20 21:52:28 Job was aborted by the user.
	Job removed by SYSTEM_PERIODIC_REMOVE due to wall time exceeded allowed max.
...
