000 (1618175.000.000) 03/06 22:21:09 Job submitted from host: <137.138.120.116:9618?addrs=137.138.120.116-9618+[2001-1458-d00-16--17b]-9618&noUDP&sock=2690491_9e79_37>
...
001 (1618175.000.000) 03/06 22:39:52 Job executing on host: <188.185.198.75:9618?addrs=188.185.198.75-9618+[--1]-9618&noUDP&sock=8275_dab1_104>
...
006 (1618175.000.000) 03/06 22:40:00 Image size of job updated: 5904
	4  -  MemoryUsage of job (MB)
	3900  -  ResidentSetSize of job (KB)
...
006 (1618175.000.000) 03/06 22:45:00 Image size of job updated: 167972
	151  -  MemoryUsage of job (MB)
	153872  -  ResidentSetSize of job (KB)
...
006 (1618175.000.000) 03/06 22:50:01 Image size of job updated: 176152
	160  -  MemoryUsage of job (MB)
	163452  -  ResidentSetSize of job (KB)
...
006 (1618175.000.000) 03/06 23:10:02 Image size of job updated: 176152
	162  -  MemoryUsage of job (MB)
	165504  -  ResidentSetSize of job (KB)
...
006 (1618175.000.000) 03/06 23:40:05 Image size of job updated: 177232
	168  -  MemoryUsage of job (MB)
	171868  -  ResidentSetSize of job (KB)
...
005 (1618175.000.000) 03/08 09:40:16 Job terminated.
	(1) Normal termination (return value 0)
		Usr 0 02:53:50, Sys 0 00:04:47  -  Run Remote Usage
		Usr 0 00:00:00, Sys 0 00:00:00  -  Run Local Usage
		Usr 0 02:53:50, Sys 0 00:04:47  -  Total Remote Usage
		Usr 0 00:00:00, Sys 0 00:00:00  -  Total Local Usage
	176626  -  Run Bytes Sent By Job
	483  -  Run Bytes Received By Job
	176626  -  Total Bytes Sent By Job
	483  -  Total Bytes Received By Job
	Partitionable Resources :    Usage  Request Allocated 
	   Cpus                 :                 1         1 
	   Disk (KB)            :      185        1   2150252 
	   Memory (MB)          :      168     2000      2000 
...
