000 (1501507.000.000) 02/26 18:32:06 Job submitted from host: <137.138.120.116:9618?addrs=137.138.120.116-9618+[2001-1458-d00-16--17b]-9618&noUDP&sock=2690491_9e79_37>
...
001 (1501507.000.000) 02/26 18:43:39 Job executing on host: <188.185.216.142:9618?addrs=188.185.216.142-9618+[--1]-9618&noUDP&sock=15400_02fa_55>
...
006 (1501507.000.000) 02/26 18:43:48 Image size of job updated: 408
	1  -  MemoryUsage of job (MB)
	408  -  ResidentSetSize of job (KB)
...
006 (1501507.000.000) 02/26 18:46:03 Image size of job updated: 21504
	1  -  MemoryUsage of job (MB)
	408  -  ResidentSetSize of job (KB)
...
005 (1501507.000.000) 02/26 18:46:06 Job terminated.
	(1) Normal termination (return value 127)
		Usr 0 00:00:00, Sys 0 00:00:00  -  Run Remote Usage
		Usr 0 00:00:00, Sys 0 00:00:00  -  Run Local Usage
		Usr 0 00:00:00, Sys 0 00:00:00  -  Total Remote Usage
		Usr 0 00:00:00, Sys 0 00:00:00  -  Total Local Usage
	7836  -  Run Bytes Sent By Job
	471  -  Run Bytes Received By Job
	7836  -  Total Bytes Sent By Job
	471  -  Total Bytes Received By Job
	Partitionable Resources :    Usage  Request Allocated 
	   Cpus                 :                 1         1 
	   Disk (KB)            :       23        1   1967302 
	   Memory (MB)          :        1     2000      2000 
...
