000 (1618161.000.000) 03/06 22:20:09 Job submitted from host: <137.138.120.116:9618?addrs=137.138.120.116-9618+[2001-1458-d00-16--17b]-9618&noUDP&sock=2690491_9e79_37>
...
001 (1618161.000.000) 03/06 22:39:55 Job executing on host: <188.185.133.11:9618?addrs=188.185.133.11-9618+[--1]-9618&noUDP&sock=8417_4124_186>
...
006 (1618161.000.000) 03/06 22:40:04 Image size of job updated: 71864
	4  -  MemoryUsage of job (MB)
	3436  -  ResidentSetSize of job (KB)
...
006 (1618161.000.000) 03/06 22:45:04 Image size of job updated: 223948
	140  -  MemoryUsage of job (MB)
	142640  -  ResidentSetSize of job (KB)
...
006 (1618161.000.000) 03/06 22:55:05 Image size of job updated: 243328
	159  -  MemoryUsage of job (MB)
	162780  -  ResidentSetSize of job (KB)
...
006 (1618161.000.000) 03/06 23:10:06 Image size of job updated: 243420
	159  -  MemoryUsage of job (MB)
	162780  -  ResidentSetSize of job (KB)
...
006 (1618161.000.000) 03/07 07:04:10 Image size of job updated: 243420
	160  -  MemoryUsage of job (MB)
	163704  -  ResidentSetSize of job (KB)
...
006 (1618161.000.000) 03/07 07:34:14 Image size of job updated: 243420
	161  -  MemoryUsage of job (MB)
	164548  -  ResidentSetSize of job (KB)
...
005 (1618161.000.000) 03/07 17:49:45 Job terminated.
	(1) Normal termination (return value 0)
		Usr 0 04:51:47, Sys 0 00:08:39  -  Run Remote Usage
		Usr 0 00:00:00, Sys 0 00:00:00  -  Run Local Usage
		Usr 0 04:51:47, Sys 0 00:08:39  -  Total Remote Usage
		Usr 0 00:00:00, Sys 0 00:00:00  -  Total Local Usage
	84071  -  Run Bytes Sent By Job
	483  -  Run Bytes Received By Job
	84071  -  Total Bytes Sent By Job
	483  -  Total Bytes Received By Job
	Partitionable Resources :    Usage  Request Allocated 
	   Cpus                 :                 1         1 
	   Disk (KB)            :       98        1   2028469 
	   Memory (MB)          :      161     2000      2000 
...
