000 (5200226.000.000) 10/23 14:18:16 Job submitted from host: <137.138.120.116:9618?addrs=137.138.120.116-9618+[2001-1458-d00-16--17b]-9618&alias=bigbird12.cern.ch&noUDP&sock=schedd_1819_42dc_3>
...
040 (5200226.000.000) 10/23 14:21:36 Started transferring input files
	Transferring to host: <188.184.139.141:9618?addrs=188.184.139.141-9618+[2001-1458-301-45--100-1a6]-9618&noUDP&sock=3232_fc7d_76368>
...
040 (5200226.000.000) 10/23 14:21:36 Finished transferring input files
...
001 (5200226.000.000) 10/23 14:21:37 Job executing on host: <188.184.139.141:9618?addrs=188.184.139.141-9618+[2001-1458-301-45--100-1a6]-9618&noUDP&sock=5695_dff2_3>
...
006 (5200226.000.000) 10/23 14:21:44 Image size of job updated: 65920
	0  -  MemoryUsage of job (MB)
	0  -  ResidentSetSize of job (KB)
...
040 (5200226.000.000) 10/23 14:21:44 Started transferring output files
...
040 (5200226.000.000) 10/23 14:21:44 Finished transferring output files
...
005 (5200226.000.000) 10/23 14:21:45 Job terminated.
	(1) Normal termination (return value 134)
		Usr 0 00:00:01, Sys 0 00:00:00  -  Run Remote Usage
		Usr 0 00:00:00, Sys 0 00:00:00  -  Run Local Usage
		Usr 0 00:00:01, Sys 0 00:00:00  -  Total Remote Usage
		Usr 0 00:00:00, Sys 0 00:00:00  -  Total Local Usage
	7351  -  Run Bytes Sent By Job
	470  -  Run Bytes Received By Job
	7351  -  Total Bytes Sent By Job
	470  -  Total Bytes Received By Job
	Partitionable Resources :    Usage  Request Allocated 
	   Cpus                 :        0        1         1 
	   Disk (KB)            :       29        1    293008 
	   Memory (MB)          :        0     2000      2000 
...
