000 (1504483.000.000) 02/26 22:40:09 Job submitted from host: <137.138.120.116:9618?addrs=137.138.120.116-9618+[2001-1458-d00-16--17b]-9618&noUDP&sock=2690491_9e79_37>
...
001 (1504483.000.000) 02/26 22:42:34 Job executing on host: <188.185.61.212:9618?addrs=188.185.61.212-9618+[--1]-9618&noUDP&sock=8474_5a0a_3>
...
006 (1504483.000.000) 02/26 22:42:43 Image size of job updated: 22200
	9  -  MemoryUsage of job (MB)
	8952  -  ResidentSetSize of job (KB)
...
006 (1504483.000.000) 02/26 22:47:44 Image size of job updated: 75356
	71  -  MemoryUsage of job (MB)
	72188  -  ResidentSetSize of job (KB)
...
006 (1504483.000.000) 02/26 22:52:44 Image size of job updated: 156088
	151  -  MemoryUsage of job (MB)
	154104  -  ResidentSetSize of job (KB)
...
006 (1504483.000.000) 02/26 23:22:47 Image size of job updated: 162624
	158  -  MemoryUsage of job (MB)
	160852  -  ResidentSetSize of job (KB)
...
006 (1504483.000.000) 02/26 23:47:49 Image size of job updated: 163688
	159  -  MemoryUsage of job (MB)
	161916  -  ResidentSetSize of job (KB)
...
005 (1504483.000.000) 02/27 06:59:49 Job terminated.
	(1) Normal termination (return value 0)
		Usr 0 01:22:54, Sys 0 00:01:26  -  Run Remote Usage
		Usr 0 00:00:00, Sys 0 00:00:00  -  Run Local Usage
		Usr 0 01:22:54, Sys 0 00:01:26  -  Total Remote Usage
		Usr 0 00:00:00, Sys 0 00:00:00  -  Total Local Usage
	83759  -  Run Bytes Sent By Job
	474  -  Run Bytes Received By Job
	83759  -  Total Bytes Sent By Job
	474  -  Total Bytes Received By Job
	Partitionable Resources :    Usage  Request Allocated 
	   Cpus                 :                 1         1 
	   Disk (KB)            :       97        1   2038482 
	   Memory (MB)          :      159     2000      2000 
...
