000 (1765072.000.000) 03/20 21:56:57 Job submitted from host: <137.138.120.116:9618?addrs=137.138.120.116-9618+[2001-1458-d00-16--17b]-9618&noUDP&sock=2690491_9e79_37>
...
001 (1765072.000.000) 03/20 22:02:09 Job executing on host: <188.185.250.37:9618?addrs=188.185.250.37-9618+[--1]-9618&noUDP&sock=8958_55e1_3>
...
006 (1765072.000.000) 03/20 22:02:18 Image size of job updated: 1292
	2  -  MemoryUsage of job (MB)
	1048  -  ResidentSetSize of job (KB)
...
006 (1765072.000.000) 03/20 22:07:19 Image size of job updated: 46244
	46  -  MemoryUsage of job (MB)
	46192  -  ResidentSetSize of job (KB)
...
006 (1765072.000.000) 03/20 22:12:19 Image size of job updated: 53712
	53  -  MemoryUsage of job (MB)
	53660  -  ResidentSetSize of job (KB)
...
006 (1765072.000.000) 03/20 22:17:20 Image size of job updated: 55160
	54  -  MemoryUsage of job (MB)
	55108  -  ResidentSetSize of job (KB)
...
006 (1765072.000.000) 03/20 22:22:21 Image size of job updated: 152472
	129  -  MemoryUsage of job (MB)
	131112  -  ResidentSetSize of job (KB)
...
006 (1765072.000.000) 03/20 22:32:22 Image size of job updated: 162296
	147  -  MemoryUsage of job (MB)
	149628  -  ResidentSetSize of job (KB)
...
006 (1765072.000.000) 03/20 22:52:25 Image size of job updated: 163456
	149  -  MemoryUsage of job (MB)
	152032  -  ResidentSetSize of job (KB)
...
006 (1765072.000.000) 03/20 23:22:29 Image size of job updated: 166900
	152  -  MemoryUsage of job (MB)
	155544  -  ResidentSetSize of job (KB)
...
006 (1765072.000.000) 03/21 00:07:43 Image size of job updated: 184888
	170  -  MemoryUsage of job (MB)
	174008  -  ResidentSetSize of job (KB)
...
006 (1765072.000.000) 03/21 00:27:57 Image size of job updated: 192756
	177  -  MemoryUsage of job (MB)
	180884  -  ResidentSetSize of job (KB)
...
006 (1765072.000.000) 03/21 00:32:51 Image size of job updated: 194596
	179  -  MemoryUsage of job (MB)
	182776  -  ResidentSetSize of job (KB)
...
006 (1765072.000.000) 03/21 00:37:51 Image size of job updated: 194912
	179  -  MemoryUsage of job (MB)
	183092  -  ResidentSetSize of job (KB)
...
006 (1765072.000.000) 03/21 00:42:53 Image size of job updated: 195024
	179  -  MemoryUsage of job (MB)
	183204  -  ResidentSetSize of job (KB)
...
006 (1765072.000.000) 03/21 00:47:53 Image size of job updated: 195120
	180  -  MemoryUsage of job (MB)
	183300  -  ResidentSetSize of job (KB)
...
006 (1765072.000.000) 03/21 01:07:56 Image size of job updated: 196544
	181  -  MemoryUsage of job (MB)
	184724  -  ResidentSetSize of job (KB)
...
006 (1765072.000.000) 03/21 01:12:57 Image size of job updated: 204380
	189  -  MemoryUsage of job (MB)
	192560  -  ResidentSetSize of job (KB)
...
005 (1765072.000.000) 03/21 04:15:40 Job terminated.
	(1) Normal termination (return value 0)
		Usr 0 00:32:43, Sys 0 00:00:49  -  Run Remote Usage
		Usr 0 00:00:00, Sys 0 00:00:00  -  Run Local Usage
		Usr 0 00:32:43, Sys 0 00:00:49  -  Total Remote Usage
		Usr 0 00:00:00, Sys 0 00:00:00  -  Total Local Usage
	40501  -  Run Bytes Sent By Job
	449  -  Run Bytes Received By Job
	40501  -  Total Bytes Sent By Job
	449  -  Total Bytes Received By Job
	Partitionable Resources :    Usage  Request Allocated 
	   Cpus                 :                 1         1 
	   Disk (KB)            :       55        1   2151744 
	   Memory (MB)          :      189     2000      2000 
...
