000 (2334240.000.000) 05/27 10:11:58 Job submitted from host: <137.138.120.116:9618?addrs=137.138.120.116-9618+[2001-1458-d00-16--17b]-9618&noUDP&sock=4920_4a0c_3>
...
001 (2334240.000.000) 05/27 11:12:12 Job executing on host: <188.185.193.37:9618?addrs=188.185.193.37-9618+[2001-1459-301-45--100-15]-9618&noUDP&sock=16976_b3d5_3>
...
006 (2334240.000.000) 05/27 11:12:21 Image size of job updated: 36064
	35  -  MemoryUsage of job (MB)
	35216  -  ResidentSetSize of job (KB)
...
006 (2334240.000.000) 05/27 11:17:22 Image size of job updated: 53996
	53  -  MemoryUsage of job (MB)
	53900  -  ResidentSetSize of job (KB)
...
006 (2334240.000.000) 05/27 11:22:22 Image size of job updated: 54312
	53  -  MemoryUsage of job (MB)
	54216  -  ResidentSetSize of job (KB)
...
006 (2334240.000.000) 05/27 11:27:23 Image size of job updated: 54644
	54  -  MemoryUsage of job (MB)
	54548  -  ResidentSetSize of job (KB)
...
006 (2334240.000.000) 05/27 11:32:23 Image size of job updated: 85024
	83  -  MemoryUsage of job (MB)
	84924  -  ResidentSetSize of job (KB)
...
006 (2334240.000.000) 05/27 11:37:23 Image size of job updated: 106160
	104  -  MemoryUsage of job (MB)
	106060  -  ResidentSetSize of job (KB)
...
006 (2334240.000.000) 05/27 11:52:25 Image size of job updated: 142320
	133  -  MemoryUsage of job (MB)
	136132  -  ResidentSetSize of job (KB)
...
006 (2334240.000.000) 05/27 12:07:27 Image size of job updated: 240368
	213  -  MemoryUsage of job (MB)
	217964  -  ResidentSetSize of job (KB)
...
006 (2334240.000.000) 05/27 13:37:36 Image size of job updated: 250804
	213  -  MemoryUsage of job (MB)
	217964  -  ResidentSetSize of job (KB)
...
005 (2334240.000.000) 05/27 17:35:40 Job terminated.
	(1) Normal termination (return value 0)
		Usr 0 01:57:09, Sys 0 00:03:26  -  Run Remote Usage
		Usr 0 00:00:00, Sys 0 00:00:00  -  Run Local Usage
		Usr 0 01:57:09, Sys 0 00:03:26  -  Total Remote Usage
		Usr 0 00:00:00, Sys 0 00:00:00  -  Total Local Usage
	140534  -  Run Bytes Sent By Job
	486  -  Run Bytes Received By Job
	140534  -  Total Bytes Sent By Job
	486  -  Total Bytes Received By Job
	Partitionable Resources :    Usage  Request Allocated 
	   Cpus                 :                 1         1 
	   Disk (KB)            :      154        1   3469517 
	   Memory (MB)          :      213     2000      2000 
...
