000 (3936313.000.000) 01/15 16:27:03 Job submitted from host: <137.138.120.116:9618?addrs=137.138.120.116-9618+[2001-1458-d00-16--17b]-9618&alias=bigbird12.cern.ch&noUDP&sock=schedd_2288_f4c7_3>
...
040 (3936313.000.000) 01/15 16:33:39 Started transferring input files
	Transferring to host: <188.184.138.16:9618?addrs=188.184.138.16-9618+[2001-1458-301-45--100-13]-9618&noUDP&sock=7663_06d1_175059>
...
040 (3936313.000.000) 01/15 16:33:39 Finished transferring input files
...
001 (3936313.000.000) 01/15 16:33:40 Job executing on host: <188.184.138.16:9618?addrs=188.184.138.16-9618+[2001-1458-301-45--100-13]-9618&noUDP&sock=5705_bbe4_3>
...
006 (3936313.000.000) 01/15 16:33:49 Image size of job updated: 73196
	27  -  MemoryUsage of job (MB)
	27080  -  ResidentSetSize of job (KB)
...
006 (3936313.000.000) 01/15 16:38:50 Image size of job updated: 74292
	28  -  MemoryUsage of job (MB)
	28176  -  ResidentSetSize of job (KB)
...
006 (3936313.000.000) 01/15 16:43:51 Image size of job updated: 182164
	132  -  MemoryUsage of job (MB)
	134784  -  ResidentSetSize of job (KB)
...
006 (3936313.000.000) 01/15 16:48:51 Image size of job updated: 228460
	177  -  MemoryUsage of job (MB)
	181080  -  ResidentSetSize of job (KB)
...
006 (3936313.000.000) 01/15 17:18:54 Image size of job updated: 245832
	192  -  MemoryUsage of job (MB)
	195612  -  ResidentSetSize of job (KB)
...
040 (3936313.000.000) 01/15 19:31:39 Started transferring output files
...
040 (3936313.000.000) 01/15 19:31:39 Finished transferring output files
...
005 (3936313.000.000) 01/15 19:31:39 Job terminated.
	(1) Normal termination (return value 0)
		Usr 0 02:09:56, Sys 0 00:03:20  -  Run Remote Usage
		Usr 0 00:00:00, Sys 0 00:00:00  -  Run Local Usage
		Usr 0 02:09:56, Sys 0 00:03:20  -  Total Remote Usage
		Usr 0 00:00:00, Sys 0 00:00:00  -  Total Local Usage
	156461  -  Run Bytes Sent By Job
	700  -  Run Bytes Received By Job
	156461  -  Total Bytes Sent By Job
	700  -  Total Bytes Received By Job
	Partitionable Resources :    Usage  Request Allocated 
	   Cpus                 :                 1           
	   Disk (KB)            :      170        1   3016519 
	   Memory (MB)          :      192     2000      2000 
...
