000 (1796317.000.000) 03/25 14:09:24 Job submitted from host: <137.138.120.116:9618?addrs=137.138.120.116-9618+[2001-1458-d00-16--17b]-9618&noUDP&sock=2690491_9e79_37>
...
001 (1796317.000.000) 03/25 14:50:49 Job executing on host: <188.185.58.94:9618?addrs=188.185.58.94-9618+[--1]-9618&noUDP&sock=9266_990c_3>
...
006 (1796317.000.000) 03/25 14:50:57 Image size of job updated: 12452
	5  -  MemoryUsage of job (MB)
	4396  -  ResidentSetSize of job (KB)
...
006 (1796317.000.000) 03/25 14:55:57 Image size of job updated: 197696
	188  -  MemoryUsage of job (MB)
	191928  -  ResidentSetSize of job (KB)
...
006 (1796317.000.000) 03/27 03:27:10 Image size of job updated: 214744
	198  -  MemoryUsage of job (MB)
	202352  -  ResidentSetSize of job (KB)
...
005 (1796317.000.000) 03/27 06:56:39 Job terminated.
	(1) Normal termination (return value 0)
		Usr 0 04:37:41, Sys 0 00:06:59  -  Run Remote Usage
		Usr 0 00:00:00, Sys 0 00:00:00  -  Run Local Usage
		Usr 0 04:37:41, Sys 0 00:06:59  -  Total Remote Usage
		Usr 0 00:00:00, Sys 0 00:00:00  -  Total Local Usage
	327313  -  Run Bytes Sent By Job
	476  -  Run Bytes Received By Job
	327313  -  Total Bytes Sent By Job
	476  -  Total Bytes Received By Job
	Partitionable Resources :    Usage  Request Allocated 
	   Cpus                 :                 1         1 
	   Disk (KB)            :      332        1   1973731 
	   Memory (MB)          :      198     2000      2000 
...
