000 (1770559.000.000) 03/22 10:37:37 Job submitted from host: <137.138.120.116:9618?addrs=137.138.120.116-9618+[2001-1458-d00-16--17b]-9618&noUDP&sock=2690491_9e79_37>
...
001 (1770559.000.000) 03/22 10:38:29 Job executing on host: <188.185.62.87:9618?addrs=188.185.62.87-9618+[--1]-9618&noUDP&sock=8595_9a9f_3>
...
006 (1770559.000.000) 03/22 10:38:38 Image size of job updated: 25176
	12  -  MemoryUsage of job (MB)
	11276  -  ResidentSetSize of job (KB)
...
006 (1770559.000.000) 03/22 10:43:39 Image size of job updated: 78620
	68  -  MemoryUsage of job (MB)
	69596  -  ResidentSetSize of job (KB)
...
006 (1770559.000.000) 03/22 10:48:40 Image size of job updated: 171768
	163  -  MemoryUsage of job (MB)
	166388  -  ResidentSetSize of job (KB)
...
006 (1770559.000.000) 03/22 11:03:42 Image size of job updated: 174516
	166  -  MemoryUsage of job (MB)
	169160  -  ResidentSetSize of job (KB)
...
005 (1770559.000.000) 03/22 12:26:10 Job terminated.
	(1) Normal termination (return value 0)
		Usr 0 00:26:00, Sys 0 00:00:32  -  Run Remote Usage
		Usr 0 00:00:00, Sys 0 00:00:00  -  Run Local Usage
		Usr 0 00:26:00, Sys 0 00:00:32  -  Total Remote Usage
		Usr 0 00:00:00, Sys 0 00:00:00  -  Total Local Usage
	27791  -  Run Bytes Sent By Job
	359  -  Run Bytes Received By Job
	27791  -  Total Bytes Sent By Job
	359  -  Total Bytes Received By Job
	Partitionable Resources :    Usage  Request Allocated 
	   Cpus                 :                 1         1 
	   Disk (KB)            :       43        1   1011703 
	   Memory (MB)          :      166     2000      2000 
...
