000 (3161770.000.000) 09/12 11:14:10 Job submitted from host: <137.138.120.116:9618?addrs=137.138.120.116-9618+[2001-1458-d00-16--17b]-9618&alias=bigbird12.cern.ch&noUDP&sock=schedd_3291_ee45_3>
...
040 (3161770.000.000) 09/12 11:38:27 Started transferring input files
	Transferring to host: <128.142.96.91:9618?addrs=128.142.96.91-9618+[2001-1458-301-87--100-4c]-9618&noUDP&sock=4263_6b46_16204>
...
040 (3161770.000.000) 09/12 11:38:27 Finished transferring input files
...
001 (3161770.000.000) 09/12 11:38:28 Job executing on host: <128.142.96.91:9618?addrs=128.142.96.91-9618+[2001-1458-301-87--100-4c]-9618&noUDP&sock=2394_a9d1_3>
...
006 (3161770.000.000) 09/12 11:38:36 Image size of job updated: 119364
	103  -  MemoryUsage of job (MB)
	105240  -  ResidentSetSize of job (KB)
...
006 (3161770.000.000) 09/12 11:43:36 Image size of job updated: 217776
	195  -  MemoryUsage of job (MB)
	198752  -  ResidentSetSize of job (KB)
...
006 (3161770.000.000) 09/12 11:48:36 Image size of job updated: 219788
	195  -  MemoryUsage of job (MB)
	198752  -  ResidentSetSize of job (KB)
...
006 (3161770.000.000) 09/12 11:58:37 Image size of job updated: 223292
	195  -  MemoryUsage of job (MB)
	198752  -  ResidentSetSize of job (KB)
...
006 (3161770.000.000) 09/12 12:33:40 Image size of job updated: 225156
	195  -  MemoryUsage of job (MB)
	198752  -  ResidentSetSize of job (KB)
...
006 (3161770.000.000) 09/12 12:38:41 Image size of job updated: 225852
	195  -  MemoryUsage of job (MB)
	198752  -  ResidentSetSize of job (KB)
...
006 (3161770.000.000) 09/12 12:48:42 Image size of job updated: 226860
	195  -  MemoryUsage of job (MB)
	198752  -  ResidentSetSize of job (KB)
...
006 (3161770.000.000) 09/12 13:33:37 Image size of job updated: 226928
	195  -  MemoryUsage of job (MB)
	198752  -  ResidentSetSize of job (KB)
...
006 (3161770.000.000) 09/12 13:38:37 Image size of job updated: 227116
	195  -  MemoryUsage of job (MB)
	198752  -  ResidentSetSize of job (KB)
...
006 (3161770.000.000) 09/12 14:33:42 Image size of job updated: 231440
	195  -  MemoryUsage of job (MB)
	199592  -  ResidentSetSize of job (KB)
...
006 (3161770.000.000) 09/12 17:03:48 Image size of job updated: 231988
	195  -  MemoryUsage of job (MB)
	199592  -  ResidentSetSize of job (KB)
...
006 (3161770.000.000) 09/12 17:18:49 Image size of job updated: 232800
	195  -  MemoryUsage of job (MB)
	199592  -  ResidentSetSize of job (KB)
...
006 (3161770.000.000) 09/12 17:28:51 Image size of job updated: 235816
	195  -  MemoryUsage of job (MB)
	199592  -  ResidentSetSize of job (KB)
...
006 (3161770.000.000) 09/12 19:00:07 Image size of job updated: 616252
	195  -  MemoryUsage of job (MB)
	199592  -  ResidentSetSize of job (KB)
...
040 (3161770.000.000) 09/12 19:00:07 Started transferring output files
...
040 (3161770.000.000) 09/12 19:00:08 Finished transferring output files
...
005 (3161770.000.000) 09/12 19:00:08 Job terminated.
	(1) Normal termination (return value 0)
		Usr 0 05:39:44, Sys 0 00:06:34  -  Run Remote Usage
		Usr 0 00:00:00, Sys 0 00:00:00  -  Run Local Usage
		Usr 0 05:39:44, Sys 0 00:06:34  -  Total Remote Usage
		Usr 0 00:00:00, Sys 0 00:00:00  -  Total Local Usage
	3709593  -  Run Bytes Sent By Job
	599  -  Run Bytes Received By Job
	3709593  -  Total Bytes Sent By Job
	599  -  Total Bytes Received By Job
	Partitionable Resources :    Usage  Request Allocated 
	   Cpus                 :                 1           
	   Disk (KB)            :     3639        1   3809816 
	   Memory (MB)          :      195     2000      2000 
...
