000 (2169298.000.000) 05/08 21:51:59 Job submitted from host: <137.138.120.116:9618?addrs=137.138.120.116-9618+[2001-1458-d00-16--17b]-9618&noUDP&sock=2690491_9e79_37>
...
001 (2169298.000.000) 05/08 21:55:23 Job executing on host: <188.184.76.13:9618?addrs=188.184.76.13-9618+[2001-1458-201-26--100-28]-9618&noUDP&sock=5250_a44d_3>
...
006 (2169298.000.000) 05/08 21:55:31 Image size of job updated: 52924
	52  -  MemoryUsage of job (MB)
	52868  -  ResidentSetSize of job (KB)
...
006 (2169298.000.000) 05/08 22:00:31 Image size of job updated: 133856
	130  -  MemoryUsage of job (MB)
	132812  -  ResidentSetSize of job (KB)
...
005 (2169298.000.000) 05/08 22:12:45 Job terminated.
	(1) Normal termination (return value 0)
		Usr 0 00:11:29, Sys 0 00:00:14  -  Run Remote Usage
		Usr 0 00:00:00, Sys 0 00:00:00  -  Run Local Usage
		Usr 0 00:11:29, Sys 0 00:00:14  -  Total Remote Usage
		Usr 0 00:00:00, Sys 0 00:00:00  -  Total Local Usage
	8573  -  Run Bytes Sent By Job
	498  -  Run Bytes Received By Job
	8573  -  Total Bytes Sent By Job
	498  -  Total Bytes Received By Job
	Partitionable Resources :    Usage  Request Allocated 
	   Cpus                 :                 1         1 
	   Disk (KB)            :       25        1   1077581 
	   Memory (MB)          :      130     2000      2000 
...
