000 (2669428.000.000) 07/01 09:14:08 Job submitted from host: <137.138.120.116:9618?addrs=137.138.120.116-9618+[2001-1458-d00-16--17b]-9618&noUDP&sock=4920_4a0c_3>
...
001 (2669428.000.000) 07/01 10:06:24 Job executing on host: <128.142.240.76:9618?addrs=128.142.240.76-9618+[2001-1458-301-f9--100-53]-9618&noUDP&sock=16642_9b33_3>
...
006 (2669428.000.000) 07/01 10:06:32 Image size of job updated: 217568
	160  -  MemoryUsage of job (MB)
	162956  -  ResidentSetSize of job (KB)
...
006 (2669428.000.000) 07/01 10:11:32 Image size of job updated: 276212
	215  -  MemoryUsage of job (MB)
	219240  -  ResidentSetSize of job (KB)
...
006 (2669428.000.000) 07/01 10:16:33 Image size of job updated: 276212
	215  -  MemoryUsage of job (MB)
	219568  -  ResidentSetSize of job (KB)
...
006 (2669428.000.000) 07/01 10:31:34 Image size of job updated: 277036
	215  -  MemoryUsage of job (MB)
	219568  -  ResidentSetSize of job (KB)
...
006 (2669428.000.000) 07/01 10:36:35 Image size of job updated: 278576
	215  -  MemoryUsage of job (MB)
	219568  -  ResidentSetSize of job (KB)
...
006 (2669428.000.000) 07/01 10:46:35 Image size of job updated: 281324
	215  -  MemoryUsage of job (MB)
	219568  -  ResidentSetSize of job (KB)
...
006 (2669428.000.000) 07/01 10:56:36 Image size of job updated: 314292
	227  -  MemoryUsage of job (MB)
	231936  -  ResidentSetSize of job (KB)
...
006 (2669428.000.000) 07/01 11:01:36 Image size of job updated: 324936
	240  -  MemoryUsage of job (MB)
	245256  -  ResidentSetSize of job (KB)
...
006 (2669428.000.000) 07/01 11:06:37 Image size of job updated: 324936
	242  -  MemoryUsage of job (MB)
	247472  -  ResidentSetSize of job (KB)
...
006 (2669428.000.000) 07/01 11:31:39 Image size of job updated: 324936
	245  -  MemoryUsage of job (MB)
	250636  -  ResidentSetSize of job (KB)
...
006 (2669428.000.000) 07/01 11:46:41 Image size of job updated: 324936
	247  -  MemoryUsage of job (MB)
	252180  -  ResidentSetSize of job (KB)
...
006 (2669428.000.000) 07/01 12:11:45 Image size of job updated: 325836
	248  -  MemoryUsage of job (MB)
	253936  -  ResidentSetSize of job (KB)
...
006 (2669428.000.000) 07/01 12:31:46 Image size of job updated: 326108
	248  -  MemoryUsage of job (MB)
	253936  -  ResidentSetSize of job (KB)
...
005 (2669428.000.000) 07/01 14:08:02 Job terminated.
	(1) Normal termination (return value 0)
		Usr 0 03:02:42, Sys 0 00:02:11  -  Run Remote Usage
		Usr 0 00:00:00, Sys 0 00:00:00  -  Run Local Usage
		Usr 0 03:02:42, Sys 0 00:02:11  -  Total Remote Usage
		Usr 0 00:00:00, Sys 0 00:00:00  -  Total Local Usage
	1552404  -  Run Bytes Sent By Job
	470  -  Run Bytes Received By Job
	1552404  -  Total Bytes Sent By Job
	470  -  Total Bytes Received By Job
	Partitionable Resources :    Usage  Request Allocated 
	   Cpus                 :                 1           
	   Disk (KB)            :     1532        1   1986833 
	   Memory (MB)          :      248     2000      2000 
...
