000 (1878518.000.000) 04/01 23:46:32 Job submitted from host: <137.138.120.116:9618?addrs=137.138.120.116-9618+[2001-1458-d00-16--17b]-9618&noUDP&sock=2690491_9e79_37>
...
001 (1878518.000.000) 04/01 23:51:30 Job executing on host: <188.185.140.83:9618?addrs=188.185.140.83-9618+[2001-1459-301-8--100-2d]-9618&noUDP&sock=8561_06c7_3>
...
006 (1878518.000.000) 04/01 23:51:39 Image size of job updated: 5508
	4  -  MemoryUsage of job (MB)
	3504  -  ResidentSetSize of job (KB)
...
006 (1878518.000.000) 04/01 23:56:39 Image size of job updated: 52940
	38  -  MemoryUsage of job (MB)
	38820  -  ResidentSetSize of job (KB)
...
006 (1878518.000.000) 04/02 00:01:39 Image size of job updated: 52972
	38  -  MemoryUsage of job (MB)
	38852  -  ResidentSetSize of job (KB)
...
006 (1878518.000.000) 04/02 00:06:40 Image size of job updated: 56632
	42  -  MemoryUsage of job (MB)
	42512  -  ResidentSetSize of job (KB)
...
006 (1878518.000.000) 04/02 00:11:40 Image size of job updated: 179580
	163  -  MemoryUsage of job (MB)
	166280  -  ResidentSetSize of job (KB)
...
006 (1878518.000.000) 04/02 00:16:40 Image size of job updated: 179580
	166  -  MemoryUsage of job (MB)
	168980  -  ResidentSetSize of job (KB)
...
006 (1878518.000.000) 04/02 00:31:41 Image size of job updated: 179580
	166  -  MemoryUsage of job (MB)
	169784  -  ResidentSetSize of job (KB)
...
006 (1878518.000.000) 04/02 00:41:42 Image size of job updated: 179580
	167  -  MemoryUsage of job (MB)
	170372  -  ResidentSetSize of job (KB)
...
006 (1878518.000.000) 04/02 01:01:45 Image size of job updated: 179580
	167  -  MemoryUsage of job (MB)
	170436  -  ResidentSetSize of job (KB)
...
006 (1878518.000.000) 04/02 01:11:46 Image size of job updated: 179580
	168  -  MemoryUsage of job (MB)
	171068  -  ResidentSetSize of job (KB)
...
006 (1878518.000.000) 04/02 07:37:22 Image size of job updated: 230320
	210  -  MemoryUsage of job (MB)
	214860  -  ResidentSetSize of job (KB)
...
006 (1878518.000.000) 04/02 08:02:26 Image size of job updated: 231416
	213  -  MemoryUsage of job (MB)
	217564  -  ResidentSetSize of job (KB)
...
006 (1878518.000.000) 04/02 15:13:15 Image size of job updated: 231972
	213  -  MemoryUsage of job (MB)
	217924  -  ResidentSetSize of job (KB)
...
006 (1878518.000.000) 04/02 15:38:19 Image size of job updated: 233300
	215  -  MemoryUsage of job (MB)
	219468  -  ResidentSetSize of job (KB)
...
006 (1878518.000.000) 04/02 23:24:13 Image size of job updated: 234552
	216  -  MemoryUsage of job (MB)
	220828  -  ResidentSetSize of job (KB)
...
009 (1878518.000.000) 04/02 23:52:27 Job was aborted by the user.
	Job removed by SYSTEM_PERIODIC_REMOVE due to wall time exceeded allowed max.
...
