000 (2171208.000.000) 05/09 00:45:46 Job submitted from host: <137.138.120.116:9618?addrs=137.138.120.116-9618+[2001-1458-d00-16--17b]-9618&noUDP&sock=2690491_9e79_37>
...
001 (2171208.000.000) 05/09 00:47:41 Job executing on host: <188.184.167.204:9618?addrs=188.184.167.204-9618+[--1]-9618&noUDP&sock=4670_cf5e_3>
...
006 (2171208.000.000) 05/09 00:47:50 Image size of job updated: 106280
	52  -  MemoryUsage of job (MB)
	52992  -  ResidentSetSize of job (KB)
...
006 (2171208.000.000) 05/09 00:52:51 Image size of job updated: 301680
	240  -  MemoryUsage of job (MB)
	245568  -  ResidentSetSize of job (KB)
...
006 (2171208.000.000) 05/09 01:02:52 Image size of job updated: 17401072
	2294  -  MemoryUsage of job (MB)
	2348968  -  ResidentSetSize of job (KB)
...
006 (2171208.000.000) 05/09 01:07:08 Image size of job updated: 31126836
	2296  -  MemoryUsage of job (MB)
	2350084  -  ResidentSetSize of job (KB)
...
005 (2171208.000.000) 05/09 01:07:08 Job terminated.
	(1) Normal termination (return value 137)
		Usr 0 00:10:37, Sys 0 00:02:29  -  Run Remote Usage
		Usr 0 00:00:00, Sys 0 00:00:00  -  Run Local Usage
		Usr 0 00:10:37, Sys 0 00:02:29  -  Total Remote Usage
		Usr 0 00:00:00, Sys 0 00:00:00  -  Total Local Usage
	4063792  -  Run Bytes Sent By Job
	498  -  Run Bytes Received By Job
	4063792  -  Total Bytes Sent By Job
	498  -  Total Bytes Received By Job
	Partitionable Resources :    Usage  Request Allocated 
	   Cpus                 :                 1         1 
	   Disk (KB)            :     3985        1   1566895 
	   Memory (MB)          :     2296     2000      2000 
...
