000 (2186175.000.000) 05/10 19:39:39 Job submitted from host: <137.138.120.116:9618?addrs=137.138.120.116-9618+[2001-1458-d00-16--17b]-9618&noUDP&sock=2690491_9e79_37>
...
001 (2186175.000.000) 05/10 19:42:48 Job executing on host: <188.184.167.152:9618?addrs=188.184.167.152-9618+[--1]-9618&noUDP&sock=4678_4c20_3>
...
006 (2186175.000.000) 05/10 19:42:57 Image size of job updated: 53548
	53  -  MemoryUsage of job (MB)
	53416  -  ResidentSetSize of job (KB)
...
006 (2186175.000.000) 05/10 19:47:57 Image size of job updated: 98336
	96  -  MemoryUsage of job (MB)
	98192  -  ResidentSetSize of job (KB)
...
006 (2186175.000.000) 05/10 19:52:57 Image size of job updated: 117956
	110  -  MemoryUsage of job (MB)
	112428  -  ResidentSetSize of job (KB)
...
006 (2186175.000.000) 05/10 20:07:58 Image size of job updated: 125980
	110  -  MemoryUsage of job (MB)
	112428  -  ResidentSetSize of job (KB)
...
006 (2186175.000.000) 05/10 20:12:59 Image size of job updated: 222624
	188  -  MemoryUsage of job (MB)
	192016  -  ResidentSetSize of job (KB)
...
006 (2186175.000.000) 05/10 20:43:02 Image size of job updated: 228200
	188  -  MemoryUsage of job (MB)
	192016  -  ResidentSetSize of job (KB)
...
005 (2186175.000.000) 05/10 21:45:14 Job terminated.
	(1) Normal termination (return value 0)
		Usr 0 01:20:42, Sys 0 00:02:06  -  Run Remote Usage
		Usr 0 00:00:00, Sys 0 00:00:00  -  Run Local Usage
		Usr 0 01:20:42, Sys 0 00:02:06  -  Total Remote Usage
		Usr 0 00:00:00, Sys 0 00:00:00  -  Total Local Usage
	77291  -  Run Bytes Sent By Job
	485  -  Run Bytes Received By Job
	77291  -  Total Bytes Sent By Job
	485  -  Total Bytes Received By Job
	Partitionable Resources :    Usage  Request Allocated 
	   Cpus                 :                 1         1 
	   Disk (KB)            :       92        1   1659507 
	   Memory (MB)          :      188     2000      2000 
...
