000 (2150162.000.000) 05/07 08:26:49 Job submitted from host: <137.138.120.116:9618?addrs=137.138.120.116-9618+[2001-1458-d00-16--17b]-9618&noUDP&sock=2690491_9e79_37>
...
001 (2150162.000.000) 05/07 08:29:09 Job executing on host: <188.184.180.132:9618?addrs=188.184.180.132-9618+[--1]-9618&noUDP&sock=4657_e4a3_3>
...
006 (2150162.000.000) 05/07 08:29:18 Image size of job updated: 85388
	53  -  MemoryUsage of job (MB)
	53504  -  ResidentSetSize of job (KB)
...
006 (2150162.000.000) 05/07 08:34:19 Image size of job updated: 112196
	78  -  MemoryUsage of job (MB)
	79236  -  ResidentSetSize of job (KB)
...
006 (2150162.000.000) 05/07 08:39:19 Image size of job updated: 120188
	81  -  MemoryUsage of job (MB)
	82740  -  ResidentSetSize of job (KB)
...
006 (2150162.000.000) 05/07 09:19:24 Image size of job updated: 126040
	86  -  MemoryUsage of job (MB)
	87532  -  ResidentSetSize of job (KB)
...
006 (2150162.000.000) 05/07 09:24:24 Image size of job updated: 126040
	86  -  MemoryUsage of job (MB)
	88056  -  ResidentSetSize of job (KB)
...
006 (2150162.000.000) 05/07 09:34:25 Image size of job updated: 64931358416
	203  -  MemoryUsage of job (MB)
	207268  -  ResidentSetSize of job (KB)
...
006 (2150162.000.000) 05/07 09:41:55 Image size of job updated: 64931358448
	203  -  MemoryUsage of job (MB)
	207268  -  ResidentSetSize of job (KB)
...
005 (2150162.000.000) 05/07 09:41:56 Job terminated.
	(1) Normal termination (return value 0)
		Usr 0 00:48:37, Sys 0 00:00:17  -  Run Remote Usage
		Usr 0 00:00:00, Sys 0 00:00:00  -  Run Local Usage
		Usr 0 00:48:37, Sys 0 00:00:17  -  Total Remote Usage
		Usr 0 00:00:00, Sys 0 00:00:00  -  Total Local Usage
	2636678  -  Run Bytes Sent By Job
	491  -  Run Bytes Received By Job
	2636678  -  Total Bytes Sent By Job
	491  -  Total Bytes Received By Job
	Partitionable Resources :    Usage  Request Allocated 
	   Cpus                 :                 1         1 
	   Disk (KB)            :     2591        1   1732801 
	   Memory (MB)          :      203     2000      2000 
...
