000 (1770525.000.000) 03/22 10:24:47 Job submitted from host: <137.138.120.116:9618?addrs=137.138.120.116-9618+[2001-1458-d00-16--17b]-9618&noUDP&sock=2690491_9e79_37>
...
001 (1770525.000.000) 03/22 10:30:21 Job executing on host: <188.184.201.35:9618?addrs=188.184.201.35-9618+[--1]-9618&noUDP&sock=8848_154c_3>
...
006 (1770525.000.000) 03/22 10:30:30 Image size of job updated: 11580
	11  -  MemoryUsage of job (MB)
	10920  -  ResidentSetSize of job (KB)
...
006 (1770525.000.000) 03/22 10:35:31 Image size of job updated: 158204
	154  -  MemoryUsage of job (MB)
	157544  -  ResidentSetSize of job (KB)
...
006 (1770525.000.000) 03/22 10:40:31 Image size of job updated: 158204
	154  -  MemoryUsage of job (MB)
	157568  -  ResidentSetSize of job (KB)
...
006 (1770525.000.000) 03/22 11:30:36 Image size of job updated: 160452
	156  -  MemoryUsage of job (MB)
	158816  -  ResidentSetSize of job (KB)
...
006 (1770525.000.000) 03/22 11:35:37 Image size of job updated: 166144
	162  -  MemoryUsage of job (MB)
	165888  -  ResidentSetSize of job (KB)
...
005 (1770525.000.000) 03/22 11:47:17 Job terminated.
	(1) Normal termination (return value 0)
		Usr 0 00:38:16, Sys 0 00:00:47  -  Run Remote Usage
		Usr 0 00:00:00, Sys 0 00:00:00  -  Run Local Usage
		Usr 0 00:38:16, Sys 0 00:00:47  -  Total Remote Usage
		Usr 0 00:00:00, Sys 0 00:00:00  -  Total Local Usage
	39685  -  Run Bytes Sent By Job
	353  -  Run Bytes Received By Job
	39685  -  Total Bytes Sent By Job
	353  -  Total Bytes Received By Job
	Partitionable Resources :    Usage  Request Allocated 
	   Cpus                 :                 1         1 
	   Disk (KB)            :       55        1   2005846 
	   Memory (MB)          :      162     2000      2000 
...
