000 (2665082.000.000) 06/29 00:11:30 Job submitted from host: <137.138.120.116:9618?addrs=137.138.120.116-9618+[2001-1458-d00-16--17b]-9618&noUDP&sock=4920_4a0c_3>
...
001 (2665082.000.000) 06/29 00:13:36 Job executing on host: <188.185.223.115:9618?addrs=188.185.223.115-9618+[2001-1459-301-72--100-6d]-9618&noUDP&sock=16458_65c6_3>
...
006 (2665082.000.000) 06/29 00:13:46 Image size of job updated: 145104
	138  -  MemoryUsage of job (MB)
	140564  -  ResidentSetSize of job (KB)
...
006 (2665082.000.000) 06/29 00:18:46 Image size of job updated: 305468
	245  -  MemoryUsage of job (MB)
	250700  -  ResidentSetSize of job (KB)
...
005 (2665082.000.000) 06/29 02:32:35 Job terminated.
	(1) Normal termination (return value 0)
		Usr 0 00:37:20, Sys 0 00:00:37  -  Run Remote Usage
		Usr 0 00:00:00, Sys 0 00:00:00  -  Run Local Usage
		Usr 0 00:37:20, Sys 0 00:00:37  -  Total Remote Usage
		Usr 0 00:00:00, Sys 0 00:00:00  -  Total Local Usage
	310488  -  Run Bytes Sent By Job
	470  -  Run Bytes Received By Job
	310488  -  Total Bytes Sent By Job
	470  -  Total Bytes Received By Job
	Partitionable Resources :    Usage  Request Allocated 
	   Cpus                 :                 1           
	   Disk (KB)            :      319        1   2022787 
	   Memory (MB)          :      245     2000      2000 
...
