000 (2665081.000.000) 06/28 23:59:02 Job submitted from host: <137.138.120.116:9618?addrs=137.138.120.116-9618+[2001-1458-d00-16--17b]-9618&noUDP&sock=4920_4a0c_3>
...
001 (2665081.000.000) 06/29 00:01:54 Job executing on host: <188.184.133.197:9618?addrs=188.184.133.197-9618+[2001-1458-301-a0--100-1d2]-9618&noUDP&sock=16614_668c_3>
...
006 (2665081.000.000) 06/29 00:02:03 Image size of job updated: 228772
	220  -  MemoryUsage of job (MB)
	224660  -  ResidentSetSize of job (KB)
...
006 (2665081.000.000) 06/29 00:07:04 Image size of job updated: 249520
	229  -  MemoryUsage of job (MB)
	233696  -  ResidentSetSize of job (KB)
...
006 (2665081.000.000) 06/29 00:07:05 Image size of job updated: 249520
	229  -  MemoryUsage of job (MB)
	233768  -  ResidentSetSize of job (KB)
...
004 (2665081.000.000) 06/29 00:07:05 Job was evicted.
	(0) Job was not checkpointed.
		Usr 0 00:04:13, Sys 0 00:00:05  -  Run Remote Usage
		Usr 0 00:00:00, Sys 0 00:00:00  -  Run Local Usage
	39191  -  Run Bytes Sent By Job
	470  -  Run Bytes Received By Job
	Partitionable Resources :    Usage  Request Allocated 
	   Cpus                 :                 1           
	   Disk (KB)            :       55        1   2097944 
	   Memory (MB)          :      229     2000      2000 
...
009 (2665081.000.000) 06/29 00:07:05 Job was aborted by the user.
	via condor_rm (by user arun)
...
