000 (2171170.000.000) 05/08 23:52:03 Job submitted from host: <137.138.120.116:9618?addrs=137.138.120.116-9618+[2001-1458-d00-16--17b]-9618&noUDP&sock=2690491_9e79_37>
...
001 (2171170.000.000) 05/08 23:54:40 Job executing on host: <188.184.167.98:9618?addrs=188.184.167.98-9618+[--1]-9618&noUDP&sock=4667_c096_3>
...
006 (2171170.000.000) 05/08 23:54:49 Image size of job updated: 106148
	52  -  MemoryUsage of job (MB)
	52956  -  ResidentSetSize of job (KB)
...
006 (2171170.000.000) 05/08 23:59:50 Image size of job updated: 216392
	153  -  MemoryUsage of job (MB)
	155688  -  ResidentSetSize of job (KB)
...
006 (2171170.000.000) 05/09 00:09:51 Image size of job updated: 19593776
	3999  -  MemoryUsage of job (MB)
	4094220  -  ResidentSetSize of job (KB)
...
006 (2171170.000.000) 05/09 00:14:51 Image size of job updated: 20730808
	3999  -  MemoryUsage of job (MB)
	4094220  -  ResidentSetSize of job (KB)
...
006 (2171170.000.000) 05/09 00:24:52 Image size of job updated: 20730820
	3999  -  MemoryUsage of job (MB)
	4094220  -  ResidentSetSize of job (KB)
...
005 (2171170.000.000) 05/09 00:25:59 Job terminated.
	(1) Normal termination (return value 0)
		Usr 0 00:21:22, Sys 0 00:01:17  -  Run Remote Usage
		Usr 0 00:00:00, Sys 0 00:00:00  -  Run Local Usage
		Usr 0 00:21:22, Sys 0 00:01:17  -  Total Remote Usage
		Usr 0 00:00:00, Sys 0 00:00:00  -  Total Local Usage
	6661954  -  Run Bytes Sent By Job
	498  -  Run Bytes Received By Job
	6661954  -  Total Bytes Sent By Job
	498  -  Total Bytes Received By Job
	Partitionable Resources :    Usage  Request Allocated 
	   Cpus                 :                 1         1 
	   Disk (KB)            :     6522        1   1863700 
	   Memory (MB)          :     3999     2000      2000 
...
