000 (1770595.000.000) 03/22 10:55:27 Job submitted from host: <137.138.120.116:9618?addrs=137.138.120.116-9618+[2001-1458-d00-16--17b]-9618&noUDP&sock=2690491_9e79_37>
...
001 (1770595.000.000) 03/22 11:05:32 Job executing on host: <188.185.154.77:9618?addrs=188.185.154.77-9618+[--1]-9618&noUDP&sock=3131_c124_21>
...
006 (1770595.000.000) 03/22 11:05:41 Image size of job updated: 5576
	4  -  MemoryUsage of job (MB)
	3524  -  ResidentSetSize of job (KB)
...
006 (1770595.000.000) 03/22 11:10:42 Image size of job updated: 160480
	143  -  MemoryUsage of job (MB)
	146360  -  ResidentSetSize of job (KB)
...
006 (1770595.000.000) 03/22 11:20:43 Image size of job updated: 165760
	157  -  MemoryUsage of job (MB)
	160360  -  ResidentSetSize of job (KB)
...
006 (1770595.000.000) 03/22 11:40:46 Image size of job updated: 169776
	161  -  MemoryUsage of job (MB)
	164316  -  ResidentSetSize of job (KB)
...
006 (1770595.000.000) 03/22 12:35:52 Image size of job updated: 171348
	162  -  MemoryUsage of job (MB)
	165888  -  ResidentSetSize of job (KB)
...
006 (1770595.000.000) 03/22 13:05:56 Image size of job updated: 176124
	167  -  MemoryUsage of job (MB)
	170664  -  ResidentSetSize of job (KB)
...
006 (1770595.000.000) 03/22 15:31:12 Image size of job updated: 181216
	172  -  MemoryUsage of job (MB)
	175756  -  ResidentSetSize of job (KB)
...
006 (1770595.000.000) 03/22 17:05:14 Image size of job updated: 183048
	172  -  MemoryUsage of job (MB)
	175756  -  ResidentSetSize of job (KB)
...
005 (1770595.000.000) 03/22 17:05:14 Job terminated.
	(1) Normal termination (return value 0)
		Usr 0 01:05:50, Sys 0 00:02:26  -  Run Remote Usage
		Usr 0 00:00:00, Sys 0 00:00:00  -  Run Local Usage
		Usr 0 01:05:50, Sys 0 00:02:26  -  Total Remote Usage
		Usr 0 00:00:00, Sys 0 00:00:00  -  Total Local Usage
	50819  -  Run Bytes Sent By Job
	359  -  Run Bytes Received By Job
	50819  -  Total Bytes Sent By Job
	359  -  Total Bytes Received By Job
	Partitionable Resources :    Usage  Request Allocated 
	   Cpus                 :                 1         1 
	   Disk (KB)            :       66        1   1829455 
	   Memory (MB)          :      172     2000      2000 
...
