000 (2168216.000.000) 05/08 20:52:15 Job submitted from host: <137.138.120.116:9618?addrs=137.138.120.116-9618+[2001-1458-d00-16--17b]-9618&noUDP&sock=2690491_9e79_37>
...
001 (2168216.000.000) 05/08 20:56:00 Job executing on host: <188.185.206.50:9618?addrs=188.185.206.50-9618+[2001-1459-301-65--100-2c]-9618&noUDP&sock=4116_cfe7_3>
...
006 (2168216.000.000) 05/08 20:56:09 Image size of job updated: 7416
	5  -  MemoryUsage of job (MB)
	4544  -  ResidentSetSize of job (KB)
...
006 (2168216.000.000) 05/08 21:01:10 Image size of job updated: 106452
	52  -  MemoryUsage of job (MB)
	53136  -  ResidentSetSize of job (KB)
...
006 (2168216.000.000) 05/08 21:06:10 Image size of job updated: 186724
	155  -  MemoryUsage of job (MB)
	157876  -  ResidentSetSize of job (KB)
...
006 (2168216.000.000) 05/08 22:37:02 Image size of job updated: 227560
	155  -  MemoryUsage of job (MB)
	157876  -  ResidentSetSize of job (KB)
...
005 (2168216.000.000) 05/08 22:37:03 Job terminated.
	(1) Normal termination (return value 0)
		Usr 0 00:21:49, Sys 0 00:00:24  -  Run Remote Usage
		Usr 0 00:00:00, Sys 0 00:00:00  -  Run Local Usage
		Usr 0 00:21:49, Sys 0 00:00:24  -  Total Remote Usage
		Usr 0 00:00:00, Sys 0 00:00:00  -  Total Local Usage
	21759  -  Run Bytes Sent By Job
	492  -  Run Bytes Received By Job
	21759  -  Total Bytes Sent By Job
	492  -  Total Bytes Received By Job
	Partitionable Resources :    Usage  Request Allocated 
	   Cpus                 :                 1         1 
	   Disk (KB)            :       37        1   1915612 
	   Memory (MB)          :      155     2000      2000 
...
