000 (2665170.000.000) 06/29 01:19:13 Job submitted from host: <137.138.120.116:9618?addrs=137.138.120.116-9618+[2001-1458-d00-16--17b]-9618&noUDP&sock=4920_4a0c_3>
...
001 (2665170.000.000) 06/29 21:18:47 Job executing on host: <188.185.162.57:9618?addrs=188.185.162.57-9618+[2001-1459-301-4a--100-33]-9618&noUDP&sock=22159_cf32_3>
...
006 (2665170.000.000) 06/29 21:18:55 Image size of job updated: 328
	1  -  MemoryUsage of job (MB)
	328  -  ResidentSetSize of job (KB)
...
006 (2665170.000.000) 06/29 21:23:55 Image size of job updated: 74040
	35  -  MemoryUsage of job (MB)
	35420  -  ResidentSetSize of job (KB)
...
006 (2665170.000.000) 06/29 21:28:57 Image size of job updated: 291676
	232  -  MemoryUsage of job (MB)
	237060  -  ResidentSetSize of job (KB)
...
006 (2665170.000.000) 06/29 21:53:59 Image size of job updated: 291676
	234  -  MemoryUsage of job (MB)
	238640  -  ResidentSetSize of job (KB)
...
006 (2665170.000.000) 06/29 22:34:05 Image size of job updated: 291676
	237  -  MemoryUsage of job (MB)
	242460  -  ResidentSetSize of job (KB)
...
006 (2665170.000.000) 06/29 22:39:05 Image size of job updated: 291676
	239  -  MemoryUsage of job (MB)
	244708  -  ResidentSetSize of job (KB)
...
006 (2665170.000.000) 06/29 22:44:06 Image size of job updated: 291676
	244  -  MemoryUsage of job (MB)
	248960  -  ResidentSetSize of job (KB)
...
006 (2665170.000.000) 06/30 00:09:14 Image size of job updated: 291676
	244  -  MemoryUsage of job (MB)
	249216  -  ResidentSetSize of job (KB)
...
006 (2665170.000.000) 06/30 00:27:12 Image size of job updated: 705756
	244  -  MemoryUsage of job (MB)
	249216  -  ResidentSetSize of job (KB)
...
005 (2665170.000.000) 06/30 00:27:13 Job terminated.
	(1) Normal termination (return value 0)
		Usr 0 00:29:26, Sys 0 00:00:38  -  Run Remote Usage
		Usr 0 00:00:00, Sys 0 00:00:00  -  Run Local Usage
		Usr 0 00:29:26, Sys 0 00:00:38  -  Total Remote Usage
		Usr 0 00:00:00, Sys 0 00:00:00  -  Total Local Usage
	379408  -  Run Bytes Sent By Job
	484  -  Run Bytes Received By Job
	379408  -  Total Bytes Sent By Job
	484  -  Total Bytes Received By Job
	Partitionable Resources :    Usage  Request Allocated 
	   Cpus                 :                 1           
	   Disk (KB)            :      387        1   1218254 
	   Memory (MB)          :      244     2000      2000 
...
