000 (2274341.000.000) 05/18 01:26:15 Job submitted from host: <137.138.120.116:9618?addrs=137.138.120.116-9618+[2001-1458-d00-16--17b]-9618&noUDP&sock=4920_4a0c_3>
...
001 (2274341.000.000) 05/18 01:29:41 Job executing on host: <188.184.190.146:9618?addrs=188.184.190.146-9618+[2001-1458-301-4b--100-94]-9618&noUDP&sock=5610_9265_3>
...
006 (2274341.000.000) 05/18 01:29:50 Image size of job updated: 106620
	53  -  MemoryUsage of job (MB)
	53432  -  ResidentSetSize of job (KB)
...
006 (2274341.000.000) 05/18 01:34:51 Image size of job updated: 160732
	104  -  MemoryUsage of job (MB)
	106128  -  ResidentSetSize of job (KB)
...
006 (2274341.000.000) 05/18 01:44:52 Image size of job updated: 207124
	149  -  MemoryUsage of job (MB)
	152520  -  ResidentSetSize of job (KB)
...
006 (2274341.000.000) 05/18 01:49:52 Image size of job updated: 207124
	150  -  MemoryUsage of job (MB)
	153168  -  ResidentSetSize of job (KB)
...
006 (2274341.000.000) 05/18 01:59:53 Image size of job updated: 255348
	215  -  MemoryUsage of job (MB)
	219428  -  ResidentSetSize of job (KB)
...
006 (2274341.000.000) 05/18 02:29:56 Image size of job updated: 257680
	215  -  MemoryUsage of job (MB)
	219428  -  ResidentSetSize of job (KB)
...
006 (2274341.000.000) 05/18 03:40:22 Image size of job updated: 583820
	215  -  MemoryUsage of job (MB)
	219428  -  ResidentSetSize of job (KB)
...
005 (2274341.000.000) 05/18 03:40:23 Job terminated.
	(1) Normal termination (return value 0)
		Usr 0 01:35:43, Sys 0 00:02:52  -  Run Remote Usage
		Usr 0 00:00:00, Sys 0 00:00:00  -  Run Local Usage
		Usr 0 01:35:43, Sys 0 00:02:52  -  Total Remote Usage
		Usr 0 00:00:00, Sys 0 00:00:00  -  Total Local Usage
	110348  -  Run Bytes Sent By Job
	638  -  Run Bytes Received By Job
	110348  -  Total Bytes Sent By Job
	638  -  Total Bytes Received By Job
	Partitionable Resources :    Usage  Request Allocated 
	   Cpus                 :                 1         1 
	   Disk (KB)            :      124        1   3150936 
	   Memory (MB)          :      215     2000      2000 
...
