000 (2669429.000.000) 07/01 09:15:18 Job submitted from host: <137.138.120.116:9618?addrs=137.138.120.116-9618+[2001-1458-d00-16--17b]-9618&noUDP&sock=4920_4a0c_3>
...
001 (2669429.000.000) 07/01 10:06:25 Job executing on host: <188.184.132.157:9618?addrs=188.184.132.157-9618+[2001-1458-301-a0--100-a3]-9618&noUDP&sock=16548_214c_3>
...
006 (2669429.000.000) 07/01 10:06:33 Image size of job updated: 171544
	115  -  MemoryUsage of job (MB)
	116800  -  ResidentSetSize of job (KB)
...
006 (2669429.000.000) 07/01 10:16:34 Image size of job updated: 171544
	125  -  MemoryUsage of job (MB)
	127860  -  ResidentSetSize of job (KB)
...
006 (2669429.000.000) 07/01 10:21:35 Image size of job updated: 264892
	209  -  MemoryUsage of job (MB)
	213260  -  ResidentSetSize of job (KB)
...
006 (2669429.000.000) 07/01 10:26:35 Image size of job updated: 270796
	209  -  MemoryUsage of job (MB)
	213260  -  ResidentSetSize of job (KB)
...
006 (2669429.000.000) 07/01 10:36:36 Image size of job updated: 275140
	209  -  MemoryUsage of job (MB)
	213260  -  ResidentSetSize of job (KB)
...
006 (2669429.000.000) 07/01 11:16:38 Image size of job updated: 324208
	245  -  MemoryUsage of job (MB)
	250864  -  ResidentSetSize of job (KB)
...
006 (2669429.000.000) 07/01 11:36:40 Image size of job updated: 324208
	247  -  MemoryUsage of job (MB)
	252508  -  ResidentSetSize of job (KB)
...
006 (2669429.000.000) 07/01 12:01:43 Image size of job updated: 324208
	248  -  MemoryUsage of job (MB)
	253632  -  ResidentSetSize of job (KB)
...
006 (2669429.000.000) 07/01 12:06:44 Image size of job updated: 324208
	248  -  MemoryUsage of job (MB)
	253636  -  ResidentSetSize of job (KB)
...
006 (2669429.000.000) 07/01 12:21:46 Image size of job updated: 326364
	250  -  MemoryUsage of job (MB)
	255572  -  ResidentSetSize of job (KB)
...
006 (2669429.000.000) 07/01 12:31:47 Image size of job updated: 326748
	250  -  MemoryUsage of job (MB)
	255976  -  ResidentSetSize of job (KB)
...
005 (2669429.000.000) 07/01 15:14:12 Job terminated.
	(1) Normal termination (return value 0)
		Usr 0 03:49:52, Sys 0 00:02:21  -  Run Remote Usage
		Usr 0 00:00:00, Sys 0 00:00:00  -  Run Local Usage
		Usr 0 03:49:52, Sys 0 00:02:21  -  Total Remote Usage
		Usr 0 00:00:00, Sys 0 00:00:00  -  Total Local Usage
	1897004  -  Run Bytes Sent By Job
	484  -  Run Bytes Received By Job
	1897004  -  Total Bytes Sent By Job
	484  -  Total Bytes Received By Job
	Partitionable Resources :    Usage  Request Allocated 
	   Cpus                 :                 1           
	   Disk (KB)            :     1869        1   1980286 
	   Memory (MB)          :      250     2000      2000 
...
