000 (2186193.000.000) 05/10 21:58:13 Job submitted from host: <137.138.120.116:9618?addrs=137.138.120.116-9618+[2001-1458-d00-16--17b]-9618&noUDP&sock=2690491_9e79_37>
...
001 (2186193.000.000) 05/10 22:00:43 Job executing on host: <128.142.101.113:9618?addrs=128.142.101.113-9618+[2001-1458-301-89--100-1a1]-9618&noUDP&sock=17634_0926_3>
...
006 (2186193.000.000) 05/10 22:00:51 Image size of job updated: 106704
	53  -  MemoryUsage of job (MB)
	53432  -  ResidentSetSize of job (KB)
...
006 (2186193.000.000) 05/10 22:05:51 Image size of job updated: 296948
	216  -  MemoryUsage of job (MB)
	220416  -  ResidentSetSize of job (KB)
...
005 (2186193.000.000) 05/10 23:35:49 Job terminated.
	(1) Normal termination (return value 0)
		Usr 0 01:09:30, Sys 0 00:02:58  -  Run Remote Usage
		Usr 0 00:00:00, Sys 0 00:00:00  -  Run Local Usage
		Usr 0 01:09:30, Sys 0 00:02:58  -  Total Remote Usage
		Usr 0 00:00:00, Sys 0 00:00:00  -  Total Local Usage
	110348  -  Run Bytes Sent By Job
	486  -  Run Bytes Received By Job
	110348  -  Total Bytes Sent By Job
	486  -  Total Bytes Received By Job
	Partitionable Resources :    Usage  Request Allocated 
	   Cpus                 :                 1         1 
	   Disk (KB)            :      124        1   1035155 
	   Memory (MB)          :      216     2000      2000 
...
