000 (2156228.000.000) 05/08 08:30:23 Job submitted from host: <137.138.120.116:9618?addrs=137.138.120.116-9618+[2001-1458-d00-16--17b]-9618&noUDP&sock=2690491_9e79_37>
...
001 (2156228.000.000) 05/08 08:35:28 Job executing on host: <188.185.163.0:9618?addrs=188.185.163.0-9618+[2001-1459-301-4a--100-fa]-9618&noUDP&sock=19740_939a_3>
...
006 (2156228.000.000) 05/08 08:35:38 Image size of job updated: 1376
	2  -  MemoryUsage of job (MB)
	1084  -  ResidentSetSize of job (KB)
...
006 (2156228.000.000) 05/08 08:40:38 Image size of job updated: 107820
	54  -  MemoryUsage of job (MB)
	54532  -  ResidentSetSize of job (KB)
...
006 (2156228.000.000) 05/08 08:45:38 Image size of job updated: 108016
	54  -  MemoryUsage of job (MB)
	54728  -  ResidentSetSize of job (KB)
...
006 (2156228.000.000) 05/08 08:50:39 Image size of job updated: 108016
	54  -  MemoryUsage of job (MB)
	54956  -  ResidentSetSize of job (KB)
...
006 (2156228.000.000) 05/08 08:55:39 Image size of job updated: 108016
	54  -  MemoryUsage of job (MB)
	55156  -  ResidentSetSize of job (KB)
...
006 (2156228.000.000) 05/08 09:00:39 Image size of job updated: 108016
	55  -  MemoryUsage of job (MB)
	55408  -  ResidentSetSize of job (KB)
...
006 (2156228.000.000) 05/08 09:05:40 Image size of job updated: 108016
	55  -  MemoryUsage of job (MB)
	55568  -  ResidentSetSize of job (KB)
...
006 (2156228.000.000) 05/08 09:10:40 Image size of job updated: 108016
	55  -  MemoryUsage of job (MB)
	55676  -  ResidentSetSize of job (KB)
...
006 (2156228.000.000) 05/08 09:15:41 Image size of job updated: 108016
	55  -  MemoryUsage of job (MB)
	55764  -  ResidentSetSize of job (KB)
...
006 (2156228.000.000) 05/08 09:20:42 Image size of job updated: 164328
	150  -  MemoryUsage of job (MB)
	152624  -  ResidentSetSize of job (KB)
...
006 (2156228.000.000) 05/08 09:25:42 Image size of job updated: 167056
	152  -  MemoryUsage of job (MB)
	155564  -  ResidentSetSize of job (KB)
...
006 (2156228.000.000) 05/08 09:30:43 Image size of job updated: 168156
	153  -  MemoryUsage of job (MB)
	156664  -  ResidentSetSize of job (KB)
...
006 (2156228.000.000) 05/08 09:35:43 Image size of job updated: 189888
	175  -  MemoryUsage of job (MB)
	178396  -  ResidentSetSize of job (KB)
...
006 (2156228.000.000) 05/08 09:40:44 Image size of job updated: 252876
	236  -  MemoryUsage of job (MB)
	241384  -  ResidentSetSize of job (KB)
...
006 (2156228.000.000) 05/08 16:03:54 Image size of job updated: 4718303788
	259  -  MemoryUsage of job (MB)
	264972  -  ResidentSetSize of job (KB)
...
005 (2156228.000.000) 05/08 18:40:58 Job terminated.
	(1) Normal termination (return value 134)
		Usr 0 01:07:32, Sys 0 00:29:18  -  Run Remote Usage
		Usr 0 00:00:00, Sys 0 00:00:00  -  Run Local Usage
		Usr 0 01:07:32, Sys 0 00:29:18  -  Total Remote Usage
		Usr 0 00:00:00, Sys 0 00:00:00  -  Total Local Usage
	4825424  -  Run Bytes Sent By Job
	489  -  Run Bytes Received By Job
	4825424  -  Total Bytes Sent By Job
	489  -  Total Bytes Received By Job
	Partitionable Resources :    Usage  Request Allocated 
	   Cpus                 :                 1         1 
	   Disk (KB)            :     4729        1   1292579 
	   Memory (MB)          :      259     2000      2000 
...
