000 (2172774.000.000) 05/09 10:03:49 Job submitted from host: <137.138.120.116:9618?addrs=137.138.120.116-9618+[2001-1458-d00-16--17b]-9618&noUDP&sock=2690491_9e79_37>
...
001 (2172774.000.000) 05/09 10:14:03 Job executing on host: <188.184.180.114:9618?addrs=188.184.180.114-9618+[--1]-9618&noUDP&sock=4682_0a81_3>
...
006 (2172774.000.000) 05/09 10:14:12 Image size of job updated: 98968
	52  -  MemoryUsage of job (MB)
	53008  -  ResidentSetSize of job (KB)
...
006 (2172774.000.000) 05/09 10:19:13 Image size of job updated: 221580
	171  -  MemoryUsage of job (MB)
	174524  -  ResidentSetSize of job (KB)
...
006 (2172774.000.000) 05/09 10:54:15 Image size of job updated: 257704
	190  -  MemoryUsage of job (MB)
	193948  -  ResidentSetSize of job (KB)
...
006 (2172774.000.000) 05/09 11:04:16 Image size of job updated: 262380
	194  -  MemoryUsage of job (MB)
	197652  -  ResidentSetSize of job (KB)
...
006 (2172774.000.000) 05/09 11:24:18 Image size of job updated: 20327816
	2089  -  MemoryUsage of job (MB)
	2138908  -  ResidentSetSize of job (KB)
...
006 (2172774.000.000) 05/09 11:24:32 Image size of job updated: 20330084
	2089  -  MemoryUsage of job (MB)
	2139004  -  ResidentSetSize of job (KB)
...
005 (2172774.000.000) 05/09 11:24:35 Job terminated.
	(1) Normal termination (return value 0)
		Usr 0 00:41:57, Sys 0 00:01:53  -  Run Remote Usage
		Usr 0 00:00:00, Sys 0 00:00:00  -  Run Local Usage
		Usr 0 00:41:57, Sys 0 00:01:53  -  Total Remote Usage
		Usr 0 00:00:00, Sys 0 00:00:00  -  Total Local Usage
	6244997  -  Run Bytes Sent By Job
	498  -  Run Bytes Received By Job
	6244997  -  Total Bytes Sent By Job
	498  -  Total Bytes Received By Job
	Partitionable Resources :    Usage  Request Allocated 
	   Cpus                 :                 1         1 
	   Disk (KB)            :     6115        1   1165306 
	   Memory (MB)          :     2089     2000      2000 
...
