000 (2266579.000.000) 05/17 10:54:44 Job submitted from host: <137.138.120.116:9618?addrs=137.138.120.116-9618+[2001-1458-d00-16--17b]-9618&noUDP&sock=4920_4a0c_3>
...
001 (2266579.000.000) 05/17 10:57:38 Job executing on host: <128.142.139.72:9618?addrs=128.142.139.72-9618+[2001-1458-301-f2--100-4f]-9618&noUDP&sock=4123_9d10_3>
...
006 (2266579.000.000) 05/17 10:57:48 Image size of job updated: 428
	1  -  MemoryUsage of job (MB)
	428  -  ResidentSetSize of job (KB)
...
006 (2266579.000.000) 05/17 11:02:48 Image size of job updated: 107084
	53  -  MemoryUsage of job (MB)
	53764  -  ResidentSetSize of job (KB)
...
006 (2266579.000.000) 05/17 11:07:50 Image size of job updated: 107084
	54  -  MemoryUsage of job (MB)
	54400  -  ResidentSetSize of job (KB)
...
006 (2266579.000.000) 05/17 11:12:49 Image size of job updated: 185296
	152  -  MemoryUsage of job (MB)
	155608  -  ResidentSetSize of job (KB)
...
006 (2266579.000.000) 05/17 11:17:49 Image size of job updated: 271672
	239  -  MemoryUsage of job (MB)
	244612  -  ResidentSetSize of job (KB)
...
005 (2266579.000.000) 05/17 15:55:09 Job terminated.
	(1) Normal termination (return value 0)
		Usr 0 03:08:05, Sys 0 00:03:28  -  Run Remote Usage
		Usr 0 00:00:00, Sys 0 00:00:00  -  Run Local Usage
		Usr 0 03:08:05, Sys 0 00:03:28  -  Total Remote Usage
		Usr 0 00:00:00, Sys 0 00:00:00  -  Total Local Usage
	108983  -  Run Bytes Sent By Job
	638  -  Run Bytes Received By Job
	108983  -  Total Bytes Sent By Job
	638  -  Total Bytes Received By Job
	Partitionable Resources :    Usage  Request Allocated 
	   Cpus                 :                 1         1 
	   Disk (KB)            :      123        1   1900371 
	   Memory (MB)          :      239     2000      2000 
...
