000 (3161759.000.000) 09/12 11:13:40 Job submitted from host: <137.138.120.116:9618?addrs=137.138.120.116-9618+[2001-1458-d00-16--17b]-9618&alias=bigbird12.cern.ch&noUDP&sock=schedd_3291_ee45_3>
...
040 (3161759.000.000) 09/12 11:38:27 Started transferring input files
	Transferring to host: <188.185.250.78:9618?addrs=188.185.250.78-9618+[2001-1459-301-8d--100-48]-9618&noUDP&sock=17325_c79a_48273>
...
040 (3161759.000.000) 09/12 11:38:27 Finished transferring input files
...
001 (3161759.000.000) 09/12 11:38:28 Job executing on host: <188.185.250.78:9618?addrs=188.185.250.78-9618+[2001-1459-301-8d--100-48]-9618&noUDP&sock=17243_d79e_3>
...
006 (3161759.000.000) 09/12 11:38:36 Image size of job updated: 840
	1  -  MemoryUsage of job (MB)
	840  -  ResidentSetSize of job (KB)
...
006 (3161759.000.000) 09/12 11:43:36 Image size of job updated: 110924
	62  -  MemoryUsage of job (MB)
	63144  -  ResidentSetSize of job (KB)
...
006 (3161759.000.000) 09/12 11:48:37 Image size of job updated: 255036
	198  -  MemoryUsage of job (MB)
	201836  -  ResidentSetSize of job (KB)
...
006 (3161759.000.000) 09/12 11:53:37 Image size of job updated: 255036
	199  -  MemoryUsage of job (MB)
	203208  -  ResidentSetSize of job (KB)
...
006 (3161759.000.000) 09/12 12:08:46 Image size of job updated: 255036
	205  -  MemoryUsage of job (MB)
	209340  -  ResidentSetSize of job (KB)
...
006 (3161759.000.000) 09/12 14:33:55 Image size of job updated: 255036
	206  -  MemoryUsage of job (MB)
	210244  -  ResidentSetSize of job (KB)
...
040 (3161759.000.000) 09/12 21:02:02 Started transferring output files
...
040 (3161759.000.000) 09/12 21:02:29 Finished transferring output files
...
005 (3161759.000.000) 09/12 21:02:29 Job terminated.
	(1) Normal termination (return value 0)
		Usr 0 02:07:14, Sys 0 00:02:42  -  Run Remote Usage
		Usr 0 00:00:00, Sys 0 00:00:00  -  Run Local Usage
		Usr 0 02:07:14, Sys 0 00:02:42  -  Total Remote Usage
		Usr 0 00:00:00, Sys 0 00:00:00  -  Total Local Usage
	1552404  -  Run Bytes Sent By Job
	587  -  Run Bytes Received By Job
	1552404  -  Total Bytes Sent By Job
	587  -  Total Bytes Received By Job
	Partitionable Resources :    Usage  Request Allocated 
	   Cpus                 :                 1           
	   Disk (KB)            :     1533        1   3929701 
	   Memory (MB)          :      206     2000      2000 
...
