000 (2665083.000.000) 06/29 00:57:04 Job submitted from host: <137.138.120.116:9618?addrs=137.138.120.116-9618+[2001-1458-d00-16--17b]-9618&noUDP&sock=4920_4a0c_3>
...
001 (2665083.000.000) 06/29 01:00:29 Job executing on host: <188.185.163.86:9618?addrs=188.185.163.86-9618+[2001-1459-301-4a--100-150]-9618&noUDP&sock=19899_a329_3>
...
006 (2665083.000.000) 06/29 01:00:38 Image size of job updated: 548
	1  -  MemoryUsage of job (MB)
	548  -  ResidentSetSize of job (KB)
...
006 (2665083.000.000) 06/29 01:05:38 Image size of job updated: 200836
	143  -  MemoryUsage of job (MB)
	146116  -  ResidentSetSize of job (KB)
...
006 (2665083.000.000) 06/29 01:15:40 Image size of job updated: 264752
	233  -  MemoryUsage of job (MB)
	238228  -  ResidentSetSize of job (KB)
...
006 (2665083.000.000) 06/29 01:25:39 Image size of job updated: 271756
	240  -  MemoryUsage of job (MB)
	245232  -  ResidentSetSize of job (KB)
...
006 (2665083.000.000) 06/29 01:40:42 Image size of job updated: 272240
	240  -  MemoryUsage of job (MB)
	245232  -  ResidentSetSize of job (KB)
...
006 (2665083.000.000) 06/29 01:50:41 Image size of job updated: 273368
	240  -  MemoryUsage of job (MB)
	245232  -  ResidentSetSize of job (KB)
...
005 (2665083.000.000) 06/29 05:04:54 Job terminated.
	(1) Normal termination (return value 0)
		Usr 0 00:56:14, Sys 0 00:01:20  -  Run Remote Usage
		Usr 0 00:00:00, Sys 0 00:00:00  -  Run Local Usage
		Usr 0 00:56:14, Sys 0 00:01:20  -  Total Remote Usage
		Usr 0 00:00:00, Sys 0 00:00:00  -  Total Local Usage
	741925  -  Run Bytes Sent By Job
	476  -  Run Bytes Received By Job
	741925  -  Total Bytes Sent By Job
	476  -  Total Bytes Received By Job
	Partitionable Resources :    Usage  Request Allocated 
	   Cpus                 :                 1           
	   Disk (KB)            :      741        1    385914 
	   Memory (MB)          :      240     2000      2000 
...
